[ 2015-04-26T19:25:16+08:00 ] ::1 /chemical_manage/
INFO: [ app_init ] --START--
INFO: Run Behavior\BuildLiteBehavior [ RunTime:0.000000s ]
INFO: [ app_init ] --END-- [ RunTime:0.001000s ]
INFO: [ app_begin ] --START--
INFO: Run Behavior\ReadHtmlCacheBehavior [ RunTime:0.002000s ]
INFO: [ app_begin ] --END-- [ RunTime:0.002000s ]
ERR: SQLSTATE[42S02]: Base table or view not found: 1146 Table 'environment.chemical_basic' doesn't exist

[ 2015-04-26T20:00:35+08:00 ] ::1 /chemical_manage/
INFO: [ app_init ] --START--
INFO: Run Behavior\BuildLiteBehavior [ RunTime:0.000000s ]
INFO: [ app_init ] --END-- [ RunTime:0.001000s ]
INFO: [ app_begin ] --START--
INFO: Run Behavior\ReadHtmlCacheBehavior [ RunTime:0.001000s ]
INFO: [ app_begin ] --END-- [ RunTime:0.001000s ]
ERR: SQLSTATE[42S02]: Base table or view not found: 1146 Table 'environment.chemical_basic' doesn't exist

[ 2015-04-26T20:13:29+08:00 ] ::1 /chemical_manage/
INFO: [ app_init ] --START--
INFO: Run Behavior\BuildLiteBehavior [ RunTime:0.000000s ]
INFO: [ app_init ] --END-- [ RunTime:0.001001s ]
INFO: [ app_begin ] --START--
INFO: Run Behavior\ReadHtmlCacheBehavior [ RunTime:0.001000s ]
INFO: [ app_begin ] --END-- [ RunTime:0.001000s ]
ERR: SQLSTATE[42S02]: Base table or view not found: 1146 Table 'environment.chemical_basic' doesn't exist

[ 2015-04-26T20:23:21+08:00 ] ::1 /chemical_manage/
INFO: [ app_init ] --START--
INFO: Run Behavior\BuildLiteBehavior [ RunTime:0.000000s ]
INFO: [ app_init ] --END-- [ RunTime:0.001000s ]
INFO: [ app_begin ] --START--
INFO: Run Behavior\ReadHtmlCacheBehavior [ RunTime:0.001000s ]
INFO: [ app_begin ] --END-- [ RunTime:0.001000s ]
SQL: SHOW COLUMNS FROM `chemicals` [ RunTime:0.0350s ]
SQL: SHOW COLUMNS FROM `chemicals` [ RunTime:0.0090s ]
ERR: SQLSTATE[42S02]: Base table or view not found: 1146 Table 'environment.danger_level' doesn't exist

[ 2015-04-26T20:23:23+08:00 ] ::1 /chemical_manage/
INFO: [ app_init ] --START--
INFO: Run Behavior\BuildLiteBehavior [ RunTime:0.001000s ]
INFO: [ app_init ] --END-- [ RunTime:0.001000s ]
INFO: [ app_begin ] --START--
INFO: Run Behavior\ReadHtmlCacheBehavior [ RunTime:0.001000s ]
INFO: [ app_begin ] --END-- [ RunTime:0.001000s ]
SQL: SHOW COLUMNS FROM `chemicals` [ RunTime:0.0090s ]
SQL: SHOW COLUMNS FROM `chemicals` [ RunTime:0.0080s ]
ERR: SQLSTATE[42S02]: Base table or view not found: 1146 Table 'environment.danger_level' doesn't exist

[ 2015-04-26T20:23:24+08:00 ] ::1 /chemical_manage/
INFO: [ app_init ] --START--
INFO: Run Behavior\BuildLiteBehavior [ RunTime:0.000000s ]
INFO: [ app_init ] --END-- [ RunTime:0.001000s ]
INFO: [ app_begin ] --START--
INFO: Run Behavior\ReadHtmlCacheBehavior [ RunTime:0.001000s ]
INFO: [ app_begin ] --END-- [ RunTime:0.001000s ]
SQL: SHOW COLUMNS FROM `chemicals` [ RunTime:0.0070s ]
SQL: SHOW COLUMNS FROM `chemicals` [ RunTime:0.0060s ]
ERR: SQLSTATE[42S02]: Base table or view not found: 1146 Table 'environment.danger_level' doesn't exist

[ 2015-04-26T20:23:25+08:00 ] ::1 /chemical_manage/
INFO: [ app_init ] --START--
INFO: Run Behavior\BuildLiteBehavior [ RunTime:0.001000s ]
INFO: [ app_init ] --END-- [ RunTime:0.001000s ]
INFO: [ app_begin ] --START--
INFO: Run Behavior\ReadHtmlCacheBehavior [ RunTime:0.001000s ]
INFO: [ app_begin ] --END-- [ RunTime:0.001000s ]
SQL: SHOW COLUMNS FROM `chemicals` [ RunTime:0.0080s ]
SQL: SHOW COLUMNS FROM `chemicals` [ RunTime:0.0100s ]
ERR: SQLSTATE[42S02]: Base table or view not found: 1146 Table 'environment.danger_level' doesn't exist

[ 2015-04-26T20:23:25+08:00 ] ::1 /chemical_manage/
INFO: [ app_init ] --START--
INFO: Run Behavior\BuildLiteBehavior [ RunTime:0.000000s ]
INFO: [ app_init ] --END-- [ RunTime:0.001000s ]
INFO: [ app_begin ] --START--
INFO: Run Behavior\ReadHtmlCacheBehavior [ RunTime:0.000000s ]
INFO: [ app_begin ] --END-- [ RunTime:0.000000s ]
SQL: SHOW COLUMNS FROM `chemicals` [ RunTime:0.0040s ]
SQL: SHOW COLUMNS FROM `chemicals` [ RunTime:0.0030s ]
ERR: SQLSTATE[42S02]: Base table or view not found: 1146 Table 'environment.danger_level' doesn't exist

[ 2015-04-26T20:23:25+08:00 ] ::1 /chemical_manage/
INFO: [ app_init ] --START--
INFO: Run Behavior\BuildLiteBehavior [ RunTime:0.000000s ]
INFO: [ app_init ] --END-- [ RunTime:0.000000s ]
INFO: [ app_begin ] --START--
INFO: Run Behavior\ReadHtmlCacheBehavior [ RunTime:0.001000s ]
INFO: [ app_begin ] --END-- [ RunTime:0.001000s ]
SQL: SHOW COLUMNS FROM `chemicals` [ RunTime:0.0070s ]
SQL: SHOW COLUMNS FROM `chemicals` [ RunTime:0.0060s ]
ERR: SQLSTATE[42S02]: Base table or view not found: 1146 Table 'environment.danger_level' doesn't exist

[ 2015-04-26T20:23:25+08:00 ] ::1 /chemical_manage/
INFO: [ app_init ] --START--
INFO: Run Behavior\BuildLiteBehavior [ RunTime:0.000000s ]
INFO: [ app_init ] --END-- [ RunTime:0.001000s ]
INFO: [ app_begin ] --START--
INFO: Run Behavior\ReadHtmlCacheBehavior [ RunTime:0.001000s ]
INFO: [ app_begin ] --END-- [ RunTime:0.001000s ]
SQL: SHOW COLUMNS FROM `chemicals` [ RunTime:0.0040s ]
SQL: SHOW COLUMNS FROM `chemicals` [ RunTime:0.0040s ]
ERR: SQLSTATE[42S02]: Base table or view not found: 1146 Table 'environment.danger_level' doesn't exist

[ 2015-04-26T20:24:43+08:00 ] ::1 /chemical_manage/
INFO: [ app_init ] --START--
INFO: Run Behavior\BuildLiteBehavior [ RunTime:0.000000s ]
INFO: [ app_init ] --END-- [ RunTime:0.001000s ]
INFO: [ app_begin ] --START--
INFO: Run Behavior\ReadHtmlCacheBehavior [ RunTime:0.000000s ]
INFO: [ app_begin ] --END-- [ RunTime:0.000000s ]
SQL: SHOW COLUMNS FROM `chemicals` [ RunTime:0.0060s ]
SQL: SHOW COLUMNS FROM `chemicals` [ RunTime:0.0050s ]
SQL: SHOW COLUMNS FROM `chemicals` [ RunTime:0.0040s ]
SQL: SHOW COLUMNS FROM `chemicals` [ RunTime:0.0050s ]
SQL: SHOW COLUMNS FROM `chemicals` [ RunTime:0.0040s ]
ERR: SQLSTATE[42S02]: Base table or view not found: 1146 Table 'environment.chemical_refer' doesn't exist

[ 2015-04-26T21:07:24+08:00 ] ::1 /chemical_manage/
INFO: [ app_init ] --START--
INFO: Run Behavior\BuildLiteBehavior [ RunTime:0.000000s ]
INFO: [ app_init ] --END-- [ RunTime:0.001000s ]
INFO: [ app_begin ] --START--
INFO: Run Behavior\ReadHtmlCacheBehavior [ RunTime:0.001000s ]
INFO: [ app_begin ] --END-- [ RunTime:0.001000s ]
SQL: SHOW COLUMNS FROM `chemicals` [ RunTime:0.0040s ]
SQL: SHOW COLUMNS FROM `chemicals` [ RunTime:0.0040s ]
SQL: SHOW COLUMNS FROM `chemicals` [ RunTime:0.0030s ]
SQL: SHOW COLUMNS FROM `chemicals` [ RunTime:0.0030s ]
SQL: SHOW COLUMNS FROM `chemicals` [ RunTime:0.0030s ]
ERR: SQLSTATE[42S02]: Base table or view not found: 1146 Table 'environment.chemical_refer' doesn't exist

[ 2015-04-26T21:07:28+08:00 ] ::1 /chemical_manage/
INFO: [ app_init ] --START--
INFO: Run Behavior\BuildLiteBehavior [ RunTime:0.000000s ]
INFO: [ app_init ] --END-- [ RunTime:0.001000s ]
INFO: [ app_begin ] --START--
INFO: Run Behavior\ReadHtmlCacheBehavior [ RunTime:0.002000s ]
INFO: [ app_begin ] --END-- [ RunTime:0.002000s ]
SQL: SHOW COLUMNS FROM `chemicals` [ RunTime:0.0080s ]
SQL: SHOW COLUMNS FROM `chemicals` [ RunTime:0.0080s ]
SQL: SHOW COLUMNS FROM `chemicals` [ RunTime:0.0070s ]
SQL: SHOW COLUMNS FROM `chemicals` [ RunTime:0.0070s ]
SQL: SHOW COLUMNS FROM `chemicals` [ RunTime:0.0080s ]
ERR: SQLSTATE[42S02]: Base table or view not found: 1146 Table 'environment.chemical_refer' doesn't exist

[ 2015-04-26T21:32:37+08:00 ] ::1 /chemical_manage/index.php/Home/Test/show
INFO: [ app_init ] --START--
INFO: Run Behavior\BuildLiteBehavior [ RunTime:0.000000s ]
INFO: [ app_init ] --END-- [ RunTime:0.000000s ]
INFO: [ app_begin ] --START--
INFO: Run Behavior\ReadHtmlCacheBehavior [ RunTime:0.001000s ]
INFO: [ app_begin ] --END-- [ RunTime:0.001000s ]
ERR: 无法加载控制器:Test

[ 2015-04-26T21:32:41+08:00 ] ::1 /chemical_manage/index.php/Home/Test
INFO: [ app_init ] --START--
INFO: Run Behavior\BuildLiteBehavior [ RunTime:0.000000s ]
INFO: [ app_init ] --END-- [ RunTime:0.001000s ]
INFO: [ app_begin ] --START--
INFO: Run Behavior\ReadHtmlCacheBehavior [ RunTime:0.001000s ]
INFO: [ app_begin ] --END-- [ RunTime:0.001000s ]
ERR: 无法加载控制器:Test

[ 2015-04-26T21:33:08+08:00 ] ::1 /chemical_manage/index.php/Home
INFO: [ app_init ] --START--
INFO: Run Behavior\BuildLiteBehavior [ RunTime:0.000000s ]
INFO: [ app_init ] --END-- [ RunTime:0.001000s ]
INFO: [ app_begin ] --START--
INFO: Run Behavior\ReadHtmlCacheBehavior [ RunTime:0.001000s ]
INFO: [ app_begin ] --END-- [ RunTime:0.001000s ]
SQL: SHOW COLUMNS FROM `chemicals` [ RunTime:0.0100s ]
SQL: SHOW COLUMNS FROM `chemicals` [ RunTime:0.0090s ]
SQL: SHOW COLUMNS FROM `chemicals` [ RunTime:0.0710s ]
SQL: SHOW COLUMNS FROM `chemicals` [ RunTime:0.0100s ]
SQL: SHOW COLUMNS FROM `chemicals` [ RunTime:0.0100s ]
ERR: SQLSTATE[42S02]: Base table or view not found: 1146 Table 'environment.chemical_refer' doesn't exist

[ 2015-04-26T21:33:10+08:00 ] ::1 /chemical_manage/
INFO: [ app_init ] --START--
INFO: Run Behavior\BuildLiteBehavior [ RunTime:0.000000s ]
INFO: [ app_init ] --END-- [ RunTime:0.001000s ]
INFO: [ app_begin ] --START--
INFO: Run Behavior\ReadHtmlCacheBehavior [ RunTime:0.001001s ]
INFO: [ app_begin ] --END-- [ RunTime:0.001001s ]
SQL: SHOW COLUMNS FROM `chemicals` [ RunTime:0.0040s ]
SQL: SHOW COLUMNS FROM `chemicals` [ RunTime:0.0030s ]
SQL: SHOW COLUMNS FROM `chemicals` [ RunTime:0.0030s ]
SQL: SHOW COLUMNS FROM `chemicals` [ RunTime:0.0030s ]
SQL: SHOW COLUMNS FROM `chemicals` [ RunTime:0.0040s ]
ERR: SQLSTATE[42S02]: Base table or view not found: 1146 Table 'environment.chemical_refer' doesn't exist

[ 2015-04-26T21:33:39+08:00 ] ::1 /chemical_manage/index.php/home/Test
INFO: [ app_init ] --START--
INFO: Run Behavior\BuildLiteBehavior [ RunTime:0.000000s ]
INFO: [ app_init ] --END-- [ RunTime:0.000000s ]
INFO: [ app_begin ] --START--
INFO: Run Behavior\ReadHtmlCacheBehavior [ RunTime:0.001000s ]
INFO: [ app_begin ] --END-- [ RunTime:0.001000s ]
ERR: 无法加载控制器:Test

