[ 2015-04-29T11:40:33+08:00 ] ::1 /chemical_manage/
INFO: [ app_init ] --START--
INFO: Run Behavior\BuildLiteBehavior [ RunTime:0.000000s ]
INFO: [ app_init ] --END-- [ RunTime:0.001000s ]
INFO: [ app_begin ] --START--
INFO: Run Behavior\ReadHtmlCacheBehavior [ RunTime:0.001000s ]
INFO: [ app_begin ] --END-- [ RunTime:0.001000s ]
SQL: SHOW COLUMNS FROM `chemicals` [ RunTime:0.4750s ]
SQL: SHOW COLUMNS FROM `chemicals` [ RunTime:0.0110s ]
SQL: SHOW COLUMNS FROM `chemicals` [ RunTime:0.0090s ]
SQL: SHOW COLUMNS FROM `chemicals` [ RunTime:0.0060s ]
SQL: SHOW COLUMNS FROM `chemicals` [ RunTime:0.0050s ]
ERR: SQLSTATE[42S02]: Base table or view not found: 1146 Table 'environment.chemical_refer' doesn't exist

[ 2015-04-29T11:41:48+08:00 ] ::1 /chemical_manage/
INFO: [ app_init ] --START--
INFO: Run Behavior\BuildLiteBehavior [ RunTime:0.000000s ]
INFO: [ app_init ] --END-- [ RunTime:0.001000s ]
INFO: [ app_begin ] --START--
INFO: Run Behavior\ReadHtmlCacheBehavior [ RunTime:0.000000s ]
INFO: [ app_begin ] --END-- [ RunTime:0.000000s ]
SQL: SHOW COLUMNS FROM `chemicals` [ RunTime:0.0030s ]
SQL: SHOW COLUMNS FROM `chemicals` [ RunTime:0.0040s ]
SQL: SHOW COLUMNS FROM `chemicals` [ RunTime:0.0030s ]
SQL: SHOW COLUMNS FROM `chemicals` [ RunTime:0.0030s ]
SQL: SHOW COLUMNS FROM `chemicals` [ RunTime:0.0030s ]
ERR: SQLSTATE[42S02]: Base table or view not found: 1146 Table 'environment.chemical_refer' doesn't exist

[ 2015-04-29T11:41:50+08:00 ] ::1 /chemical_manage/
INFO: [ app_init ] --START--
INFO: Run Behavior\BuildLiteBehavior [ RunTime:0.000000s ]
INFO: [ app_init ] --END-- [ RunTime:0.000000s ]
INFO: [ app_begin ] --START--
INFO: Run Behavior\ReadHtmlCacheBehavior [ RunTime:0.000000s ]
INFO: [ app_begin ] --END-- [ RunTime:0.000000s ]
SQL: SHOW COLUMNS FROM `chemicals` [ RunTime:0.0050s ]
SQL: SHOW COLUMNS FROM `chemicals` [ RunTime:0.0080s ]
SQL: SHOW COLUMNS FROM `chemicals` [ RunTime:0.0040s ]
SQL: SHOW COLUMNS FROM `chemicals` [ RunTime:0.0100s ]
SQL: SHOW COLUMNS FROM `chemicals` [ RunTime:0.0050s ]
ERR: SQLSTATE[42S02]: Base table or view not found: 1146 Table 'environment.chemical_refer' doesn't exist

[ 2015-04-29T11:41:50+08:00 ] ::1 /chemical_manage/
INFO: [ app_init ] --START--
INFO: Run Behavior\BuildLiteBehavior [ RunTime:0.000000s ]
INFO: [ app_init ] --END-- [ RunTime:0.000000s ]
INFO: [ app_begin ] --START--
INFO: Run Behavior\ReadHtmlCacheBehavior [ RunTime:0.000000s ]
INFO: [ app_begin ] --END-- [ RunTime:0.000000s ]
SQL: SHOW COLUMNS FROM `chemicals` [ RunTime:0.0030s ]
SQL: SHOW COLUMNS FROM `chemicals` [ RunTime:0.0030s ]
SQL: SHOW COLUMNS FROM `chemicals` [ RunTime:0.0030s ]
SQL: SHOW COLUMNS FROM `chemicals` [ RunTime:0.0030s ]
SQL: SHOW COLUMNS FROM `chemicals` [ RunTime:0.0030s ]
ERR: SQLSTATE[42S02]: Base table or view not found: 1146 Table 'environment.chemical_refer' doesn't exist

[ 2015-04-29T11:41:50+08:00 ] ::1 /chemical_manage/
INFO: [ app_init ] --START--
INFO: Run Behavior\BuildLiteBehavior [ RunTime:0.000000s ]
INFO: [ app_init ] --END-- [ RunTime:0.000000s ]
INFO: [ app_begin ] --START--
INFO: Run Behavior\ReadHtmlCacheBehavior [ RunTime:0.001000s ]
INFO: [ app_begin ] --END-- [ RunTime:0.001000s ]
SQL: SHOW COLUMNS FROM `chemicals` [ RunTime:0.0030s ]
SQL: SHOW COLUMNS FROM `chemicals` [ RunTime:0.0030s ]
SQL: SHOW COLUMNS FROM `chemicals` [ RunTime:0.0030s ]
SQL: SHOW COLUMNS FROM `chemicals` [ RunTime:0.0040s ]
SQL: SHOW COLUMNS FROM `chemicals` [ RunTime:0.0030s ]
ERR: SQLSTATE[42S02]: Base table or view not found: 1146 Table 'environment.chemical_refer' doesn't exist

[ 2015-04-29T11:41:51+08:00 ] ::1 /chemical_manage/
INFO: [ app_init ] --START--
INFO: Run Behavior\BuildLiteBehavior [ RunTime:0.000000s ]
INFO: [ app_init ] --END-- [ RunTime:0.001000s ]
INFO: [ app_begin ] --START--
INFO: Run Behavior\ReadHtmlCacheBehavior [ RunTime:0.001000s ]
INFO: [ app_begin ] --END-- [ RunTime:0.001000s ]
SQL: SHOW COLUMNS FROM `chemicals` [ RunTime:0.0030s ]
SQL: SHOW COLUMNS FROM `chemicals` [ RunTime:0.0040s ]
SQL: SHOW COLUMNS FROM `chemicals` [ RunTime:0.0030s ]
SQL: SHOW COLUMNS FROM `chemicals` [ RunTime:0.0030s ]
SQL: SHOW COLUMNS FROM `chemicals` [ RunTime:0.0030s ]
ERR: SQLSTATE[42S02]: Base table or view not found: 1146 Table 'environment.chemical_refer' doesn't exist

[ 2015-04-29T11:41:51+08:00 ] ::1 /chemical_manage/
INFO: [ app_init ] --START--
INFO: Run Behavior\BuildLiteBehavior [ RunTime:0.000000s ]
INFO: [ app_init ] --END-- [ RunTime:0.000000s ]
INFO: [ app_begin ] --START--
INFO: Run Behavior\ReadHtmlCacheBehavior [ RunTime:0.000000s ]
INFO: [ app_begin ] --END-- [ RunTime:0.000000s ]
SQL: SHOW COLUMNS FROM `chemicals` [ RunTime:0.0030s ]
SQL: SHOW COLUMNS FROM `chemicals` [ RunTime:0.0030s ]
SQL: SHOW COLUMNS FROM `chemicals` [ RunTime:0.0030s ]
SQL: SHOW COLUMNS FROM `chemicals` [ RunTime:0.0030s ]
SQL: SHOW COLUMNS FROM `chemicals` [ RunTime:0.0030s ]
ERR: SQLSTATE[42S02]: Base table or view not found: 1146 Table 'environment.chemical_refer' doesn't exist

[ 2015-04-29T11:41:51+08:00 ] ::1 /chemical_manage/
INFO: [ app_init ] --START--
INFO: Run Behavior\BuildLiteBehavior [ RunTime:0.000000s ]
INFO: [ app_init ] --END-- [ RunTime:0.000000s ]
INFO: [ app_begin ] --START--
INFO: Run Behavior\ReadHtmlCacheBehavior [ RunTime:0.000000s ]
INFO: [ app_begin ] --END-- [ RunTime:0.000000s ]
SQL: SHOW COLUMNS FROM `chemicals` [ RunTime:0.0040s ]
SQL: SHOW COLUMNS FROM `chemicals` [ RunTime:0.0030s ]
SQL: SHOW COLUMNS FROM `chemicals` [ RunTime:0.0030s ]
SQL: SHOW COLUMNS FROM `chemicals` [ RunTime:0.0030s ]
SQL: SHOW COLUMNS FROM `chemicals` [ RunTime:0.0030s ]
ERR: SQLSTATE[42S02]: Base table or view not found: 1146 Table 'environment.chemical_refer' doesn't exist

[ 2015-04-29T11:41:51+08:00 ] ::1 /chemical_manage/
INFO: [ app_init ] --START--
INFO: Run Behavior\BuildLiteBehavior [ RunTime:0.000000s ]
INFO: [ app_init ] --END-- [ RunTime:0.001000s ]
INFO: [ app_begin ] --START--
INFO: Run Behavior\ReadHtmlCacheBehavior [ RunTime:0.000000s ]
INFO: [ app_begin ] --END-- [ RunTime:0.000000s ]
SQL: SHOW COLUMNS FROM `chemicals` [ RunTime:0.0030s ]
SQL: SHOW COLUMNS FROM `chemicals` [ RunTime:0.0030s ]
SQL: SHOW COLUMNS FROM `chemicals` [ RunTime:0.0030s ]
SQL: SHOW COLUMNS FROM `chemicals` [ RunTime:0.0030s ]
SQL: SHOW COLUMNS FROM `chemicals` [ RunTime:0.0040s ]
ERR: SQLSTATE[42S02]: Base table or view not found: 1146 Table 'environment.chemical_refer' doesn't exist

[ 2015-04-29T11:41:57+08:00 ] ::1 /chemical_manage/
INFO: [ app_init ] --START--
INFO: Run Behavior\BuildLiteBehavior [ RunTime:0.000000s ]
INFO: [ app_init ] --END-- [ RunTime:0.001000s ]
INFO: [ app_begin ] --START--
INFO: Run Behavior\ReadHtmlCacheBehavior [ RunTime:0.001000s ]
INFO: [ app_begin ] --END-- [ RunTime:0.001000s ]
SQL: SHOW COLUMNS FROM `chemicals` [ RunTime:0.0040s ]
SQL: SHOW COLUMNS FROM `chemicals` [ RunTime:0.0030s ]
SQL: SHOW COLUMNS FROM `chemicals` [ RunTime:0.0040s ]
SQL: SHOW COLUMNS FROM `chemicals` [ RunTime:0.0030s ]
SQL: SHOW COLUMNS FROM `chemicals` [ RunTime:0.0030s ]
ERR: SQLSTATE[42S02]: Base table or view not found: 1146 Table 'environment.chemical_refer' doesn't exist

[ 2015-04-29T15:27:27+08:00 ] ::1 /chemical_manage/index.php
INFO: [ app_init ] --START--
INFO: Run Behavior\BuildLiteBehavior [ RunTime:0.000000s ]
INFO: [ app_init ] --END-- [ RunTime:0.000000s ]
INFO: [ app_begin ] --START--
INFO: Run Behavior\ReadHtmlCacheBehavior [ RunTime:0.000000s ]
INFO: [ app_begin ] --END-- [ RunTime:0.000000s ]
SQL: SHOW COLUMNS FROM `chemicals` [ RunTime:0.0040s ]
SQL: SHOW COLUMNS FROM `chemicals` [ RunTime:0.0030s ]
SQL: SHOW COLUMNS FROM `chemicals` [ RunTime:0.0030s ]
SQL: SHOW COLUMNS FROM `chemicals` [ RunTime:0.0030s ]
SQL: SHOW COLUMNS FROM `chemicals` [ RunTime:0.0030s ]
ERR: SQLSTATE[42S02]: Base table or view not found: 1146 Table 'environment.chemical_refer' doesn't exist

[ 2015-04-29T22:46:56+08:00 ] ::1 /chemical_manage/index.php/Home/
INFO: [ app_init ] --START--
INFO: Run Behavior\BuildLiteBehavior [ RunTime:0.000000s ]
INFO: [ app_init ] --END-- [ RunTime:0.000000s ]
INFO: [ app_begin ] --START--
INFO: Run Behavior\ReadHtmlCacheBehavior [ RunTime:0.000000s ]
INFO: [ app_begin ] --END-- [ RunTime:0.000000s ]
INFO: [ app_end ] --START--
INFO: Run Behavior\ShowPageTraceBehavior [ RunTime:0.001000s ]
INFO: [ app_end ] --END-- [ RunTime:0.001000s ]

[ 2015-04-29T22:47:12+08:00 ] ::1 /chemical_manage/index.php/Home/
INFO: [ app_init ] --START--
INFO: Run Behavior\BuildLiteBehavior [ RunTime:0.000000s ]
INFO: [ app_init ] --END-- [ RunTime:0.001000s ]
INFO: [ app_begin ] --START--
INFO: Run Behavior\ReadHtmlCacheBehavior [ RunTime:0.001000s ]
INFO: [ app_begin ] --END-- [ RunTime:0.001000s ]
INFO: [ app_end ] --START--
INFO: Run Behavior\ShowPageTraceBehavior [ RunTime:0.000000s ]
INFO: [ app_end ] --END-- [ RunTime:0.000000s ]

[ 2015-04-29T22:47:13+08:00 ] ::1 /chemical_manage/index.php/Home/
INFO: [ app_init ] --START--
INFO: Run Behavior\BuildLiteBehavior [ RunTime:0.000000s ]
INFO: [ app_init ] --END-- [ RunTime:0.000000s ]
INFO: [ app_begin ] --START--
INFO: Run Behavior\ReadHtmlCacheBehavior [ RunTime:0.001000s ]
INFO: [ app_begin ] --END-- [ RunTime:0.001000s ]
INFO: [ app_end ] --START--
INFO: Run Behavior\ShowPageTraceBehavior [ RunTime:0.000000s ]
INFO: [ app_end ] --END-- [ RunTime:0.000000s ]

[ 2015-04-29T22:47:13+08:00 ] ::1 /chemical_manage/index.php/Home/
INFO: [ app_init ] --START--
INFO: Run Behavior\BuildLiteBehavior [ RunTime:0.000000s ]
INFO: [ app_init ] --END-- [ RunTime:0.001000s ]
INFO: [ app_begin ] --START--
INFO: Run Behavior\ReadHtmlCacheBehavior [ RunTime:0.000000s ]
INFO: [ app_begin ] --END-- [ RunTime:0.001000s ]
INFO: [ app_end ] --START--
INFO: Run Behavior\ShowPageTraceBehavior [ RunTime:0.000000s ]
INFO: [ app_end ] --END-- [ RunTime:0.000000s ]

[ 2015-04-29T22:47:14+08:00 ] ::1 /chemical_manage/index.php/Home/
INFO: [ app_init ] --START--
INFO: Run Behavior\BuildLiteBehavior [ RunTime:0.000000s ]
INFO: [ app_init ] --END-- [ RunTime:0.001000s ]
INFO: [ app_begin ] --START--
INFO: Run Behavior\ReadHtmlCacheBehavior [ RunTime:0.001000s ]
INFO: [ app_begin ] --END-- [ RunTime:0.001000s ]
INFO: [ app_end ] --START--
INFO: Run Behavior\ShowPageTraceBehavior [ RunTime:0.002000s ]
INFO: [ app_end ] --END-- [ RunTime:0.002000s ]

[ 2015-04-29T22:47:14+08:00 ] ::1 /chemical_manage/index.php/Home/
INFO: [ app_init ] --START--
INFO: Run Behavior\BuildLiteBehavior [ RunTime:0.000000s ]
INFO: [ app_init ] --END-- [ RunTime:0.001000s ]
INFO: [ app_begin ] --START--
INFO: Run Behavior\ReadHtmlCacheBehavior [ RunTime:0.001000s ]
INFO: [ app_begin ] --END-- [ RunTime:0.001000s ]
INFO: [ app_end ] --START--
INFO: Run Behavior\ShowPageTraceBehavior [ RunTime:0.002000s ]
INFO: [ app_end ] --END-- [ RunTime:0.002000s ]

[ 2015-04-29T22:47:14+08:00 ] ::1 /chemical_manage/index.php/Home/
INFO: [ app_init ] --START--
INFO: Run Behavior\BuildLiteBehavior [ RunTime:0.000000s ]
INFO: [ app_init ] --END-- [ RunTime:0.001000s ]
INFO: [ app_begin ] --START--
INFO: Run Behavior\ReadHtmlCacheBehavior [ RunTime:0.001000s ]
INFO: [ app_begin ] --END-- [ RunTime:0.001000s ]
INFO: [ app_end ] --START--
INFO: Run Behavior\ShowPageTraceBehavior [ RunTime:0.001000s ]
INFO: [ app_end ] --END-- [ RunTime:0.001000s ]

[ 2015-04-29T22:47:55+08:00 ] ::1 /chemical_manage/index.php/Home/
INFO: [ app_init ] --START--
INFO: Run Behavior\BuildLiteBehavior [ RunTime:0.000000s ]
INFO: [ app_init ] --END-- [ RunTime:0.000000s ]
INFO: [ app_begin ] --START--
INFO: Run Behavior\ReadHtmlCacheBehavior [ RunTime:0.000000s ]
INFO: [ app_begin ] --END-- [ RunTime:0.000000s ]

[ 2015-04-29T22:47:55+08:00 ] ::1 /chemical_manage/index.php/Home/Login.php
INFO: [ app_init ] --START--
INFO: Run Behavior\BuildLiteBehavior [ RunTime:0.000000s ]
INFO: [ app_init ] --END-- [ RunTime:0.000000s ]
INFO: [ app_begin ] --START--
INFO: Run Behavior\ReadHtmlCacheBehavior [ RunTime:0.000000s ]
INFO: [ app_begin ] --END-- [ RunTime:0.000000s ]
SQL: SHOW COLUMNS FROM `user` [ RunTime:0.0030s ]
SQL: SHOW COLUMNS FROM `user` [ RunTime:0.0020s ]
NOTIC: [8] Undefined index: name F:\Program Files (x86)\xampp\htdocs\chemical_manage\App\Home\Controller\LoginController.class.php 第 29 行.
ERR: 模板不存在:./App/Home/View/Login/login.php

[ 2015-04-29T22:48:55+08:00 ] ::1 /chemical_manage/index.php/Home
INFO: [ app_init ] --START--
INFO: Run Behavior\BuildLiteBehavior [ RunTime:0.000000s ]
INFO: [ app_init ] --END-- [ RunTime:0.001000s ]
INFO: [ app_begin ] --START--
INFO: Run Behavior\ReadHtmlCacheBehavior [ RunTime:0.001000s ]
INFO: [ app_begin ] --END-- [ RunTime:0.001000s ]

[ 2015-04-29T22:48:55+08:00 ] ::1 /chemical_manage/index.php/Home/Login.php
INFO: [ app_init ] --START--
INFO: Run Behavior\BuildLiteBehavior [ RunTime:0.000000s ]
INFO: [ app_init ] --END-- [ RunTime:0.000000s ]
INFO: [ app_begin ] --START--
INFO: Run Behavior\ReadHtmlCacheBehavior [ RunTime:0.000000s ]
INFO: [ app_begin ] --END-- [ RunTime:0.000000s ]
SQL: SHOW COLUMNS FROM `user` [ RunTime:0.0020s ]
SQL: SHOW COLUMNS FROM `user` [ RunTime:0.0030s ]
NOTIC: [8] Undefined index: name F:\Program Files (x86)\xampp\htdocs\chemical_manage\App\Home\Controller\LoginController.class.php 第 29 行.
INFO: [ view_parse ] --START--
INFO: [ template_filter ] --START--
INFO: Run Behavior\ContentReplaceBehavior [ RunTime:0.000000s ]
INFO: [ template_filter ] --END-- [ RunTime:0.001000s ]
NOTIC: [8] Undefined index: loginError F:\Program Files (x86)\xampp\htdocs\chemical_manage\Runtime\Cache\Home\c6d6a4f24e3c862f06734a1bffeb9d54.php 第 70 行.
INFO: Run Behavior\ParseTemplateBehavior [ RunTime:0.006001s ]
INFO: [ view_parse ] --END-- [ RunTime:0.006001s ]
INFO: [ view_filter ] --START--
INFO: Run Behavior\WriteHtmlCacheBehavior [ RunTime:0.000000s ]
INFO: [ view_filter ] --END-- [ RunTime:0.000000s ]
INFO: [ app_end ] --START--
INFO: Run Behavior\ShowPageTraceBehavior [ RunTime:0.001000s ]
INFO: [ app_end ] --END-- [ RunTime:0.001000s ]

[ 2015-04-29T22:49:01+08:00 ] ::1 /chemical_manage/index.php/Home/login
INFO: [ app_init ] --START--
INFO: Run Behavior\BuildLiteBehavior [ RunTime:0.000000s ]
INFO: [ app_init ] --END-- [ RunTime:0.000000s ]
INFO: [ app_begin ] --START--
INFO: Run Behavior\ReadHtmlCacheBehavior [ RunTime:0.001000s ]
INFO: [ app_begin ] --END-- [ RunTime:0.001000s ]
SQL: SHOW COLUMNS FROM `user` [ RunTime:0.0040s ]
SQL: SHOW COLUMNS FROM `user` [ RunTime:0.0030s ]
NOTIC: [8] Undefined variable: condition F:\Program Files (x86)\xampp\htdocs\chemical_manage\App\Home\Dao\UserDao.class.php 第 18 行.
SQL: SELECT * FROM `user`  [ RunTime:0.0000s ]
INFO: [ view_parse ] --START--
INFO: [ template_filter ] --START--
INFO: Run Behavior\ContentReplaceBehavior [ RunTime:0.000000s ]
INFO: [ template_filter ] --END-- [ RunTime:0.000000s ]
INFO: Run Behavior\ParseTemplateBehavior [ RunTime:0.005000s ]
INFO: [ view_parse ] --END-- [ RunTime:0.005000s ]
INFO: [ view_filter ] --START--
INFO: Run Behavior\WriteHtmlCacheBehavior [ RunTime:0.000000s ]
INFO: [ view_filter ] --END-- [ RunTime:0.001000s ]
INFO: [ app_end ] --START--
INFO: Run Behavior\ShowPageTraceBehavior [ RunTime:0.000000s ]
INFO: [ app_end ] --END-- [ RunTime:0.000000s ]

