[ 2015-04-27T22:49:55+08:00 ] ::1 /chemical_manage/
INFO: [ app_init ] --START--
INFO: Run Behavior\BuildLiteBehavior [ RunTime:0.000000s ]
INFO: [ app_init ] --END-- [ RunTime:0.005001s ]
INFO: [ app_begin ] --START--
INFO: Run Behavior\ReadHtmlCacheBehavior [ RunTime:0.001000s ]
INFO: [ app_begin ] --END-- [ RunTime:0.001000s ]
SQL: SHOW COLUMNS FROM `chemicals` [ RunTime:0.4740s ]
SQL: SHOW COLUMNS FROM `chemicals` [ RunTime:0.0080s ]
SQL: SHOW COLUMNS FROM `chemicals` [ RunTime:0.0080s ]
SQL: SHOW COLUMNS FROM `chemicals` [ RunTime:0.0080s ]
SQL: SHOW COLUMNS FROM `chemicals` [ RunTime:0.0080s ]
ERR: SQLSTATE[42S02]: Base table or view not found: 1146 Table 'environment.chemical_refer' doesn't exist

[ 2015-04-27T22:50:13+08:00 ] ::1 /chemical_manage/
INFO: [ app_init ] --START--
INFO: Run Behavior\BuildLiteBehavior [ RunTime:0.000000s ]
INFO: [ app_init ] --END-- [ RunTime:0.001000s ]
INFO: [ app_begin ] --START--
INFO: Run Behavior\ReadHtmlCacheBehavior [ RunTime:0.001000s ]
INFO: [ app_begin ] --END-- [ RunTime:0.001000s ]
SQL: SHOW COLUMNS FROM `chemicals` [ RunTime:0.0030s ]
SQL: SHOW COLUMNS FROM `chemicals` [ RunTime:0.0030s ]
SQL: SHOW COLUMNS FROM `chemicals` [ RunTime:0.0030s ]
SQL: SHOW COLUMNS FROM `chemicals` [ RunTime:0.0030s ]
SQL: SHOW COLUMNS FROM `chemicals` [ RunTime:0.0040s ]
ERR: SQLSTATE[42S02]: Base table or view not found: 1146 Table 'environment.chemical_refer' doesn't exist

[ 2015-04-27T22:50:50+08:00 ] ::1 /chemical_manage/
INFO: [ app_init ] --START--
INFO: Run Behavior\BuildLiteBehavior [ RunTime:0.000000s ]
INFO: [ app_init ] --END-- [ RunTime:0.001000s ]
INFO: [ app_begin ] --START--
INFO: Run Behavior\ReadHtmlCacheBehavior [ RunTime:0.001000s ]
INFO: [ app_begin ] --END-- [ RunTime:0.001000s ]
ERR: SQLSTATE[42S02]: Base table or view not found: 1146 Table 'chemical_manage.chemicals' doesn't exist

[ 2015-04-27T22:50:56+08:00 ] ::1 /chemical_manage/
INFO: [ app_init ] --START--
INFO: Run Behavior\BuildLiteBehavior [ RunTime:0.000000s ]
INFO: [ app_init ] --END-- [ RunTime:0.001000s ]
INFO: [ app_begin ] --START--
INFO: Run Behavior\ReadHtmlCacheBehavior [ RunTime:0.001000s ]
INFO: [ app_begin ] --END-- [ RunTime:0.001000s ]
ERR: SQLSTATE[42S02]: Base table or view not found: 1146 Table 'chemical_manage.chemicals' doesn't exist

