[ 2015-04-18T23:08:51+08:00 ] ::1 /ChemicalManage/
INFO: [ app_init ] --START--
INFO: Run Behavior\BuildLiteBehavior [ RunTime:0.001000s ]
INFO: [ app_init ] --END-- [ RunTime:0.005001s ]
INFO: [ app_begin ] --START--
INFO: Run Behavior\ReadHtmlCacheBehavior [ RunTime:0.003000s ]
INFO: [ app_begin ] --END-- [ RunTime:0.007000s ]
SQL: SHOW COLUMNS FROM `chemical_basic` [ RunTime:0.0470s ]
SQL: SHOW COLUMNS FROM `chemical_basic` [ RunTime:0.0060s ]
SQL: SHOW COLUMNS FROM `danger_level` [ RunTime:0.0530s ]
SQL: SHOW COLUMNS FROM `danger_level` [ RunTime:0.0040s ]
SQL: SHOW COLUMNS FROM `chemical_basic` [ RunTime:0.0050s ]
SQL: SHOW COLUMNS FROM `chemical_basic` [ RunTime:0.0100s ]
SQL: SHOW COLUMNS FROM `chemical_refer` [ RunTime:0.0030s ]
SQL: SHOW COLUMNS FROM `chemical_refer` [ RunTime:0.0040s ]
SQL: SHOW COLUMNS FROM `eco_info` [ RunTime:0.0040s ]
SQL: SHOW COLUMNS FROM `eco_info` [ RunTime:0.0040s ]
SQL: SHOW COLUMNS FROM `health_effect` [ RunTime:0.0040s ]
SQL: SHOW COLUMNS FROM `health_effect` [ RunTime:0.0030s ]
SQL: SHOW COLUMNS FROM `leak_disposal` [ RunTime:0.0040s ]
SQL: SHOW COLUMNS FROM `leak_disposal` [ RunTime:0.0030s ]
SQL: SHOW COLUMNS FROM `material_attr` [ RunTime:0.0040s ]
SQL: SHOW COLUMNS FROM `material_attr` [ RunTime:0.0040s ]
SQL: SELECT * FROM `danger_level`  [ RunTime:0.0010s ]
SQL: SELECT * FROM `chemical_basic` INNER JOIN danger_level on chemical_basic.danger_level_id=danger_level.danger_level_id  WHERE chemical_basic.danger_level_id = '1' LIMIT 0,10   [ RunTime:0.0270s ]
SQL: SELECT * FROM `chemical_basic` INNER JOIN danger_level on chemical_basic.danger_level_id=danger_level.danger_level_id  WHERE chemical_basic.danger_level_id = '2' LIMIT 0,10   [ RunTime:0.0010s ]
SQL: SELECT * FROM `chemical_basic` INNER JOIN danger_level on chemical_basic.danger_level_id=danger_level.danger_level_id  WHERE chemical_basic.danger_level_id = '3' LIMIT 0,10   [ RunTime:0.0010s ]
INFO: [ view_parse ] --START--
INFO: [ template_filter ] --START--
INFO: Run Behavior\ContentReplaceBehavior [ RunTime:0.001000s ]
INFO: [ template_filter ] --END-- [ RunTime:0.003000s ]
NOTIC: [8] Undefined offset: 1 F:\sourceCode\Eclipse\PHP\ChemicalManage\Runtime\Cache\Home\c046e8f09f5013e6f3f2c1812d54574b.php 第 49 行.
NOTIC: [8] Undefined offset: 3 F:\sourceCode\Eclipse\PHP\ChemicalManage\Runtime\Cache\Home\c046e8f09f5013e6f3f2c1812d54574b.php 第 67 行.
INFO: Run Behavior\ParseTemplateBehavior [ RunTime:0.066004s ]
INFO: [ view_parse ] --END-- [ RunTime:0.068004s ]
INFO: [ view_filter ] --START--
INFO: Run Behavior\WriteHtmlCacheBehavior [ RunTime:0.002000s ]
INFO: [ view_filter ] --END-- [ RunTime:0.004000s ]
INFO: [ app_end ] --START--
INFO: Run Behavior\ShowPageTraceBehavior [ RunTime:0.003001s ]
INFO: [ app_end ] --END-- [ RunTime:0.005001s ]

[ 2015-04-18T23:08:57+08:00 ] ::1 /ChemicalManage/index.php/Home/chemicalSearch.php
INFO: [ app_init ] --START--
INFO: Run Behavior\BuildLiteBehavior [ RunTime:0.000000s ]
INFO: [ app_init ] --END-- [ RunTime:0.086004s ]
INFO: [ app_begin ] --START--
INFO: Run Behavior\ReadHtmlCacheBehavior [ RunTime:0.004001s ]
INFO: [ app_begin ] --END-- [ RunTime:0.008001s ]
SQL: SHOW COLUMNS FROM `chemical_basic` [ RunTime:0.0040s ]
SQL: SHOW COLUMNS FROM `chemical_basic` [ RunTime:0.0030s ]
SQL: SHOW COLUMNS FROM `chemical_basic` [ RunTime:0.0040s ]
SQL: SHOW COLUMNS FROM `chemical_refer` [ RunTime:0.0030s ]
SQL: SHOW COLUMNS FROM `chemical_refer` [ RunTime:0.0030s ]
SQL: SHOW COLUMNS FROM `eco_info` [ RunTime:0.0040s ]
SQL: SHOW COLUMNS FROM `eco_info` [ RunTime:0.0040s ]
SQL: SHOW COLUMNS FROM `health_effect` [ RunTime:0.0040s ]
SQL: SHOW COLUMNS FROM `health_effect` [ RunTime:0.0030s ]
SQL: SHOW COLUMNS FROM `leak_disposal` [ RunTime:0.0040s ]
SQL: SHOW COLUMNS FROM `leak_disposal` [ RunTime:0.0050s ]
SQL: SHOW COLUMNS FROM `material_attr` [ RunTime:0.0040s ]
SQL: SHOW COLUMNS FROM `material_attr` [ RunTime:0.0030s ]
SQL: SELECT count(*) AS `total` FROM `chemical_basic`  [ RunTime:0.0010s ]
SQL: SELECT * FROM `chemical_basic` INNER JOIN danger_level on chemical_basic.danger_level_id=danger_level.danger_level_id  LIMIT 0,20   [ RunTime:0.0120s ]
INFO: [ view_parse ] --START--
INFO: [ template_filter ] --START--
INFO: Run Behavior\ContentReplaceBehavior [ RunTime:0.001000s ]
INFO: [ template_filter ] --END-- [ RunTime:0.003001s ]
NOTIC: [2] imagepng() expects parameter 1 to be resource, string given F:\sourceCode\Eclipse\PHP\ChemicalManage\Runtime\Cache\Home\619b8e5a37251cd2de839cd132917741.php 第 68 行.
INFO: Run Behavior\ParseTemplateBehavior [ RunTime:0.113006s ]
INFO: [ view_parse ] --END-- [ RunTime:0.115006s ]
INFO: [ view_filter ] --START--
INFO: Run Behavior\WriteHtmlCacheBehavior [ RunTime:0.002000s ]
INFO: [ view_filter ] --END-- [ RunTime:0.005001s ]
INFO: [ app_end ] --START--
INFO: Run Behavior\ShowPageTraceBehavior [ RunTime:0.002000s ]
INFO: [ app_end ] --END-- [ RunTime:0.005000s ]

[ 2015-04-18T23:09:05+08:00 ] ::1 /ChemicalManage/index.php/Home/ChemicalSearch/getDetail?chId=1
INFO: [ app_init ] --START--
INFO: Run Behavior\BuildLiteBehavior [ RunTime:0.000000s ]
INFO: [ app_init ] --END-- [ RunTime:0.006000s ]
INFO: [ app_begin ] --START--
INFO: Run Behavior\ReadHtmlCacheBehavior [ RunTime:0.001000s ]
INFO: [ app_begin ] --END-- [ RunTime:0.004000s ]
SQL: SHOW COLUMNS FROM `chemical_basic` [ RunTime:0.0030s ]
SQL: SHOW COLUMNS FROM `chemical_basic` [ RunTime:0.0030s ]
SQL: SHOW COLUMNS FROM `chemical_basic` [ RunTime:0.0040s ]
SQL: SHOW COLUMNS FROM `chemical_refer` [ RunTime:0.0030s ]
SQL: SHOW COLUMNS FROM `chemical_refer` [ RunTime:0.0030s ]
SQL: SHOW COLUMNS FROM `eco_info` [ RunTime:0.0030s ]
SQL: SHOW COLUMNS FROM `eco_info` [ RunTime:0.0030s ]
SQL: SHOW COLUMNS FROM `health_effect` [ RunTime:0.0030s ]
SQL: SHOW COLUMNS FROM `health_effect` [ RunTime:0.0030s ]
SQL: SHOW COLUMNS FROM `leak_disposal` [ RunTime:0.0030s ]
SQL: SHOW COLUMNS FROM `leak_disposal` [ RunTime:0.0030s ]
SQL: SHOW COLUMNS FROM `material_attr` [ RunTime:0.0040s ]
SQL: SHOW COLUMNS FROM `material_attr` [ RunTime:0.0040s ]
SQL: SELECT * FROM `chemical_basic` INNER JOIN danger_level on chemical_basic.danger_level_id=danger_level.danger_level_id  WHERE `chemical_id` = '1'  [ RunTime:0.0020s ]
SQL: SELECT * FROM `chemical_refer` INNER JOIN refer_db on chemical_refer.refer_id=chemical_refer.refer_id  WHERE `chemical_id` = '1'  [ RunTime:0.0770s ]
NOTIC: [8] Undefined variable: condition F:\sourceCode\Eclipse\PHP\ChemicalManage\App\Home\Dao\EcoInfoDao.class.php 第 15 行.
SQL: SELECT * FROM `eco_info`  [ RunTime:0.0200s ]
NOTIC: [8] Undefined variable: condition F:\sourceCode\Eclipse\PHP\ChemicalManage\App\Home\Dao\HealthEffectDao.class.php 第 15 行.
SQL: SELECT * FROM `health_effect`  [ RunTime:0.0230s ]
NOTIC: [8] Undefined variable: condition F:\sourceCode\Eclipse\PHP\ChemicalManage\App\Home\Dao\LeakDisposalDao.class.php 第 15 行.
SQL: SELECT * FROM `leak_disposal`  [ RunTime:0.0140s ]
NOTIC: [8] Undefined variable: condition F:\sourceCode\Eclipse\PHP\ChemicalManage\App\Home\Dao\MaterialAttrDao.class.php 第 15 行.
SQL: SELECT * FROM `material_attr`  [ RunTime:0.0010s ]
INFO: [ view_parse ] --START--
INFO: [ template_filter ] --START--
INFO: Run Behavior\ContentReplaceBehavior [ RunTime:0.001000s ]
INFO: [ template_filter ] --END-- [ RunTime:0.003000s ]
INFO: Run Behavior\ParseTemplateBehavior [ RunTime:0.106006s ]
INFO: [ view_parse ] --END-- [ RunTime:0.109006s ]
INFO: [ view_filter ] --START--
INFO: Run Behavior\WriteHtmlCacheBehavior [ RunTime:0.002000s ]
INFO: [ view_filter ] --END-- [ RunTime:0.004000s ]
INFO: [ app_end ] --START--
INFO: Run Behavior\ShowPageTraceBehavior [ RunTime:0.002000s ]
INFO: [ app_end ] --END-- [ RunTime:0.004000s ]

[ 2015-04-18T23:11:56+08:00 ] ::1 /ChemicalManage/index.php/Home/ChemicalSearch/search?search_key=
INFO: [ app_init ] --START--
INFO: Run Behavior\BuildLiteBehavior [ RunTime:0.001000s ]
INFO: [ app_init ] --END-- [ RunTime:0.004001s ]
INFO: [ app_begin ] --START--
INFO: Run Behavior\ReadHtmlCacheBehavior [ RunTime:0.003000s ]
INFO: [ app_begin ] --END-- [ RunTime:0.005000s ]
SQL: SHOW COLUMNS FROM `chemical_basic` [ RunTime:0.0050s ]
SQL: SHOW COLUMNS FROM `chemical_basic` [ RunTime:0.0070s ]
SQL: SHOW COLUMNS FROM `chemical_basic` [ RunTime:0.0040s ]
SQL: SHOW COLUMNS FROM `chemical_refer` [ RunTime:0.0030s ]
SQL: SHOW COLUMNS FROM `chemical_refer` [ RunTime:0.0040s ]
SQL: SHOW COLUMNS FROM `eco_info` [ RunTime:0.0040s ]
SQL: SHOW COLUMNS FROM `eco_info` [ RunTime:0.0040s ]
SQL: SHOW COLUMNS FROM `health_effect` [ RunTime:0.0040s ]
SQL: SHOW COLUMNS FROM `health_effect` [ RunTime:0.0040s ]
SQL: SHOW COLUMNS FROM `leak_disposal` [ RunTime:0.0100s ]
SQL: SHOW COLUMNS FROM `leak_disposal` [ RunTime:0.0030s ]
SQL: SHOW COLUMNS FROM `material_attr` [ RunTime:0.0040s ]
SQL: SHOW COLUMNS FROM `material_attr` [ RunTime:0.0040s ]
SQL: SELECT count(*) AS `total` FROM `chemical_basic`  [ RunTime:0.0010s ]
SQL: SELECT * FROM `chemical_basic` INNER JOIN danger_level on chemical_basic.danger_level_id=danger_level.danger_level_id  LIMIT 0,20   [ RunTime:0.0000s ]
INFO: [ view_parse ] --START--
INFO: [ template_filter ] --START--
INFO: Run Behavior\ContentReplaceBehavior [ RunTime:0.001000s ]
INFO: [ template_filter ] --END-- [ RunTime:0.003000s ]
NOTIC: [2] imagepng() expects parameter 1 to be resource, string given F:\sourceCode\Eclipse\PHP\ChemicalManage\Runtime\Cache\Home\619b8e5a37251cd2de839cd132917741.php 第 68 行.
INFO: Run Behavior\ParseTemplateBehavior [ RunTime:0.073004s ]
INFO: [ view_parse ] --END-- [ RunTime:0.076004s ]
INFO: [ view_filter ] --START--
INFO: Run Behavior\WriteHtmlCacheBehavior [ RunTime:0.002000s ]
INFO: [ view_filter ] --END-- [ RunTime:0.004000s ]
INFO: [ app_end ] --START--
INFO: Run Behavior\ShowPageTraceBehavior [ RunTime:0.003001s ]
INFO: [ app_end ] --END-- [ RunTime:0.005001s ]

[ 2015-04-18T23:12:28+08:00 ] ::1 /ChemicalManage/index.php/Home/ChemicalSearch/getDetail?chId=1
INFO: [ app_init ] --START--
INFO: Run Behavior\BuildLiteBehavior [ RunTime:0.000000s ]
INFO: [ app_init ] --END-- [ RunTime:0.004000s ]
INFO: [ app_begin ] --START--
INFO: Run Behavior\ReadHtmlCacheBehavior [ RunTime:0.005000s ]
INFO: [ app_begin ] --END-- [ RunTime:0.010000s ]
SQL: SHOW COLUMNS FROM `chemical_basic` [ RunTime:0.0030s ]
SQL: SHOW COLUMNS FROM `chemical_basic` [ RunTime:0.0030s ]
SQL: SHOW COLUMNS FROM `chemical_basic` [ RunTime:0.0040s ]
SQL: SHOW COLUMNS FROM `chemical_refer` [ RunTime:0.0030s ]
SQL: SHOW COLUMNS FROM `chemical_refer` [ RunTime:0.0030s ]
SQL: SHOW COLUMNS FROM `eco_info` [ RunTime:0.0040s ]
SQL: SHOW COLUMNS FROM `eco_info` [ RunTime:0.0030s ]
SQL: SHOW COLUMNS FROM `health_effect` [ RunTime:0.0050s ]
SQL: SHOW COLUMNS FROM `health_effect` [ RunTime:0.0030s ]
SQL: SHOW COLUMNS FROM `leak_disposal` [ RunTime:0.0040s ]
SQL: SHOW COLUMNS FROM `leak_disposal` [ RunTime:0.0040s ]
SQL: SHOW COLUMNS FROM `material_attr` [ RunTime:0.0040s ]
SQL: SHOW COLUMNS FROM `material_attr` [ RunTime:0.0040s ]
SQL: SELECT * FROM `chemical_basic` INNER JOIN danger_level on chemical_basic.danger_level_id=danger_level.danger_level_id  WHERE `chemical_id` = '1'  [ RunTime:0.0010s ]
SQL: SELECT * FROM `chemical_refer` INNER JOIN refer_db on chemical_refer.refer_id=chemical_refer.refer_id  WHERE `chemical_id` = '1'  [ RunTime:0.0010s ]
NOTIC: [8] Undefined variable: condition F:\sourceCode\Eclipse\PHP\ChemicalManage\App\Home\Dao\EcoInfoDao.class.php 第 15 行.
SQL: SELECT * FROM `eco_info`  [ RunTime:0.0010s ]
NOTIC: [8] Undefined variable: condition F:\sourceCode\Eclipse\PHP\ChemicalManage\App\Home\Dao\HealthEffectDao.class.php 第 15 行.
SQL: SELECT * FROM `health_effect`  [ RunTime:0.0000s ]
NOTIC: [8] Undefined variable: condition F:\sourceCode\Eclipse\PHP\ChemicalManage\App\Home\Dao\LeakDisposalDao.class.php 第 15 行.
SQL: SELECT * FROM `leak_disposal`  [ RunTime:0.0000s ]
NOTIC: [8] Undefined variable: condition F:\sourceCode\Eclipse\PHP\ChemicalManage\App\Home\Dao\MaterialAttrDao.class.php 第 15 行.
SQL: SELECT * FROM `material_attr`  [ RunTime:0.0010s ]
INFO: [ view_parse ] --START--
INFO: [ template_filter ] --START--
INFO: Run Behavior\ContentReplaceBehavior [ RunTime:0.001000s ]
INFO: [ template_filter ] --END-- [ RunTime:0.003000s ]
INFO: Run Behavior\ParseTemplateBehavior [ RunTime:0.102006s ]
INFO: [ view_parse ] --END-- [ RunTime:0.104006s ]
INFO: [ view_filter ] --START--
INFO: Run Behavior\WriteHtmlCacheBehavior [ RunTime:0.001001s ]
INFO: [ view_filter ] --END-- [ RunTime:0.004001s ]
INFO: [ app_end ] --START--
INFO: Run Behavior\ShowPageTraceBehavior [ RunTime:0.002000s ]
INFO: [ app_end ] --END-- [ RunTime:0.004000s ]

[ 2015-04-18T23:20:45+08:00 ] ::1 /ChemicalManage/index.php/Home/ChemicalSearch/getDetail?chId=1
INFO: [ app_init ] --START--
INFO: Run Behavior\BuildLiteBehavior [ RunTime:0.000000s ]
INFO: [ app_init ] --END-- [ RunTime:0.004001s ]
INFO: [ app_begin ] --START--
INFO: Run Behavior\ReadHtmlCacheBehavior [ RunTime:0.002000s ]
INFO: [ app_begin ] --END-- [ RunTime:0.005001s ]
SQL: SHOW COLUMNS FROM `chemical_basic` [ RunTime:0.0080s ]
SQL: SHOW COLUMNS FROM `chemical_basic` [ RunTime:0.0070s ]
SQL: SHOW COLUMNS FROM `chemical_basic` [ RunTime:0.0040s ]
SQL: SHOW COLUMNS FROM `chemical_refer` [ RunTime:0.0040s ]
SQL: SHOW COLUMNS FROM `chemical_refer` [ RunTime:0.0040s ]
SQL: SHOW COLUMNS FROM `eco_info` [ RunTime:0.0040s ]
SQL: SHOW COLUMNS FROM `eco_info` [ RunTime:0.0040s ]
SQL: SHOW COLUMNS FROM `health_effect` [ RunTime:0.0040s ]
SQL: SHOW COLUMNS FROM `health_effect` [ RunTime:0.0050s ]
SQL: SHOW COLUMNS FROM `leak_disposal` [ RunTime:0.0030s ]
SQL: SHOW COLUMNS FROM `leak_disposal` [ RunTime:0.0040s ]
SQL: SHOW COLUMNS FROM `material_attr` [ RunTime:0.0040s ]
SQL: SHOW COLUMNS FROM `material_attr` [ RunTime:0.0040s ]
SQL: SELECT * FROM `chemical_basic` INNER JOIN danger_level on chemical_basic.danger_level_id=danger_level.danger_level_id  WHERE `chemical_id` = '1'  [ RunTime:0.0020s ]
SQL: SELECT * FROM `chemical_refer` INNER JOIN refer_db on chemical_refer.refer_id=chemical_refer.refer_id  WHERE `chemical_id` = '1'  [ RunTime:0.0010s ]
NOTIC: [8] Undefined variable: condition F:\sourceCode\Eclipse\PHP\ChemicalManage\App\Home\Dao\EcoInfoDao.class.php 第 15 行.
SQL: SELECT * FROM `eco_info`  [ RunTime:0.0010s ]
NOTIC: [8] Undefined variable: condition F:\sourceCode\Eclipse\PHP\ChemicalManage\App\Home\Dao\HealthEffectDao.class.php 第 15 行.
SQL: SELECT * FROM `health_effect`  [ RunTime:0.0010s ]
NOTIC: [8] Undefined variable: condition F:\sourceCode\Eclipse\PHP\ChemicalManage\App\Home\Dao\LeakDisposalDao.class.php 第 15 行.
SQL: SELECT * FROM `leak_disposal`  [ RunTime:0.0010s ]
NOTIC: [8] Undefined variable: condition F:\sourceCode\Eclipse\PHP\ChemicalManage\App\Home\Dao\MaterialAttrDao.class.php 第 15 行.
SQL: SELECT * FROM `material_attr`  [ RunTime:0.0000s ]
INFO: [ view_parse ] --START--
INFO: [ template_filter ] --START--
INFO: Run Behavior\ContentReplaceBehavior [ RunTime:0.001000s ]
INFO: [ template_filter ] --END-- [ RunTime:0.004000s ]
INFO: Run Behavior\ParseTemplateBehavior [ RunTime:0.105006s ]
INFO: [ view_parse ] --END-- [ RunTime:0.107006s ]
INFO: [ view_filter ] --START--
INFO: Run Behavior\WriteHtmlCacheBehavior [ RunTime:0.002001s ]
INFO: [ view_filter ] --END-- [ RunTime:0.004001s ]
INFO: [ app_end ] --START--
INFO: Run Behavior\ShowPageTraceBehavior [ RunTime:0.002000s ]
INFO: [ app_end ] --END-- [ RunTime:0.004000s ]

[ 2015-04-18T23:22:19+08:00 ] ::1 /ChemicalManage/index.php/Home/ChemicalSearch/getDetail?chId=1
INFO: [ app_init ] --START--
INFO: Run Behavior\BuildLiteBehavior [ RunTime:0.001000s ]
INFO: [ app_init ] --END-- [ RunTime:0.003000s ]
INFO: [ app_begin ] --START--
INFO: Run Behavior\ReadHtmlCacheBehavior [ RunTime:0.016001s ]
INFO: [ app_begin ] --END-- [ RunTime:0.018001s ]
SQL: SHOW COLUMNS FROM `chemical_basic` [ RunTime:0.0040s ]
SQL: SHOW COLUMNS FROM `chemical_basic` [ RunTime:0.0030s ]
SQL: SHOW COLUMNS FROM `chemical_basic` [ RunTime:0.0040s ]
SQL: SHOW COLUMNS FROM `chemical_refer` [ RunTime:0.0030s ]
SQL: SHOW COLUMNS FROM `chemical_refer` [ RunTime:0.0030s ]
SQL: SHOW COLUMNS FROM `eco_info` [ RunTime:0.0030s ]
SQL: SHOW COLUMNS FROM `eco_info` [ RunTime:0.0030s ]
SQL: SHOW COLUMNS FROM `health_effect` [ RunTime:0.0030s ]
SQL: SHOW COLUMNS FROM `health_effect` [ RunTime:0.0030s ]
SQL: SHOW COLUMNS FROM `leak_disposal` [ RunTime:0.0030s ]
SQL: SHOW COLUMNS FROM `leak_disposal` [ RunTime:0.0040s ]
SQL: SHOW COLUMNS FROM `material_attr` [ RunTime:0.0030s ]
SQL: SHOW COLUMNS FROM `material_attr` [ RunTime:0.0030s ]
SQL: SELECT * FROM `chemical_basic` INNER JOIN danger_level on chemical_basic.danger_level_id=danger_level.danger_level_id  WHERE `chemical_id` = '1'  [ RunTime:0.0010s ]
SQL: SELECT * FROM `chemical_refer` INNER JOIN refer_db on chemical_refer.refer_id=chemical_refer.refer_id  WHERE `chemical_id` = '1'  [ RunTime:0.0000s ]
NOTIC: [8] Undefined variable: condition F:\sourceCode\Eclipse\PHP\ChemicalManage\App\Home\Dao\EcoInfoDao.class.php 第 15 行.
SQL: SELECT * FROM `eco_info`  [ RunTime:0.0010s ]
NOTIC: [8] Undefined variable: condition F:\sourceCode\Eclipse\PHP\ChemicalManage\App\Home\Dao\HealthEffectDao.class.php 第 15 行.
SQL: SELECT * FROM `health_effect`  [ RunTime:0.0010s ]
NOTIC: [8] Undefined variable: condition F:\sourceCode\Eclipse\PHP\ChemicalManage\App\Home\Dao\LeakDisposalDao.class.php 第 15 行.
SQL: SELECT * FROM `leak_disposal`  [ RunTime:0.0000s ]
NOTIC: [8] Undefined variable: condition F:\sourceCode\Eclipse\PHP\ChemicalManage\App\Home\Dao\MaterialAttrDao.class.php 第 15 行.
SQL: SELECT * FROM `material_attr`  [ RunTime:0.0000s ]
INFO: [ view_parse ] --START--
INFO: [ template_filter ] --START--
INFO: Run Behavior\ContentReplaceBehavior [ RunTime:0.001000s ]
INFO: [ template_filter ] --END-- [ RunTime:0.003000s ]
INFO: Run Behavior\ParseTemplateBehavior [ RunTime:0.259014s ]
INFO: [ view_parse ] --END-- [ RunTime:0.263015s ]
INFO: [ view_filter ] --START--
INFO: Run Behavior\WriteHtmlCacheBehavior [ RunTime:0.004000s ]
INFO: [ view_filter ] --END-- [ RunTime:0.008000s ]
INFO: [ app_end ] --START--
INFO: Run Behavior\ShowPageTraceBehavior [ RunTime:0.003000s ]
INFO: [ app_end ] --END-- [ RunTime:0.008001s ]

[ 2015-04-18T23:22:56+08:00 ] ::1 /ChemicalManage/index.php/Home/ChemicalSearch/getDetail?chId=1
INFO: [ app_init ] --START--
INFO: Run Behavior\BuildLiteBehavior [ RunTime:0.000000s ]
INFO: [ app_init ] --END-- [ RunTime:0.003000s ]
INFO: [ app_begin ] --START--
INFO: Run Behavior\ReadHtmlCacheBehavior [ RunTime:0.002000s ]
INFO: [ app_begin ] --END-- [ RunTime:0.004000s ]
SQL: SHOW COLUMNS FROM `chemical_basic` [ RunTime:0.0060s ]
SQL: SHOW COLUMNS FROM `chemical_basic` [ RunTime:0.0060s ]
SQL: SHOW COLUMNS FROM `chemical_basic` [ RunTime:0.0060s ]
SQL: SHOW COLUMNS FROM `chemical_refer` [ RunTime:0.0040s ]
SQL: SHOW COLUMNS FROM `chemical_refer` [ RunTime:0.0080s ]
SQL: SHOW COLUMNS FROM `eco_info` [ RunTime:0.0030s ]
SQL: SHOW COLUMNS FROM `eco_info` [ RunTime:0.0040s ]
SQL: SHOW COLUMNS FROM `health_effect` [ RunTime:0.0040s ]
SQL: SHOW COLUMNS FROM `health_effect` [ RunTime:0.0040s ]
SQL: SHOW COLUMNS FROM `leak_disposal` [ RunTime:0.0040s ]
SQL: SHOW COLUMNS FROM `leak_disposal` [ RunTime:0.0030s ]
SQL: SHOW COLUMNS FROM `material_attr` [ RunTime:0.0040s ]
SQL: SHOW COLUMNS FROM `material_attr` [ RunTime:0.0040s ]
SQL: SELECT * FROM `chemical_basic` INNER JOIN danger_level on chemical_basic.danger_level_id=danger_level.danger_level_id  WHERE `chemical_id` = '1'  [ RunTime:0.0010s ]
SQL: SELECT * FROM `chemical_refer` INNER JOIN refer_db on chemical_refer.refer_id=chemical_refer.refer_id  WHERE `chemical_id` = '1'  [ RunTime:0.0000s ]
NOTIC: [8] Undefined variable: condition F:\sourceCode\Eclipse\PHP\ChemicalManage\App\Home\Dao\EcoInfoDao.class.php 第 15 行.
SQL: SELECT * FROM `eco_info`  [ RunTime:0.0000s ]
NOTIC: [8] Undefined variable: condition F:\sourceCode\Eclipse\PHP\ChemicalManage\App\Home\Dao\HealthEffectDao.class.php 第 15 行.
SQL: SELECT * FROM `health_effect`  [ RunTime:0.0010s ]
NOTIC: [8] Undefined variable: condition F:\sourceCode\Eclipse\PHP\ChemicalManage\App\Home\Dao\LeakDisposalDao.class.php 第 15 行.
SQL: SELECT * FROM `leak_disposal`  [ RunTime:0.0010s ]
NOTIC: [8] Undefined variable: condition F:\sourceCode\Eclipse\PHP\ChemicalManage\App\Home\Dao\MaterialAttrDao.class.php 第 15 行.
SQL: SELECT * FROM `material_attr`  [ RunTime:0.0010s ]
INFO: [ view_parse ] --START--
INFO: [ template_filter ] --START--
INFO: Run Behavior\ContentReplaceBehavior [ RunTime:0.001000s ]
INFO: [ template_filter ] --END-- [ RunTime:0.003000s ]
INFO: Run Behavior\ParseTemplateBehavior [ RunTime:0.103005s ]
INFO: [ view_parse ] --END-- [ RunTime:0.105007s ]
INFO: [ view_filter ] --START--
INFO: Run Behavior\WriteHtmlCacheBehavior [ RunTime:0.002000s ]
INFO: [ view_filter ] --END-- [ RunTime:0.004000s ]
INFO: [ app_end ] --START--
INFO: Run Behavior\ShowPageTraceBehavior [ RunTime:0.002000s ]
INFO: [ app_end ] --END-- [ RunTime:0.004000s ]

[ 2015-04-18T23:23:12+08:00 ] ::1 /ChemicalManage/index.php/Home/ChemicalSearch/getDetail?chId=1
INFO: [ app_init ] --START--
INFO: Run Behavior\BuildLiteBehavior [ RunTime:0.001000s ]
INFO: [ app_init ] --END-- [ RunTime:0.003000s ]
INFO: [ app_begin ] --START--
INFO: Run Behavior\ReadHtmlCacheBehavior [ RunTime:0.002000s ]
INFO: [ app_begin ] --END-- [ RunTime:0.004000s ]
SQL: SHOW COLUMNS FROM `chemical_basic` [ RunTime:0.0050s ]
SQL: SHOW COLUMNS FROM `chemical_basic` [ RunTime:0.0030s ]
SQL: SHOW COLUMNS FROM `chemical_basic` [ RunTime:0.0030s ]
SQL: SHOW COLUMNS FROM `chemical_refer` [ RunTime:0.0040s ]
SQL: SHOW COLUMNS FROM `chemical_refer` [ RunTime:0.0040s ]
SQL: SHOW COLUMNS FROM `eco_info` [ RunTime:0.0030s ]
SQL: SHOW COLUMNS FROM `eco_info` [ RunTime:0.0030s ]
SQL: SHOW COLUMNS FROM `health_effect` [ RunTime:0.0040s ]
SQL: SHOW COLUMNS FROM `health_effect` [ RunTime:0.0030s ]
SQL: SHOW COLUMNS FROM `leak_disposal` [ RunTime:0.0040s ]
SQL: SHOW COLUMNS FROM `leak_disposal` [ RunTime:0.0040s ]
SQL: SHOW COLUMNS FROM `material_attr` [ RunTime:0.0030s ]
SQL: SHOW COLUMNS FROM `material_attr` [ RunTime:0.0040s ]
SQL: SELECT * FROM `chemical_basic` INNER JOIN danger_level on chemical_basic.danger_level_id=danger_level.danger_level_id  WHERE `chemical_id` = '1'  [ RunTime:0.0010s ]
SQL: SELECT * FROM `chemical_refer` INNER JOIN refer_db on chemical_refer.refer_id=chemical_refer.refer_id  WHERE `chemical_id` = '1'  [ RunTime:0.0010s ]
NOTIC: [8] Undefined variable: condition F:\sourceCode\Eclipse\PHP\ChemicalManage\App\Home\Dao\EcoInfoDao.class.php 第 15 行.
SQL: SELECT * FROM `eco_info`  [ RunTime:0.0010s ]
NOTIC: [8] Undefined variable: condition F:\sourceCode\Eclipse\PHP\ChemicalManage\App\Home\Dao\HealthEffectDao.class.php 第 15 行.
SQL: SELECT * FROM `health_effect`  [ RunTime:0.0010s ]
NOTIC: [8] Undefined variable: condition F:\sourceCode\Eclipse\PHP\ChemicalManage\App\Home\Dao\LeakDisposalDao.class.php 第 15 行.
SQL: SELECT * FROM `leak_disposal`  [ RunTime:0.0000s ]
NOTIC: [8] Undefined variable: condition F:\sourceCode\Eclipse\PHP\ChemicalManage\App\Home\Dao\MaterialAttrDao.class.php 第 15 行.
SQL: SELECT * FROM `material_attr`  [ RunTime:0.0010s ]
INFO: [ view_parse ] --START--
INFO: [ template_filter ] --START--
INFO: Run Behavior\ContentReplaceBehavior [ RunTime:0.001000s ]
INFO: [ template_filter ] --END-- [ RunTime:0.004000s ]
INFO: Run Behavior\ParseTemplateBehavior [ RunTime:0.110006s ]
INFO: [ view_parse ] --END-- [ RunTime:0.113006s ]
INFO: [ view_filter ] --START--
INFO: Run Behavior\WriteHtmlCacheBehavior [ RunTime:0.002000s ]
INFO: [ view_filter ] --END-- [ RunTime:0.004000s ]
INFO: [ app_end ] --START--
INFO: Run Behavior\ShowPageTraceBehavior [ RunTime:0.002001s ]
INFO: [ app_end ] --END-- [ RunTime:0.004001s ]

[ 2015-04-18T23:24:42+08:00 ] ::1 /ChemicalManage/index.php/Home/ChemicalSearch/search?search_key=
INFO: [ app_init ] --START--
INFO: Run Behavior\BuildLiteBehavior [ RunTime:0.001000s ]
INFO: [ app_init ] --END-- [ RunTime:0.004001s ]
INFO: [ app_begin ] --START--
INFO: Run Behavior\ReadHtmlCacheBehavior [ RunTime:0.003000s ]
INFO: [ app_begin ] --END-- [ RunTime:0.006000s ]
SQL: SHOW COLUMNS FROM `chemical_basic` [ RunTime:0.0070s ]
SQL: SHOW COLUMNS FROM `chemical_basic` [ RunTime:0.0070s ]
SQL: SHOW COLUMNS FROM `chemical_basic` [ RunTime:0.0080s ]
SQL: SHOW COLUMNS FROM `chemical_refer` [ RunTime:0.0040s ]
SQL: SHOW COLUMNS FROM `chemical_refer` [ RunTime:0.0040s ]
SQL: SHOW COLUMNS FROM `eco_info` [ RunTime:0.0030s ]
SQL: SHOW COLUMNS FROM `eco_info` [ RunTime:0.0040s ]
SQL: SHOW COLUMNS FROM `health_effect` [ RunTime:0.0030s ]
SQL: SHOW COLUMNS FROM `health_effect` [ RunTime:0.0040s ]
SQL: SHOW COLUMNS FROM `leak_disposal` [ RunTime:0.0030s ]
SQL: SHOW COLUMNS FROM `leak_disposal` [ RunTime:0.0030s ]
SQL: SHOW COLUMNS FROM `material_attr` [ RunTime:0.0030s ]
SQL: SHOW COLUMNS FROM `material_attr` [ RunTime:0.0040s ]
SQL: SELECT count(*) AS `total` FROM `chemical_basic`  [ RunTime:0.0010s ]
SQL: SELECT * FROM `chemical_basic` INNER JOIN danger_level on chemical_basic.danger_level_id=danger_level.danger_level_id  LIMIT 0,20   [ RunTime:0.0010s ]
INFO: [ view_parse ] --START--
INFO: [ template_filter ] --START--
INFO: Run Behavior\ContentReplaceBehavior [ RunTime:0.001000s ]
INFO: [ template_filter ] --END-- [ RunTime:0.003000s ]
NOTIC: [2] imagepng() expects parameter 1 to be resource, string given F:\sourceCode\Eclipse\PHP\ChemicalManage\Runtime\Cache\Home\619b8e5a37251cd2de839cd132917741.php 第 68 行.
INFO: Run Behavior\ParseTemplateBehavior [ RunTime:0.072005s ]
INFO: [ view_parse ] --END-- [ RunTime:0.076005s ]
INFO: [ view_filter ] --START--
INFO: Run Behavior\WriteHtmlCacheBehavior [ RunTime:0.002000s ]
INFO: [ view_filter ] --END-- [ RunTime:0.004000s ]
INFO: [ app_end ] --START--
INFO: Run Behavior\ShowPageTraceBehavior [ RunTime:0.003000s ]
INFO: [ app_end ] --END-- [ RunTime:0.005000s ]

[ 2015-04-18T23:24:54+08:00 ] ::1 /ChemicalManage/index.php/Home/ChemicalSearch/getDetail?chId=1
INFO: [ app_init ] --START--
INFO: Run Behavior\BuildLiteBehavior [ RunTime:0.000000s ]
INFO: [ app_init ] --END-- [ RunTime:0.004000s ]
INFO: [ app_begin ] --START--
INFO: Run Behavior\ReadHtmlCacheBehavior [ RunTime:0.002000s ]
INFO: [ app_begin ] --END-- [ RunTime:0.005000s ]
SQL: SHOW COLUMNS FROM `chemical_basic` [ RunTime:0.0050s ]
SQL: SHOW COLUMNS FROM `chemical_basic` [ RunTime:0.0040s ]
SQL: SHOW COLUMNS FROM `chemical_basic` [ RunTime:0.0040s ]
SQL: SHOW COLUMNS FROM `chemical_refer` [ RunTime:0.0040s ]
SQL: SHOW COLUMNS FROM `chemical_refer` [ RunTime:0.0040s ]
SQL: SHOW COLUMNS FROM `eco_info` [ RunTime:0.0050s ]
SQL: SHOW COLUMNS FROM `eco_info` [ RunTime:0.0030s ]
SQL: SHOW COLUMNS FROM `health_effect` [ RunTime:0.0040s ]
SQL: SHOW COLUMNS FROM `health_effect` [ RunTime:0.0040s ]
SQL: SHOW COLUMNS FROM `leak_disposal` [ RunTime:0.0040s ]
SQL: SHOW COLUMNS FROM `leak_disposal` [ RunTime:0.0030s ]
SQL: SHOW COLUMNS FROM `material_attr` [ RunTime:0.0140s ]
SQL: SHOW COLUMNS FROM `material_attr` [ RunTime:0.0040s ]
SQL: SELECT * FROM `chemical_basic` INNER JOIN danger_level on chemical_basic.danger_level_id=danger_level.danger_level_id  WHERE `chemical_id` = '1'  [ RunTime:0.0000s ]
SQL: SELECT * FROM `chemical_refer` INNER JOIN refer_db on chemical_refer.refer_id=chemical_refer.refer_id  WHERE `chemical_id` = '1'  [ RunTime:0.0010s ]
NOTIC: [8] Undefined variable: condition F:\sourceCode\Eclipse\PHP\ChemicalManage\App\Home\Dao\EcoInfoDao.class.php 第 15 行.
SQL: SELECT * FROM `eco_info`  [ RunTime:0.0000s ]
NOTIC: [8] Undefined variable: condition F:\sourceCode\Eclipse\PHP\ChemicalManage\App\Home\Dao\HealthEffectDao.class.php 第 15 行.
SQL: SELECT * FROM `health_effect`  [ RunTime:0.0010s ]
NOTIC: [8] Undefined variable: condition F:\sourceCode\Eclipse\PHP\ChemicalManage\App\Home\Dao\LeakDisposalDao.class.php 第 15 行.
SQL: SELECT * FROM `leak_disposal`  [ RunTime:0.0010s ]
NOTIC: [8] Undefined variable: condition F:\sourceCode\Eclipse\PHP\ChemicalManage\App\Home\Dao\MaterialAttrDao.class.php 第 15 行.
SQL: SELECT * FROM `material_attr`  [ RunTime:0.0000s ]
INFO: [ view_parse ] --START--
INFO: [ template_filter ] --START--
INFO: Run Behavior\ContentReplaceBehavior [ RunTime:0.001000s ]
INFO: [ template_filter ] --END-- [ RunTime:0.003000s ]
INFO: Run Behavior\ParseTemplateBehavior [ RunTime:0.108006s ]
INFO: [ view_parse ] --END-- [ RunTime:0.110006s ]
INFO: [ view_filter ] --START--
INFO: Run Behavior\WriteHtmlCacheBehavior [ RunTime:0.001000s ]
INFO: [ view_filter ] --END-- [ RunTime:0.005000s ]
INFO: [ app_end ] --START--
INFO: Run Behavior\ShowPageTraceBehavior [ RunTime:0.003001s ]
INFO: [ app_end ] --END-- [ RunTime:0.005001s ]

