[ 2015-04-24T12:30:10+08:00 ] ::1 /ChemicalManage/
INFO: [ app_init ] --START--
INFO: Run Behavior\BuildLiteBehavior [ RunTime:0.000000s ]
INFO: [ app_init ] --END-- [ RunTime:0.277016s ]
INFO: [ app_begin ] --START--
INFO: Run Behavior\ReadHtmlCacheBehavior [ RunTime:0.103006s ]
INFO: [ app_begin ] --END-- [ RunTime:0.103006s ]
ERR: SQLSTATE[HY000] [1049] Unknown database 'chemical_manage'

[ 2015-04-24T12:37:53+08:00 ] ::1 /ChemicalManage/
INFO: [ app_init ] --START--
INFO: Run Behavior\BuildLiteBehavior [ RunTime:0.000000s ]
INFO: [ app_init ] --END-- [ RunTime:0.000000s ]
INFO: [ app_begin ] --START--
INFO: Run Behavior\ReadHtmlCacheBehavior [ RunTime:0.001001s ]
INFO: [ app_begin ] --END-- [ RunTime:0.001001s ]
SQL: SHOW COLUMNS FROM `chemical_basic` [ RunTime:0.1480s ]
SQL: SHOW COLUMNS FROM `chemical_basic` [ RunTime:0.0030s ]
SQL: SHOW COLUMNS FROM `danger_level` [ RunTime:0.0030s ]
SQL: SHOW COLUMNS FROM `danger_level` [ RunTime:0.0020s ]
SQL: SHOW COLUMNS FROM `chemical_basic` [ RunTime:0.0030s ]
SQL: SHOW COLUMNS FROM `chemical_basic` [ RunTime:0.0020s ]
SQL: SHOW COLUMNS FROM `chemical_refer` [ RunTime:0.0030s ]
SQL: SHOW COLUMNS FROM `chemical_refer` [ RunTime:0.0030s ]
SQL: SHOW COLUMNS FROM `eco_info` [ RunTime:0.0030s ]
SQL: SHOW COLUMNS FROM `eco_info` [ RunTime:0.0030s ]
SQL: SHOW COLUMNS FROM `health_effect` [ RunTime:0.0030s ]
SQL: SHOW COLUMNS FROM `health_effect` [ RunTime:0.0030s ]
SQL: SHOW COLUMNS FROM `leak_disposal` [ RunTime:0.0030s ]
SQL: SHOW COLUMNS FROM `leak_disposal` [ RunTime:0.0020s ]
SQL: SHOW COLUMNS FROM `material_attr` [ RunTime:0.0020s ]
SQL: SHOW COLUMNS FROM `material_attr` [ RunTime:0.0030s ]
SQL: SELECT * FROM `danger_level`  [ RunTime:0.0000s ]
SQL: SELECT * FROM `chemical_basic` INNER JOIN danger_level on chemical_basic.danger_level_id=danger_level.danger_level_id  WHERE chemical_basic.danger_level_id = '1' LIMIT 0,10   [ RunTime:0.0440s ]
SQL: SELECT * FROM `chemical_basic` INNER JOIN danger_level on chemical_basic.danger_level_id=danger_level.danger_level_id  WHERE chemical_basic.danger_level_id = '2' LIMIT 0,10   [ RunTime:0.0000s ]
SQL: SELECT * FROM `chemical_basic` INNER JOIN danger_level on chemical_basic.danger_level_id=danger_level.danger_level_id  WHERE chemical_basic.danger_level_id = '3' LIMIT 0,10   [ RunTime:0.0000s ]
INFO: [ view_parse ] --START--
INFO: [ template_filter ] --START--
INFO: Run Behavior\ContentReplaceBehavior [ RunTime:0.001000s ]
INFO: [ template_filter ] --END-- [ RunTime:0.001000s ]
NOTIC: [8] Undefined offset: 1 F:\Program Files (x86)\xampp\htdocs\ChemicalManage\Runtime\Cache\Home\c046e8f09f5013e6f3f2c1812d54574b.php 第 49 行.
NOTIC: [8] Undefined offset: 3 F:\Program Files (x86)\xampp\htdocs\ChemicalManage\Runtime\Cache\Home\c046e8f09f5013e6f3f2c1812d54574b.php 第 67 行.
INFO: Run Behavior\ParseTemplateBehavior [ RunTime:0.084005s ]
INFO: [ view_parse ] --END-- [ RunTime:0.084005s ]
INFO: [ view_filter ] --START--
INFO: Run Behavior\WriteHtmlCacheBehavior [ RunTime:0.008000s ]
INFO: [ view_filter ] --END-- [ RunTime:0.008000s ]
INFO: [ app_end ] --START--
INFO: Run Behavior\ShowPageTraceBehavior [ RunTime:0.001000s ]
INFO: [ app_end ] --END-- [ RunTime:0.001000s ]

[ 2015-04-24T12:38:01+08:00 ] ::1 /ChemicalManage/index.php/Home/chemicalSearch.php
INFO: [ app_init ] --START--
INFO: Run Behavior\BuildLiteBehavior [ RunTime:0.000000s ]
INFO: [ app_init ] --END-- [ RunTime:0.000000s ]
INFO: [ app_begin ] --START--
INFO: Run Behavior\ReadHtmlCacheBehavior [ RunTime:0.001000s ]
INFO: [ app_begin ] --END-- [ RunTime:0.001000s ]
SQL: SHOW COLUMNS FROM `chemical_basic` [ RunTime:0.0030s ]
SQL: SHOW COLUMNS FROM `chemical_basic` [ RunTime:0.0020s ]
SQL: SHOW COLUMNS FROM `chemical_basic` [ RunTime:0.0020s ]
SQL: SHOW COLUMNS FROM `chemical_refer` [ RunTime:0.0030s ]
SQL: SHOW COLUMNS FROM `chemical_refer` [ RunTime:0.0030s ]
SQL: SHOW COLUMNS FROM `eco_info` [ RunTime:0.0040s ]
SQL: SHOW COLUMNS FROM `eco_info` [ RunTime:0.0030s ]
SQL: SHOW COLUMNS FROM `health_effect` [ RunTime:0.0030s ]
SQL: SHOW COLUMNS FROM `health_effect` [ RunTime:0.0050s ]
SQL: SHOW COLUMNS FROM `leak_disposal` [ RunTime:0.0020s ]
SQL: SHOW COLUMNS FROM `leak_disposal` [ RunTime:0.0030s ]
SQL: SHOW COLUMNS FROM `material_attr` [ RunTime:0.0030s ]
SQL: SHOW COLUMNS FROM `material_attr` [ RunTime:0.0030s ]
SQL: SELECT count(*) AS `total` FROM `chemical_basic`  [ RunTime:0.0280s ]
SQL: SELECT * FROM `chemical_basic` INNER JOIN danger_level on chemical_basic.danger_level_id=danger_level.danger_level_id  LIMIT 0,20   [ RunTime:0.0140s ]
INFO: [ view_parse ] --START--
INFO: [ template_filter ] --START--
INFO: Run Behavior\ContentReplaceBehavior [ RunTime:0.000000s ]
INFO: [ template_filter ] --END-- [ RunTime:0.000000s ]
NOTIC: [2] imagepng() expects parameter 1 to be resource, string given F:\Program Files (x86)\xampp\htdocs\ChemicalManage\Runtime\Cache\Home\619b8e5a37251cd2de839cd132917741.php 第 68 行.
INFO: Run Behavior\ParseTemplateBehavior [ RunTime:0.044003s ]
INFO: [ view_parse ] --END-- [ RunTime:0.044003s ]
INFO: [ view_filter ] --START--
INFO: Run Behavior\WriteHtmlCacheBehavior [ RunTime:0.001000s ]
INFO: [ view_filter ] --END-- [ RunTime:0.001000s ]
INFO: [ app_end ] --START--
INFO: Run Behavior\ShowPageTraceBehavior [ RunTime:0.001000s ]
INFO: [ app_end ] --END-- [ RunTime:0.001000s ]

[ 2015-04-24T12:38:03+08:00 ] ::1 /ChemicalManage/index.php/Home/index.php
INFO: [ app_init ] --START--
INFO: Run Behavior\BuildLiteBehavior [ RunTime:0.000000s ]
INFO: [ app_init ] --END-- [ RunTime:0.001000s ]
INFO: [ app_begin ] --START--
INFO: Run Behavior\ReadHtmlCacheBehavior [ RunTime:0.001000s ]
INFO: [ app_begin ] --END-- [ RunTime:0.001000s ]
SQL: SHOW COLUMNS FROM `chemical_basic` [ RunTime:0.0030s ]
SQL: SHOW COLUMNS FROM `chemical_basic` [ RunTime:0.0030s ]
SQL: SHOW COLUMNS FROM `danger_level` [ RunTime:0.0030s ]
SQL: SHOW COLUMNS FROM `danger_level` [ RunTime:0.0020s ]
SQL: SHOW COLUMNS FROM `chemical_basic` [ RunTime:0.0030s ]
SQL: SHOW COLUMNS FROM `chemical_basic` [ RunTime:0.0030s ]
SQL: SHOW COLUMNS FROM `chemical_refer` [ RunTime:0.0030s ]
SQL: SHOW COLUMNS FROM `chemical_refer` [ RunTime:0.0020s ]
SQL: SHOW COLUMNS FROM `eco_info` [ RunTime:0.0030s ]
SQL: SHOW COLUMNS FROM `eco_info` [ RunTime:0.0030s ]
SQL: SHOW COLUMNS FROM `health_effect` [ RunTime:0.0030s ]
SQL: SHOW COLUMNS FROM `health_effect` [ RunTime:0.0030s ]
SQL: SHOW COLUMNS FROM `leak_disposal` [ RunTime:0.0020s ]
SQL: SHOW COLUMNS FROM `leak_disposal` [ RunTime:0.0030s ]
SQL: SHOW COLUMNS FROM `material_attr` [ RunTime:0.0030s ]
SQL: SHOW COLUMNS FROM `material_attr` [ RunTime:0.0030s ]
SQL: SELECT * FROM `danger_level`  [ RunTime:0.0010s ]
SQL: SELECT * FROM `chemical_basic` INNER JOIN danger_level on chemical_basic.danger_level_id=danger_level.danger_level_id  WHERE chemical_basic.danger_level_id = '1' LIMIT 0,10   [ RunTime:0.0000s ]
SQL: SELECT * FROM `chemical_basic` INNER JOIN danger_level on chemical_basic.danger_level_id=danger_level.danger_level_id  WHERE chemical_basic.danger_level_id = '2' LIMIT 0,10   [ RunTime:0.0010s ]
SQL: SELECT * FROM `chemical_basic` INNER JOIN danger_level on chemical_basic.danger_level_id=danger_level.danger_level_id  WHERE chemical_basic.danger_level_id = '3' LIMIT 0,10   [ RunTime:0.0010s ]
INFO: [ view_parse ] --START--
INFO: [ template_filter ] --START--
INFO: Run Behavior\ContentReplaceBehavior [ RunTime:0.000000s ]
INFO: [ template_filter ] --END-- [ RunTime:0.000000s ]
NOTIC: [8] Undefined offset: 1 F:\Program Files (x86)\xampp\htdocs\ChemicalManage\Runtime\Cache\Home\c046e8f09f5013e6f3f2c1812d54574b.php 第 49 行.
NOTIC: [8] Undefined offset: 3 F:\Program Files (x86)\xampp\htdocs\ChemicalManage\Runtime\Cache\Home\c046e8f09f5013e6f3f2c1812d54574b.php 第 67 行.
INFO: Run Behavior\ParseTemplateBehavior [ RunTime:0.006000s ]
INFO: [ view_parse ] --END-- [ RunTime:0.006000s ]
INFO: [ view_filter ] --START--
INFO: Run Behavior\WriteHtmlCacheBehavior [ RunTime:0.000000s ]
INFO: [ view_filter ] --END-- [ RunTime:0.000000s ]
INFO: [ app_end ] --START--
INFO: Run Behavior\ShowPageTraceBehavior [ RunTime:0.001000s ]
INFO: [ app_end ] --END-- [ RunTime:0.001000s ]

[ 2015-04-24T12:38:05+08:00 ] ::1 /ChemicalManage/index.php/Home/chemicalSearch.php
INFO: [ app_init ] --START--
INFO: Run Behavior\BuildLiteBehavior [ RunTime:0.000000s ]
INFO: [ app_init ] --END-- [ RunTime:0.001000s ]
INFO: [ app_begin ] --START--
INFO: Run Behavior\ReadHtmlCacheBehavior [ RunTime:0.000000s ]
INFO: [ app_begin ] --END-- [ RunTime:0.000000s ]
SQL: SHOW COLUMNS FROM `chemical_basic` [ RunTime:0.0030s ]
SQL: SHOW COLUMNS FROM `chemical_basic` [ RunTime:0.0030s ]
SQL: SHOW COLUMNS FROM `chemical_basic` [ RunTime:0.0030s ]
SQL: SHOW COLUMNS FROM `chemical_refer` [ RunTime:0.0040s ]
SQL: SHOW COLUMNS FROM `chemical_refer` [ RunTime:0.0020s ]
SQL: SHOW COLUMNS FROM `eco_info` [ RunTime:0.0030s ]
SQL: SHOW COLUMNS FROM `eco_info` [ RunTime:0.0030s ]
SQL: SHOW COLUMNS FROM `health_effect` [ RunTime:0.0050s ]
SQL: SHOW COLUMNS FROM `health_effect` [ RunTime:0.0030s ]
SQL: SHOW COLUMNS FROM `leak_disposal` [ RunTime:0.0020s ]
SQL: SHOW COLUMNS FROM `leak_disposal` [ RunTime:0.0030s ]
SQL: SHOW COLUMNS FROM `material_attr` [ RunTime:0.0040s ]
SQL: SHOW COLUMNS FROM `material_attr` [ RunTime:0.0030s ]
SQL: SELECT count(*) AS `total` FROM `chemical_basic`  [ RunTime:0.0000s ]
SQL: SELECT * FROM `chemical_basic` INNER JOIN danger_level on chemical_basic.danger_level_id=danger_level.danger_level_id  LIMIT 0,20   [ RunTime:0.0010s ]
INFO: [ view_parse ] --START--
INFO: [ template_filter ] --START--
INFO: Run Behavior\ContentReplaceBehavior [ RunTime:0.000000s ]
INFO: [ template_filter ] --END-- [ RunTime:0.000000s ]
NOTIC: [2] imagepng() expects parameter 1 to be resource, string given F:\Program Files (x86)\xampp\htdocs\ChemicalManage\Runtime\Cache\Home\619b8e5a37251cd2de839cd132917741.php 第 68 行.
INFO: Run Behavior\ParseTemplateBehavior [ RunTime:0.011000s ]
INFO: [ view_parse ] --END-- [ RunTime:0.011000s ]
INFO: [ view_filter ] --START--
INFO: Run Behavior\WriteHtmlCacheBehavior [ RunTime:0.000000s ]
INFO: [ view_filter ] --END-- [ RunTime:0.000000s ]
INFO: [ app_end ] --START--
INFO: Run Behavior\ShowPageTraceBehavior [ RunTime:0.000000s ]
INFO: [ app_end ] --END-- [ RunTime:0.000000s ]

[ 2015-04-24T12:38:09+08:00 ] ::1 /ChemicalManage/index.php/Home/index.php
INFO: [ app_init ] --START--
INFO: Run Behavior\BuildLiteBehavior [ RunTime:0.000000s ]
INFO: [ app_init ] --END-- [ RunTime:0.000000s ]
INFO: [ app_begin ] --START--
INFO: Run Behavior\ReadHtmlCacheBehavior [ RunTime:0.000000s ]
INFO: [ app_begin ] --END-- [ RunTime:0.000000s ]
SQL: SHOW COLUMNS FROM `chemical_basic` [ RunTime:0.0030s ]
SQL: SHOW COLUMNS FROM `chemical_basic` [ RunTime:0.0030s ]
SQL: SHOW COLUMNS FROM `danger_level` [ RunTime:0.0030s ]
SQL: SHOW COLUMNS FROM `danger_level` [ RunTime:0.0030s ]
SQL: SHOW COLUMNS FROM `chemical_basic` [ RunTime:0.0030s ]
SQL: SHOW COLUMNS FROM `chemical_basic` [ RunTime:0.0040s ]
SQL: SHOW COLUMNS FROM `chemical_refer` [ RunTime:0.0020s ]
SQL: SHOW COLUMNS FROM `chemical_refer` [ RunTime:0.0030s ]
SQL: SHOW COLUMNS FROM `eco_info` [ RunTime:0.0030s ]
SQL: SHOW COLUMNS FROM `eco_info` [ RunTime:0.0040s ]
SQL: SHOW COLUMNS FROM `health_effect` [ RunTime:0.0040s ]
SQL: SHOW COLUMNS FROM `health_effect` [ RunTime:0.0030s ]
SQL: SHOW COLUMNS FROM `leak_disposal` [ RunTime:0.0020s ]
SQL: SHOW COLUMNS FROM `leak_disposal` [ RunTime:0.0040s ]
SQL: SHOW COLUMNS FROM `material_attr` [ RunTime:0.0030s ]
SQL: SHOW COLUMNS FROM `material_attr` [ RunTime:0.0040s ]
SQL: SELECT * FROM `danger_level`  [ RunTime:0.0000s ]
SQL: SELECT * FROM `chemical_basic` INNER JOIN danger_level on chemical_basic.danger_level_id=danger_level.danger_level_id  WHERE chemical_basic.danger_level_id = '1' LIMIT 0,10   [ RunTime:0.0000s ]
SQL: SELECT * FROM `chemical_basic` INNER JOIN danger_level on chemical_basic.danger_level_id=danger_level.danger_level_id  WHERE chemical_basic.danger_level_id = '2' LIMIT 0,10   [ RunTime:0.0000s ]
SQL: SELECT * FROM `chemical_basic` INNER JOIN danger_level on chemical_basic.danger_level_id=danger_level.danger_level_id  WHERE chemical_basic.danger_level_id = '3' LIMIT 0,10   [ RunTime:0.0010s ]
INFO: [ view_parse ] --START--
INFO: [ template_filter ] --START--
INFO: Run Behavior\ContentReplaceBehavior [ RunTime:0.000000s ]
INFO: [ template_filter ] --END-- [ RunTime:0.000000s ]
NOTIC: [8] Undefined offset: 1 F:\Program Files (x86)\xampp\htdocs\ChemicalManage\Runtime\Cache\Home\c046e8f09f5013e6f3f2c1812d54574b.php 第 49 行.
NOTIC: [8] Undefined offset: 3 F:\Program Files (x86)\xampp\htdocs\ChemicalManage\Runtime\Cache\Home\c046e8f09f5013e6f3f2c1812d54574b.php 第 67 行.
INFO: Run Behavior\ParseTemplateBehavior [ RunTime:0.007000s ]
INFO: [ view_parse ] --END-- [ RunTime:0.007000s ]
INFO: [ view_filter ] --START--
INFO: Run Behavior\WriteHtmlCacheBehavior [ RunTime:0.000000s ]
INFO: [ view_filter ] --END-- [ RunTime:0.000000s ]
INFO: [ app_end ] --START--
INFO: Run Behavior\ShowPageTraceBehavior [ RunTime:0.001000s ]
INFO: [ app_end ] --END-- [ RunTime:0.001000s ]

[ 2015-04-24T12:38:29+08:00 ] ::1 /ChemicalManage/index.php/Home/index.php
INFO: [ app_init ] --START--
INFO: Run Behavior\BuildLiteBehavior [ RunTime:0.000000s ]
INFO: [ app_init ] --END-- [ RunTime:0.001000s ]
INFO: [ app_begin ] --START--
INFO: Run Behavior\ReadHtmlCacheBehavior [ RunTime:0.000000s ]
INFO: [ app_begin ] --END-- [ RunTime:0.000000s ]
SQL: SHOW COLUMNS FROM `chemical_basic` [ RunTime:0.0020s ]
SQL: SHOW COLUMNS FROM `chemical_basic` [ RunTime:0.0020s ]
SQL: SHOW COLUMNS FROM `danger_level` [ RunTime:0.0020s ]
SQL: SHOW COLUMNS FROM `danger_level` [ RunTime:0.0030s ]
SQL: SHOW COLUMNS FROM `chemical_basic` [ RunTime:0.0030s ]
SQL: SHOW COLUMNS FROM `chemical_basic` [ RunTime:0.0030s ]
SQL: SHOW COLUMNS FROM `chemical_refer` [ RunTime:0.0020s ]
SQL: SHOW COLUMNS FROM `chemical_refer` [ RunTime:0.0030s ]
SQL: SHOW COLUMNS FROM `eco_info` [ RunTime:0.0020s ]
SQL: SHOW COLUMNS FROM `eco_info` [ RunTime:0.0030s ]
SQL: SHOW COLUMNS FROM `health_effect` [ RunTime:0.0020s ]
SQL: SHOW COLUMNS FROM `health_effect` [ RunTime:0.0020s ]
SQL: SHOW COLUMNS FROM `leak_disposal` [ RunTime:0.0030s ]
SQL: SHOW COLUMNS FROM `leak_disposal` [ RunTime:0.0030s ]
SQL: SHOW COLUMNS FROM `material_attr` [ RunTime:0.0030s ]
SQL: SHOW COLUMNS FROM `material_attr` [ RunTime:0.0030s ]
SQL: SELECT * FROM `danger_level`  [ RunTime:0.0000s ]
SQL: SELECT * FROM `chemical_basic` INNER JOIN danger_level on chemical_basic.danger_level_id=danger_level.danger_level_id  WHERE chemical_basic.danger_level_id = '1' LIMIT 0,10   [ RunTime:0.0010s ]
SQL: SELECT * FROM `chemical_basic` INNER JOIN danger_level on chemical_basic.danger_level_id=danger_level.danger_level_id  WHERE chemical_basic.danger_level_id = '2' LIMIT 0,10   [ RunTime:0.0000s ]
SQL: SELECT * FROM `chemical_basic` INNER JOIN danger_level on chemical_basic.danger_level_id=danger_level.danger_level_id  WHERE chemical_basic.danger_level_id = '3' LIMIT 0,10   [ RunTime:0.0000s ]
INFO: [ view_parse ] --START--
INFO: [ template_filter ] --START--
INFO: Run Behavior\ContentReplaceBehavior [ RunTime:0.000000s ]
INFO: [ template_filter ] --END-- [ RunTime:0.000000s ]
NOTIC: [8] Undefined offset: 1 F:\Program Files (x86)\xampp\htdocs\ChemicalManage\Runtime\Cache\Home\c046e8f09f5013e6f3f2c1812d54574b.php 第 49 行.
NOTIC: [8] Undefined offset: 3 F:\Program Files (x86)\xampp\htdocs\ChemicalManage\Runtime\Cache\Home\c046e8f09f5013e6f3f2c1812d54574b.php 第 67 行.
INFO: Run Behavior\ParseTemplateBehavior [ RunTime:0.005000s ]
INFO: [ view_parse ] --END-- [ RunTime:0.005000s ]
INFO: [ view_filter ] --START--
INFO: Run Behavior\WriteHtmlCacheBehavior [ RunTime:0.001000s ]
INFO: [ view_filter ] --END-- [ RunTime:0.001000s ]
INFO: [ app_end ] --START--
INFO: Run Behavior\ShowPageTraceBehavior [ RunTime:0.000000s ]
INFO: [ app_end ] --END-- [ RunTime:0.000000s ]

[ 2015-04-24T12:38:54+08:00 ] ::1 /ChemicalManage/index.php/Home/index.php
INFO: [ app_init ] --START--
INFO: Run Behavior\BuildLiteBehavior [ RunTime:0.000000s ]
INFO: [ app_init ] --END-- [ RunTime:0.001000s ]
INFO: [ app_begin ] --START--
INFO: Run Behavior\ReadHtmlCacheBehavior [ RunTime:0.000000s ]
INFO: [ app_begin ] --END-- [ RunTime:0.000000s ]
SQL: SHOW COLUMNS FROM `chemical_basic` [ RunTime:0.0020s ]
SQL: SHOW COLUMNS FROM `chemical_basic` [ RunTime:0.0020s ]
SQL: SHOW COLUMNS FROM `danger_level` [ RunTime:0.0030s ]
SQL: SHOW COLUMNS FROM `danger_level` [ RunTime:0.0020s ]
SQL: SHOW COLUMNS FROM `chemical_basic` [ RunTime:0.0030s ]
SQL: SHOW COLUMNS FROM `chemical_basic` [ RunTime:0.0030s ]
SQL: SHOW COLUMNS FROM `chemical_refer` [ RunTime:0.0020s ]
SQL: SHOW COLUMNS FROM `chemical_refer` [ RunTime:0.0030s ]
SQL: SHOW COLUMNS FROM `eco_info` [ RunTime:0.0020s ]
SQL: SHOW COLUMNS FROM `eco_info` [ RunTime:0.0030s ]
SQL: SHOW COLUMNS FROM `health_effect` [ RunTime:0.0020s ]
SQL: SHOW COLUMNS FROM `health_effect` [ RunTime:0.0030s ]
SQL: SHOW COLUMNS FROM `leak_disposal` [ RunTime:0.0020s ]
SQL: SHOW COLUMNS FROM `leak_disposal` [ RunTime:0.0030s ]
SQL: SHOW COLUMNS FROM `material_attr` [ RunTime:0.0020s ]
SQL: SHOW COLUMNS FROM `material_attr` [ RunTime:0.0020s ]
SQL: SELECT * FROM `danger_level`  [ RunTime:0.0000s ]
SQL: SELECT * FROM `chemical_basic` INNER JOIN danger_level on chemical_basic.danger_level_id=danger_level.danger_level_id  WHERE chemical_basic.danger_level_id = '1' LIMIT 0,10   [ RunTime:0.0000s ]
SQL: SELECT * FROM `chemical_basic` INNER JOIN danger_level on chemical_basic.danger_level_id=danger_level.danger_level_id  WHERE chemical_basic.danger_level_id = '2' LIMIT 0,10   [ RunTime:0.0000s ]
SQL: SELECT * FROM `chemical_basic` INNER JOIN danger_level on chemical_basic.danger_level_id=danger_level.danger_level_id  WHERE chemical_basic.danger_level_id = '3' LIMIT 0,10   [ RunTime:0.0000s ]
INFO: [ view_parse ] --START--
INFO: [ template_filter ] --START--
INFO: Run Behavior\ContentReplaceBehavior [ RunTime:0.000000s ]
INFO: [ template_filter ] --END-- [ RunTime:0.000000s ]
NOTIC: [8] Undefined offset: 1 F:\Program Files (x86)\xampp\htdocs\ChemicalManage\Runtime\Cache\Home\c046e8f09f5013e6f3f2c1812d54574b.php 第 49 行.
NOTIC: [8] Undefined offset: 3 F:\Program Files (x86)\xampp\htdocs\ChemicalManage\Runtime\Cache\Home\c046e8f09f5013e6f3f2c1812d54574b.php 第 67 行.
INFO: Run Behavior\ParseTemplateBehavior [ RunTime:0.006000s ]
INFO: [ view_parse ] --END-- [ RunTime:0.006000s ]
INFO: [ view_filter ] --START--
INFO: Run Behavior\WriteHtmlCacheBehavior [ RunTime:0.001000s ]
INFO: [ view_filter ] --END-- [ RunTime:0.001000s ]
INFO: [ app_end ] --START--
INFO: Run Behavior\ShowPageTraceBehavior [ RunTime:0.001000s ]
INFO: [ app_end ] --END-- [ RunTime:0.001000s ]

[ 2015-04-24T12:39:34+08:00 ] ::1 /ChemicalManage/index.php/Home/chemicalSearch.php
INFO: [ app_init ] --START--
INFO: Run Behavior\BuildLiteBehavior [ RunTime:0.000000s ]
INFO: [ app_init ] --END-- [ RunTime:0.000000s ]
INFO: [ app_begin ] --START--
INFO: Run Behavior\ReadHtmlCacheBehavior [ RunTime:0.000000s ]
INFO: [ app_begin ] --END-- [ RunTime:0.000000s ]
SQL: SHOW COLUMNS FROM `chemical_basic` [ RunTime:0.0020s ]
SQL: SHOW COLUMNS FROM `chemical_basic` [ RunTime:0.0020s ]
SQL: SHOW COLUMNS FROM `chemical_basic` [ RunTime:0.0020s ]
SQL: SHOW COLUMNS FROM `chemical_refer` [ RunTime:0.0020s ]
SQL: SHOW COLUMNS FROM `chemical_refer` [ RunTime:0.0030s ]
SQL: SHOW COLUMNS FROM `eco_info` [ RunTime:0.0030s ]
SQL: SHOW COLUMNS FROM `eco_info` [ RunTime:0.0030s ]
SQL: SHOW COLUMNS FROM `health_effect` [ RunTime:0.0030s ]
SQL: SHOW COLUMNS FROM `health_effect` [ RunTime:0.0030s ]
SQL: SHOW COLUMNS FROM `leak_disposal` [ RunTime:0.0020s ]
SQL: SHOW COLUMNS FROM `leak_disposal` [ RunTime:0.0030s ]
SQL: SHOW COLUMNS FROM `material_attr` [ RunTime:0.0030s ]
SQL: SHOW COLUMNS FROM `material_attr` [ RunTime:0.0030s ]
SQL: SELECT count(*) AS `total` FROM `chemical_basic`  [ RunTime:0.0000s ]
SQL: SELECT * FROM `chemical_basic` INNER JOIN danger_level on chemical_basic.danger_level_id=danger_level.danger_level_id  LIMIT 0,20   [ RunTime:0.0010s ]
INFO: [ view_parse ] --START--
INFO: [ template_filter ] --START--
INFO: Run Behavior\ContentReplaceBehavior [ RunTime:0.001000s ]
INFO: [ template_filter ] --END-- [ RunTime:0.001000s ]
NOTIC: [2] imagepng() expects parameter 1 to be resource, string given F:\Program Files (x86)\xampp\htdocs\ChemicalManage\Runtime\Cache\Home\619b8e5a37251cd2de839cd132917741.php 第 68 行.
INFO: Run Behavior\ParseTemplateBehavior [ RunTime:0.007000s ]
INFO: [ view_parse ] --END-- [ RunTime:0.007000s ]
INFO: [ view_filter ] --START--
INFO: Run Behavior\WriteHtmlCacheBehavior [ RunTime:0.000000s ]
INFO: [ view_filter ] --END-- [ RunTime:0.000000s ]
INFO: [ app_end ] --START--
INFO: Run Behavior\ShowPageTraceBehavior [ RunTime:0.001000s ]
INFO: [ app_end ] --END-- [ RunTime:0.001000s ]

[ 2015-04-24T12:39:39+08:00 ] ::1 /ChemicalManage/index.php/Home/ChemicalSearch/getDetail?chId=1
INFO: [ app_init ] --START--
INFO: Run Behavior\BuildLiteBehavior [ RunTime:0.000000s ]
INFO: [ app_init ] --END-- [ RunTime:0.000000s ]
INFO: [ app_begin ] --START--
INFO: Run Behavior\ReadHtmlCacheBehavior [ RunTime:0.001000s ]
INFO: [ app_begin ] --END-- [ RunTime:0.001000s ]
SQL: SHOW COLUMNS FROM `chemical_basic` [ RunTime:0.0050s ]
SQL: SHOW COLUMNS FROM `chemical_basic` [ RunTime:0.0060s ]
SQL: SHOW COLUMNS FROM `chemical_basic` [ RunTime:0.0050s ]
SQL: SHOW COLUMNS FROM `chemical_refer` [ RunTime:0.0020s ]
SQL: SHOW COLUMNS FROM `chemical_refer` [ RunTime:0.0030s ]
SQL: SHOW COLUMNS FROM `eco_info` [ RunTime:0.0030s ]
SQL: SHOW COLUMNS FROM `eco_info` [ RunTime:0.0020s ]
SQL: SHOW COLUMNS FROM `health_effect` [ RunTime:0.0050s ]
SQL: SHOW COLUMNS FROM `health_effect` [ RunTime:0.0030s ]
SQL: SHOW COLUMNS FROM `leak_disposal` [ RunTime:0.0030s ]
SQL: SHOW COLUMNS FROM `leak_disposal` [ RunTime:0.0030s ]
SQL: SHOW COLUMNS FROM `material_attr` [ RunTime:0.0030s ]
SQL: SHOW COLUMNS FROM `material_attr` [ RunTime:0.0020s ]
SQL: SELECT * FROM `chemical_basic` INNER JOIN danger_level on chemical_basic.danger_level_id=danger_level.danger_level_id  WHERE `chemical_id` = '1'  [ RunTime:0.0000s ]
SQL: SELECT * FROM `chemical_refer` INNER JOIN refer_db on chemical_refer.refer_id=chemical_refer.refer_id  WHERE `chemical_id` = '1'  [ RunTime:0.0130s ]
NOTIC: [8] Undefined variable: condition F:\Program Files (x86)\xampp\htdocs\ChemicalManage\App\Home\Dao\EcoInfoDao.class.php 第 15 行.
SQL: SELECT * FROM `eco_info`  [ RunTime:0.0000s ]
NOTIC: [8] Undefined variable: condition F:\Program Files (x86)\xampp\htdocs\ChemicalManage\App\Home\Dao\HealthEffectDao.class.php 第 15 行.
SQL: SELECT * FROM `health_effect`  [ RunTime:0.0000s ]
NOTIC: [8] Undefined variable: condition F:\Program Files (x86)\xampp\htdocs\ChemicalManage\App\Home\Dao\LeakDisposalDao.class.php 第 15 行.
SQL: SELECT * FROM `leak_disposal`  [ RunTime:0.0010s ]
NOTIC: [8] Undefined variable: condition F:\Program Files (x86)\xampp\htdocs\ChemicalManage\App\Home\Dao\MaterialAttrDao.class.php 第 15 行.
SQL: SELECT * FROM `material_attr`  [ RunTime:0.0010s ]
INFO: [ view_parse ] --START--
INFO: [ template_filter ] --START--
INFO: Run Behavior\ContentReplaceBehavior [ RunTime:0.000000s ]
INFO: [ template_filter ] --END-- [ RunTime:0.000000s ]
INFO: Run Behavior\ParseTemplateBehavior [ RunTime:0.025001s ]
INFO: [ view_parse ] --END-- [ RunTime:0.025001s ]
INFO: [ view_filter ] --START--
INFO: Run Behavior\WriteHtmlCacheBehavior [ RunTime:0.001000s ]
INFO: [ view_filter ] --END-- [ RunTime:0.001000s ]
INFO: [ app_end ] --START--
INFO: Run Behavior\ShowPageTraceBehavior [ RunTime:0.001000s ]
INFO: [ app_end ] --END-- [ RunTime:0.001000s ]

[ 2015-04-24T12:40:28+08:00 ] ::1 /ChemicalManage/index.php/Home/index.php
INFO: [ app_init ] --START--
INFO: Run Behavior\BuildLiteBehavior [ RunTime:0.000000s ]
INFO: [ app_init ] --END-- [ RunTime:0.000000s ]
INFO: [ app_begin ] --START--
INFO: Run Behavior\ReadHtmlCacheBehavior [ RunTime:0.001000s ]
INFO: [ app_begin ] --END-- [ RunTime:0.001000s ]
SQL: SHOW COLUMNS FROM `chemical_basic` [ RunTime:0.0030s ]
SQL: SHOW COLUMNS FROM `chemical_basic` [ RunTime:0.0030s ]
SQL: SHOW COLUMNS FROM `danger_level` [ RunTime:0.0030s ]
SQL: SHOW COLUMNS FROM `danger_level` [ RunTime:0.0030s ]
SQL: SHOW COLUMNS FROM `chemical_basic` [ RunTime:0.0020s ]
SQL: SHOW COLUMNS FROM `chemical_basic` [ RunTime:0.0030s ]
SQL: SHOW COLUMNS FROM `chemical_refer` [ RunTime:0.0020s ]
SQL: SHOW COLUMNS FROM `chemical_refer` [ RunTime:0.0030s ]
SQL: SHOW COLUMNS FROM `eco_info` [ RunTime:0.0020s ]
SQL: SHOW COLUMNS FROM `eco_info` [ RunTime:0.0020s ]
SQL: SHOW COLUMNS FROM `health_effect` [ RunTime:0.0030s ]
SQL: SHOW COLUMNS FROM `health_effect` [ RunTime:0.0030s ]
SQL: SHOW COLUMNS FROM `leak_disposal` [ RunTime:0.0020s ]
SQL: SHOW COLUMNS FROM `leak_disposal` [ RunTime:0.0030s ]
SQL: SHOW COLUMNS FROM `material_attr` [ RunTime:0.0020s ]
SQL: SHOW COLUMNS FROM `material_attr` [ RunTime:0.0030s ]
SQL: SELECT * FROM `danger_level`  [ RunTime:0.0000s ]
SQL: SELECT * FROM `chemical_basic` INNER JOIN danger_level on chemical_basic.danger_level_id=danger_level.danger_level_id  WHERE chemical_basic.danger_level_id = '1' LIMIT 0,10   [ RunTime:0.0000s ]
SQL: SELECT * FROM `chemical_basic` INNER JOIN danger_level on chemical_basic.danger_level_id=danger_level.danger_level_id  WHERE chemical_basic.danger_level_id = '2' LIMIT 0,10   [ RunTime:0.0000s ]
SQL: SELECT * FROM `chemical_basic` INNER JOIN danger_level on chemical_basic.danger_level_id=danger_level.danger_level_id  WHERE chemical_basic.danger_level_id = '3' LIMIT 0,10   [ RunTime:0.0010s ]
INFO: [ view_parse ] --START--
INFO: [ template_filter ] --START--
INFO: Run Behavior\ContentReplaceBehavior [ RunTime:0.000000s ]
INFO: [ template_filter ] --END-- [ RunTime:0.000000s ]
NOTIC: [8] Undefined offset: 1 F:\Program Files (x86)\xampp\htdocs\ChemicalManage\Runtime\Cache\Home\c046e8f09f5013e6f3f2c1812d54574b.php 第 49 行.
NOTIC: [8] Undefined offset: 3 F:\Program Files (x86)\xampp\htdocs\ChemicalManage\Runtime\Cache\Home\c046e8f09f5013e6f3f2c1812d54574b.php 第 67 行.
INFO: Run Behavior\ParseTemplateBehavior [ RunTime:0.006001s ]
INFO: [ view_parse ] --END-- [ RunTime:0.006001s ]
INFO: [ view_filter ] --START--
INFO: Run Behavior\WriteHtmlCacheBehavior [ RunTime:0.001000s ]
INFO: [ view_filter ] --END-- [ RunTime:0.001000s ]
INFO: [ app_end ] --START--
INFO: Run Behavior\ShowPageTraceBehavior [ RunTime:0.000000s ]
INFO: [ app_end ] --END-- [ RunTime:0.000000s ]

[ 2015-04-24T12:40:29+08:00 ] ::1 /ChemicalManage/index.php/Home/chemicalSearch.php
INFO: [ app_init ] --START--
INFO: Run Behavior\BuildLiteBehavior [ RunTime:0.000000s ]
INFO: [ app_init ] --END-- [ RunTime:0.000000s ]
INFO: [ app_begin ] --START--
INFO: Run Behavior\ReadHtmlCacheBehavior [ RunTime:0.001000s ]
INFO: [ app_begin ] --END-- [ RunTime:0.001000s ]
SQL: SHOW COLUMNS FROM `chemical_basic` [ RunTime:0.0030s ]
SQL: SHOW COLUMNS FROM `chemical_basic` [ RunTime:0.0040s ]
SQL: SHOW COLUMNS FROM `chemical_basic` [ RunTime:0.0070s ]
SQL: SHOW COLUMNS FROM `chemical_refer` [ RunTime:0.0030s ]
SQL: SHOW COLUMNS FROM `chemical_refer` [ RunTime:0.0020s ]
SQL: SHOW COLUMNS FROM `eco_info` [ RunTime:0.0120s ]
SQL: SHOW COLUMNS FROM `eco_info` [ RunTime:0.0070s ]
SQL: SHOW COLUMNS FROM `health_effect` [ RunTime:0.0070s ]
SQL: SHOW COLUMNS FROM `health_effect` [ RunTime:0.0060s ]
SQL: SHOW COLUMNS FROM `leak_disposal` [ RunTime:0.0080s ]
SQL: SHOW COLUMNS FROM `leak_disposal` [ RunTime:0.0030s ]
SQL: SHOW COLUMNS FROM `material_attr` [ RunTime:0.0030s ]
SQL: SHOW COLUMNS FROM `material_attr` [ RunTime:0.0030s ]
SQL: SELECT count(*) AS `total` FROM `chemical_basic`  [ RunTime:0.0000s ]
SQL: SELECT * FROM `chemical_basic` INNER JOIN danger_level on chemical_basic.danger_level_id=danger_level.danger_level_id  LIMIT 0,20   [ RunTime:0.0000s ]
INFO: [ view_parse ] --START--
INFO: [ template_filter ] --START--
INFO: Run Behavior\ContentReplaceBehavior [ RunTime:0.000000s ]
INFO: [ template_filter ] --END-- [ RunTime:0.001000s ]
NOTIC: [2] imagepng() expects parameter 1 to be resource, string given F:\Program Files (x86)\xampp\htdocs\ChemicalManage\Runtime\Cache\Home\619b8e5a37251cd2de839cd132917741.php 第 68 行.
INFO: Run Behavior\ParseTemplateBehavior [ RunTime:0.007001s ]
INFO: [ view_parse ] --END-- [ RunTime:0.007001s ]
INFO: [ view_filter ] --START--
INFO: Run Behavior\WriteHtmlCacheBehavior [ RunTime:0.001000s ]
INFO: [ view_filter ] --END-- [ RunTime:0.001000s ]
INFO: [ app_end ] --START--
INFO: Run Behavior\ShowPageTraceBehavior [ RunTime:0.001000s ]
INFO: [ app_end ] --END-- [ RunTime:0.001000s ]

[ 2015-04-24T12:40:44+08:00 ] ::1 /ChemicalManage/index.php/Home/ChemicalSearch/search?search_key=%E5%B7%A5%E4%B8%9A
INFO: [ app_init ] --START--
INFO: Run Behavior\BuildLiteBehavior [ RunTime:0.000000s ]
INFO: [ app_init ] --END-- [ RunTime:0.000000s ]
INFO: [ app_begin ] --START--
INFO: Run Behavior\ReadHtmlCacheBehavior [ RunTime:0.000000s ]
INFO: [ app_begin ] --END-- [ RunTime:0.000000s ]
SQL: SHOW COLUMNS FROM `chemical_basic` [ RunTime:0.0030s ]
SQL: SHOW COLUMNS FROM `chemical_basic` [ RunTime:0.0030s ]
SQL: SHOW COLUMNS FROM `chemical_basic` [ RunTime:0.0030s ]
SQL: SHOW COLUMNS FROM `chemical_refer` [ RunTime:0.0030s ]
SQL: SHOW COLUMNS FROM `chemical_refer` [ RunTime:0.0020s ]
SQL: SHOW COLUMNS FROM `eco_info` [ RunTime:0.0030s ]
SQL: SHOW COLUMNS FROM `eco_info` [ RunTime:0.0030s ]
SQL: SHOW COLUMNS FROM `health_effect` [ RunTime:0.0020s ]
SQL: SHOW COLUMNS FROM `health_effect` [ RunTime:0.0020s ]
SQL: SHOW COLUMNS FROM `leak_disposal` [ RunTime:0.0020s ]
SQL: SHOW COLUMNS FROM `leak_disposal` [ RunTime:0.0020s ]
SQL: SHOW COLUMNS FROM `material_attr` [ RunTime:0.0030s ]
SQL: SHOW COLUMNS FROM `material_attr` [ RunTime:0.0030s ]
SQL: SELECT count(*) AS `total` FROM `chemical_basic`  [ RunTime:0.0010s ]
SQL: SELECT * FROM `chemical_basic` INNER JOIN danger_level on chemical_basic.danger_level_id=danger_level.danger_level_id  LIMIT 0,20   [ RunTime:0.0000s ]
INFO: [ view_parse ] --START--
INFO: [ template_filter ] --START--
INFO: Run Behavior\ContentReplaceBehavior [ RunTime:0.000000s ]
INFO: [ template_filter ] --END-- [ RunTime:0.000000s ]
NOTIC: [2] imagepng() expects parameter 1 to be resource, string given F:\Program Files (x86)\xampp\htdocs\ChemicalManage\Runtime\Cache\Home\619b8e5a37251cd2de839cd132917741.php 第 68 行.
INFO: Run Behavior\ParseTemplateBehavior [ RunTime:0.007001s ]
INFO: [ view_parse ] --END-- [ RunTime:0.007001s ]
INFO: [ view_filter ] --START--
INFO: Run Behavior\WriteHtmlCacheBehavior [ RunTime:0.000000s ]
INFO: [ view_filter ] --END-- [ RunTime:0.000000s ]
INFO: [ app_end ] --START--
INFO: Run Behavior\ShowPageTraceBehavior [ RunTime:0.001000s ]
INFO: [ app_end ] --END-- [ RunTime:0.001000s ]

[ 2015-04-24T12:40:46+08:00 ] ::1 /ChemicalManage/index.php/Home/ChemicalSearch/search?search_key=%E5%B7%A5%E4%B8%9A
INFO: [ app_init ] --START--
INFO: Run Behavior\BuildLiteBehavior [ RunTime:0.000000s ]
INFO: [ app_init ] --END-- [ RunTime:0.000000s ]
INFO: [ app_begin ] --START--
INFO: Run Behavior\ReadHtmlCacheBehavior [ RunTime:0.000000s ]
INFO: [ app_begin ] --END-- [ RunTime:0.000000s ]
SQL: SHOW COLUMNS FROM `chemical_basic` [ RunTime:0.0030s ]
SQL: SHOW COLUMNS FROM `chemical_basic` [ RunTime:0.0030s ]
SQL: SHOW COLUMNS FROM `chemical_basic` [ RunTime:0.0030s ]
SQL: SHOW COLUMNS FROM `chemical_refer` [ RunTime:0.0030s ]
SQL: SHOW COLUMNS FROM `chemical_refer` [ RunTime:0.0020s ]
SQL: SHOW COLUMNS FROM `eco_info` [ RunTime:0.0030s ]
SQL: SHOW COLUMNS FROM `eco_info` [ RunTime:0.0040s ]
SQL: SHOW COLUMNS FROM `health_effect` [ RunTime:0.0020s ]
SQL: SHOW COLUMNS FROM `health_effect` [ RunTime:0.0030s ]
SQL: SHOW COLUMNS FROM `leak_disposal` [ RunTime:0.0030s ]
SQL: SHOW COLUMNS FROM `leak_disposal` [ RunTime:0.0030s ]
SQL: SHOW COLUMNS FROM `material_attr` [ RunTime:0.0030s ]
SQL: SHOW COLUMNS FROM `material_attr` [ RunTime:0.0030s ]
SQL: SELECT count(*) AS `total` FROM `chemical_basic`  [ RunTime:0.0010s ]
SQL: SELECT * FROM `chemical_basic` INNER JOIN danger_level on chemical_basic.danger_level_id=danger_level.danger_level_id  LIMIT 0,20   [ RunTime:0.0000s ]
INFO: [ view_parse ] --START--
INFO: [ template_filter ] --START--
INFO: Run Behavior\ContentReplaceBehavior [ RunTime:0.001000s ]
INFO: [ template_filter ] --END-- [ RunTime:0.001000s ]
NOTIC: [2] imagepng() expects parameter 1 to be resource, string given F:\Program Files (x86)\xampp\htdocs\ChemicalManage\Runtime\Cache\Home\619b8e5a37251cd2de839cd132917741.php 第 68 行.
INFO: Run Behavior\ParseTemplateBehavior [ RunTime:0.009001s ]
INFO: [ view_parse ] --END-- [ RunTime:0.009001s ]
INFO: [ view_filter ] --START--
INFO: Run Behavior\WriteHtmlCacheBehavior [ RunTime:0.000000s ]
INFO: [ view_filter ] --END-- [ RunTime:0.001000s ]
INFO: [ app_end ] --START--
INFO: Run Behavior\ShowPageTraceBehavior [ RunTime:0.000000s ]
INFO: [ app_end ] --END-- [ RunTime:0.000000s ]

[ 2015-04-24T12:40:49+08:00 ] ::1 /ChemicalManage/index.php/Home/index.php
INFO: [ app_init ] --START--
INFO: Run Behavior\BuildLiteBehavior [ RunTime:0.000000s ]
INFO: [ app_init ] --END-- [ RunTime:0.000000s ]
INFO: [ app_begin ] --START--
INFO: Run Behavior\ReadHtmlCacheBehavior [ RunTime:0.001000s ]
INFO: [ app_begin ] --END-- [ RunTime:0.001000s ]
SQL: SHOW COLUMNS FROM `chemical_basic` [ RunTime:0.0030s ]
SQL: SHOW COLUMNS FROM `chemical_basic` [ RunTime:0.0030s ]
SQL: SHOW COLUMNS FROM `danger_level` [ RunTime:0.0020s ]
SQL: SHOW COLUMNS FROM `danger_level` [ RunTime:0.0030s ]
SQL: SHOW COLUMNS FROM `chemical_basic` [ RunTime:0.0030s ]
SQL: SHOW COLUMNS FROM `chemical_basic` [ RunTime:0.0030s ]
SQL: SHOW COLUMNS FROM `chemical_refer` [ RunTime:0.0030s ]
SQL: SHOW COLUMNS FROM `chemical_refer` [ RunTime:0.0020s ]
SQL: SHOW COLUMNS FROM `eco_info` [ RunTime:0.0040s ]
SQL: SHOW COLUMNS FROM `eco_info` [ RunTime:0.0040s ]
SQL: SHOW COLUMNS FROM `health_effect` [ RunTime:0.0020s ]
SQL: SHOW COLUMNS FROM `health_effect` [ RunTime:0.0030s ]
SQL: SHOW COLUMNS FROM `leak_disposal` [ RunTime:0.0040s ]
SQL: SHOW COLUMNS FROM `leak_disposal` [ RunTime:0.0030s ]
SQL: SHOW COLUMNS FROM `material_attr` [ RunTime:0.0030s ]
SQL: SHOW COLUMNS FROM `material_attr` [ RunTime:0.0030s ]
SQL: SELECT * FROM `danger_level`  [ RunTime:0.0010s ]
SQL: SELECT * FROM `chemical_basic` INNER JOIN danger_level on chemical_basic.danger_level_id=danger_level.danger_level_id  WHERE chemical_basic.danger_level_id = '1' LIMIT 0,10   [ RunTime:0.0000s ]
SQL: SELECT * FROM `chemical_basic` INNER JOIN danger_level on chemical_basic.danger_level_id=danger_level.danger_level_id  WHERE chemical_basic.danger_level_id = '2' LIMIT 0,10   [ RunTime:0.0010s ]
SQL: SELECT * FROM `chemical_basic` INNER JOIN danger_level on chemical_basic.danger_level_id=danger_level.danger_level_id  WHERE chemical_basic.danger_level_id = '3' LIMIT 0,10   [ RunTime:0.0010s ]
INFO: [ view_parse ] --START--
INFO: [ template_filter ] --START--
INFO: Run Behavior\ContentReplaceBehavior [ RunTime:0.000000s ]
INFO: [ template_filter ] --END-- [ RunTime:0.000000s ]
NOTIC: [8] Undefined offset: 1 F:\Program Files (x86)\xampp\htdocs\ChemicalManage\Runtime\Cache\Home\c046e8f09f5013e6f3f2c1812d54574b.php 第 49 行.
NOTIC: [8] Undefined offset: 3 F:\Program Files (x86)\xampp\htdocs\ChemicalManage\Runtime\Cache\Home\c046e8f09f5013e6f3f2c1812d54574b.php 第 67 行.
INFO: Run Behavior\ParseTemplateBehavior [ RunTime:0.008000s ]
INFO: [ view_parse ] --END-- [ RunTime:0.008000s ]
INFO: [ view_filter ] --START--
INFO: Run Behavior\WriteHtmlCacheBehavior [ RunTime:0.000000s ]
INFO: [ view_filter ] --END-- [ RunTime:0.000000s ]
INFO: [ app_end ] --START--
INFO: Run Behavior\ShowPageTraceBehavior [ RunTime:0.001000s ]
INFO: [ app_end ] --END-- [ RunTime:0.001000s ]

[ 2015-04-24T12:40:49+08:00 ] ::1 /ChemicalManage/index.php/Home/chemicalSearch.php
INFO: [ app_init ] --START--
INFO: Run Behavior\BuildLiteBehavior [ RunTime:0.001000s ]
INFO: [ app_init ] --END-- [ RunTime:0.001000s ]
INFO: [ app_begin ] --START--
INFO: Run Behavior\ReadHtmlCacheBehavior [ RunTime:0.001000s ]
INFO: [ app_begin ] --END-- [ RunTime:0.001000s ]
SQL: SHOW COLUMNS FROM `chemical_basic` [ RunTime:0.0030s ]
SQL: SHOW COLUMNS FROM `chemical_basic` [ RunTime:0.0030s ]
SQL: SHOW COLUMNS FROM `chemical_basic` [ RunTime:0.0030s ]
SQL: SHOW COLUMNS FROM `chemical_refer` [ RunTime:0.0030s ]
SQL: SHOW COLUMNS FROM `chemical_refer` [ RunTime:0.0030s ]
SQL: SHOW COLUMNS FROM `eco_info` [ RunTime:0.0030s ]
SQL: SHOW COLUMNS FROM `eco_info` [ RunTime:0.0030s ]
SQL: SHOW COLUMNS FROM `health_effect` [ RunTime:0.0020s ]
SQL: SHOW COLUMNS FROM `health_effect` [ RunTime:0.0020s ]
SQL: SHOW COLUMNS FROM `leak_disposal` [ RunTime:0.0030s ]
SQL: SHOW COLUMNS FROM `leak_disposal` [ RunTime:0.0030s ]
SQL: SHOW COLUMNS FROM `material_attr` [ RunTime:0.0040s ]
SQL: SHOW COLUMNS FROM `material_attr` [ RunTime:0.0040s ]
SQL: SELECT count(*) AS `total` FROM `chemical_basic`  [ RunTime:0.0000s ]
SQL: SELECT * FROM `chemical_basic` INNER JOIN danger_level on chemical_basic.danger_level_id=danger_level.danger_level_id  LIMIT 0,20   [ RunTime:0.0010s ]
INFO: [ view_parse ] --START--
INFO: [ template_filter ] --START--
INFO: Run Behavior\ContentReplaceBehavior [ RunTime:0.000000s ]
INFO: [ template_filter ] --END-- [ RunTime:0.000000s ]
NOTIC: [2] imagepng() expects parameter 1 to be resource, string given F:\Program Files (x86)\xampp\htdocs\ChemicalManage\Runtime\Cache\Home\619b8e5a37251cd2de839cd132917741.php 第 68 行.
INFO: Run Behavior\ParseTemplateBehavior [ RunTime:0.009001s ]
INFO: [ view_parse ] --END-- [ RunTime:0.009001s ]
INFO: [ view_filter ] --START--
INFO: Run Behavior\WriteHtmlCacheBehavior [ RunTime:0.001000s ]
INFO: [ view_filter ] --END-- [ RunTime:0.001000s ]
INFO: [ app_end ] --START--
INFO: Run Behavior\ShowPageTraceBehavior [ RunTime:0.000000s ]
INFO: [ app_end ] --END-- [ RunTime:0.000000s ]

[ 2015-04-24T12:41:05+08:00 ] ::1 /ChemicalManage/index.php/Home/ChemicalSearch/getDetail?chId=1
INFO: [ app_init ] --START--
INFO: Run Behavior\BuildLiteBehavior [ RunTime:0.000000s ]
INFO: [ app_init ] --END-- [ RunTime:0.000000s ]
INFO: [ app_begin ] --START--
INFO: Run Behavior\ReadHtmlCacheBehavior [ RunTime:0.000000s ]
INFO: [ app_begin ] --END-- [ RunTime:0.000000s ]
SQL: SHOW COLUMNS FROM `chemical_basic` [ RunTime:0.0070s ]
SQL: SHOW COLUMNS FROM `chemical_basic` [ RunTime:0.0060s ]
SQL: SHOW COLUMNS FROM `chemical_basic` [ RunTime:0.0080s ]
SQL: SHOW COLUMNS FROM `chemical_refer` [ RunTime:0.0050s ]
SQL: SHOW COLUMNS FROM `chemical_refer` [ RunTime:0.0140s ]
SQL: SHOW COLUMNS FROM `eco_info` [ RunTime:0.0040s ]
SQL: SHOW COLUMNS FROM `eco_info` [ RunTime:0.0020s ]
SQL: SHOW COLUMNS FROM `health_effect` [ RunTime:0.0050s ]
SQL: SHOW COLUMNS FROM `health_effect` [ RunTime:0.0200s ]
SQL: SHOW COLUMNS FROM `leak_disposal` [ RunTime:0.0120s ]
SQL: SHOW COLUMNS FROM `leak_disposal` [ RunTime:0.0030s ]
SQL: SHOW COLUMNS FROM `material_attr` [ RunTime:0.0030s ]
SQL: SHOW COLUMNS FROM `material_attr` [ RunTime:0.0040s ]
SQL: SELECT * FROM `chemical_basic` INNER JOIN danger_level on chemical_basic.danger_level_id=danger_level.danger_level_id  WHERE `chemical_id` = '1'  [ RunTime:0.0010s ]
SQL: SELECT * FROM `chemical_refer` INNER JOIN refer_db on chemical_refer.refer_id=chemical_refer.refer_id  WHERE `chemical_id` = '1'  [ RunTime:0.0000s ]
NOTIC: [8] Undefined variable: condition F:\Program Files (x86)\xampp\htdocs\ChemicalManage\App\Home\Dao\EcoInfoDao.class.php 第 15 行.
SQL: SELECT * FROM `eco_info`  [ RunTime:0.0010s ]
NOTIC: [8] Undefined variable: condition F:\Program Files (x86)\xampp\htdocs\ChemicalManage\App\Home\Dao\HealthEffectDao.class.php 第 15 行.
SQL: SELECT * FROM `health_effect`  [ RunTime:0.0000s ]
NOTIC: [8] Undefined variable: condition F:\Program Files (x86)\xampp\htdocs\ChemicalManage\App\Home\Dao\LeakDisposalDao.class.php 第 15 行.
SQL: SELECT * FROM `leak_disposal`  [ RunTime:0.0000s ]
NOTIC: [8] Undefined variable: condition F:\Program Files (x86)\xampp\htdocs\ChemicalManage\App\Home\Dao\MaterialAttrDao.class.php 第 15 行.
SQL: SELECT * FROM `material_attr`  [ RunTime:0.0000s ]
INFO: [ view_parse ] --START--
INFO: [ template_filter ] --START--
INFO: Run Behavior\ContentReplaceBehavior [ RunTime:0.001000s ]
INFO: [ template_filter ] --END-- [ RunTime:0.001000s ]
INFO: Run Behavior\ParseTemplateBehavior [ RunTime:0.011000s ]
INFO: [ view_parse ] --END-- [ RunTime:0.011000s ]
INFO: [ view_filter ] --START--
INFO: Run Behavior\WriteHtmlCacheBehavior [ RunTime:0.001001s ]
INFO: [ view_filter ] --END-- [ RunTime:0.001001s ]
INFO: [ app_end ] --START--
INFO: Run Behavior\ShowPageTraceBehavior [ RunTime:0.001000s ]
INFO: [ app_end ] --END-- [ RunTime:0.001000s ]

[ 2015-04-24T12:43:40+08:00 ] ::1 /ChemicalManage/index.php/Home/ChemicalSearch/search?search_key=
INFO: [ app_init ] --START--
INFO: Run Behavior\BuildLiteBehavior [ RunTime:0.000000s ]
INFO: [ app_init ] --END-- [ RunTime:0.001000s ]
INFO: [ app_begin ] --START--
INFO: Run Behavior\ReadHtmlCacheBehavior [ RunTime:0.000000s ]
INFO: [ app_begin ] --END-- [ RunTime:0.000000s ]
SQL: SHOW COLUMNS FROM `chemical_basic` [ RunTime:0.0030s ]
SQL: SHOW COLUMNS FROM `chemical_basic` [ RunTime:0.0030s ]
SQL: SHOW COLUMNS FROM `chemical_basic` [ RunTime:0.0050s ]
SQL: SHOW COLUMNS FROM `chemical_refer` [ RunTime:0.0030s ]
SQL: SHOW COLUMNS FROM `chemical_refer` [ RunTime:0.0020s ]
SQL: SHOW COLUMNS FROM `eco_info` [ RunTime:0.0030s ]
SQL: SHOW COLUMNS FROM `eco_info` [ RunTime:0.0040s ]
SQL: SHOW COLUMNS FROM `health_effect` [ RunTime:0.0050s ]
SQL: SHOW COLUMNS FROM `health_effect` [ RunTime:0.0030s ]
SQL: SHOW COLUMNS FROM `leak_disposal` [ RunTime:0.0020s ]
SQL: SHOW COLUMNS FROM `leak_disposal` [ RunTime:0.0030s ]
SQL: SHOW COLUMNS FROM `material_attr` [ RunTime:0.0030s ]
SQL: SHOW COLUMNS FROM `material_attr` [ RunTime:0.0030s ]
SQL: SELECT count(*) AS `total` FROM `chemical_basic`  [ RunTime:0.0000s ]
SQL: SELECT * FROM `chemical_basic` INNER JOIN danger_level on chemical_basic.danger_level_id=danger_level.danger_level_id  LIMIT 0,20   [ RunTime:0.0010s ]
INFO: [ view_parse ] --START--
INFO: [ template_filter ] --START--
INFO: Run Behavior\ContentReplaceBehavior [ RunTime:0.000000s ]
INFO: [ template_filter ] --END-- [ RunTime:0.000000s ]
NOTIC: [2] imagepng() expects parameter 1 to be resource, string given F:\Program Files (x86)\xampp\htdocs\ChemicalManage\Runtime\Cache\Home\619b8e5a37251cd2de839cd132917741.php 第 68 行.
INFO: Run Behavior\ParseTemplateBehavior [ RunTime:0.007000s ]
INFO: [ view_parse ] --END-- [ RunTime:0.007000s ]
INFO: [ view_filter ] --START--
INFO: Run Behavior\WriteHtmlCacheBehavior [ RunTime:0.001000s ]
INFO: [ view_filter ] --END-- [ RunTime:0.001000s ]
INFO: [ app_end ] --START--
INFO: Run Behavior\ShowPageTraceBehavior [ RunTime:0.001000s ]
INFO: [ app_end ] --END-- [ RunTime:0.001000s ]

[ 2015-04-24T18:20:52+08:00 ] ::1 /chemical_manage/
INFO: [ app_init ] --START--
INFO: Run Behavior\BuildLiteBehavior [ RunTime:0.000000s ]
INFO: [ app_init ] --END-- [ RunTime:0.002000s ]
INFO: [ app_begin ] --START--
INFO: Run Behavior\ReadHtmlCacheBehavior [ RunTime:0.001000s ]
INFO: [ app_begin ] --END-- [ RunTime:0.001000s ]
ERR: SQLSTATE[42S02]: Base table or view not found: 1146 Table 'chemical_manage.chemical_basic' doesn't exist

