[ 2015-05-06T09:37:22+08:00 ] ::1 /chemical_manage/Bootstrap/css/bootstrap.min.css
INFO: [ app_init ] --START--
INFO: Run Behavior\BuildLiteBehavior [ RunTime:0.000000s ]
INFO: [ app_init ] --END-- [ RunTime:0.001000s ]
ERR: 无法加载模块:Bootstrap

[ 2015-05-06T09:37:22+08:00 ] ::1 /chemical_manage/Bootstrap/js/jquery.min.js
INFO: [ app_init ] --START--
INFO: Run Behavior\BuildLiteBehavior [ RunTime:0.000000s ]
INFO: [ app_init ] --END-- [ RunTime:0.000000s ]
ERR: 无法加载模块:Bootstrap

[ 2015-05-06T09:37:22+08:00 ] ::1 /chemical_manage/Bootstrap/css/user.css
INFO: [ app_init ] --START--
INFO: Run Behavior\BuildLiteBehavior [ RunTime:0.000000s ]
INFO: [ app_init ] --END-- [ RunTime:0.000000s ]
ERR: 无法加载模块:Bootstrap

[ 2015-05-06T09:37:22+08:00 ] ::1 /chemical_manage/Bootstrap/js/bootstrap.min.js
INFO: [ app_init ] --START--
INFO: Run Behavior\BuildLiteBehavior [ RunTime:0.000000s ]
INFO: [ app_init ] --END-- [ RunTime:0.000000s ]
ERR: 无法加载模块:Bootstrap

[ 2015-05-06T10:45:30+08:00 ] ::1 /chemical_manage/index.php.Home/export?kwd=14
INFO: [ app_init ] --START--
INFO: Run Behavior\BuildLiteBehavior [ RunTime:0.000000s ]
INFO: [ app_init ] --END-- [ RunTime:0.000000s ]
ERR: 无法加载模块:Index.php.Home

[ 2015-05-06T10:45:39+08:00 ] ::1 /chemical_manage/index.php.Home/export?kwd=14
INFO: [ app_init ] --START--
INFO: Run Behavior\BuildLiteBehavior [ RunTime:0.000000s ]
INFO: [ app_init ] --END-- [ RunTime:0.001000s ]
ERR: 无法加载模块:Index.php.Home

[ 2015-05-06T16:54:30+08:00 ] ::1 /chemical_manage/index.php/Homeemicalarch?kwd=12
INFO: [ app_init ] --START--
INFO: Run Behavior\BuildLiteBehavior [ RunTime:0.000000s ]
INFO: [ app_init ] --END-- [ RunTime:0.000000s ]
ERR: 无法加载模块:Homeemicalarch

[ 2015-05-06T16:54:50+08:00 ] ::1 /chemical_manage/index.php/Homeemicalarch?kwd=12
INFO: [ app_init ] --START--
INFO: Run Behavior\BuildLiteBehavior [ RunTime:0.000000s ]
INFO: [ app_init ] --END-- [ RunTime:0.001000s ]
ERR: 无法加载模块:Homeemicalarch

