[ 2015-05-02T21:14:50+08:00 ] ::1 /chemical_manage/index.php/Admin/Test
INFO: [ app_init ] --START--
INFO: Run Behavior\BuildLiteBehavior [ RunTime:0.000000s ]
INFO: [ app_init ] --END-- [ RunTime:0.000000s ]
INFO: [ app_begin ] --START--
INFO: Run Behavior\ReadHtmlCacheBehavior [ RunTime:0.001000s ]
INFO: [ app_begin ] --END-- [ RunTime:0.001000s ]
NOTIC: [2048] Declaration of Admin\Controller\TestController::show() should be compatible with Think\Controller::show($content, $charset = '', $contentType = '', $prefix = '') F:\Program Files (x86)\xampp\htdocs\chemical_manage\App\Admin\Controller\TestController.class.php 第 9 行.

[ 2015-05-02T21:14:51+08:00 ] ::1 /chemical_manage/index.php/Admin/Login
INFO: [ app_init ] --START--
INFO: Run Behavior\BuildLiteBehavior [ RunTime:0.000000s ]
INFO: [ app_init ] --END-- [ RunTime:0.001000s ]
INFO: [ app_begin ] --START--
INFO: Run Behavior\ReadHtmlCacheBehavior [ RunTime:0.001000s ]
INFO: [ app_begin ] --END-- [ RunTime:0.001000s ]
SQL: SHOW COLUMNS FROM `user` [ RunTime:0.1950s ]
SQL: SHOW COLUMNS FROM `user` [ RunTime:0.0520s ]
NOTIC: [8] Undefined index: name F:\Program Files (x86)\xampp\htdocs\chemical_manage\App\Admin\Controller\LoginController.class.php 第 31 行.
INFO: [ view_parse ] --START--
INFO: [ template_filter ] --START--
INFO: Run Behavior\ContentReplaceBehavior [ RunTime:0.000000s ]
INFO: [ template_filter ] --END-- [ RunTime:0.000000s ]
NOTIC: [8] Undefined index: loginError F:\Program Files (x86)\xampp\htdocs\chemical_manage\Runtime\Cache\Admin\a34e94814eacfa89d96a2f928f4aa73b.php 第 70 行.
INFO: Run Behavior\ParseTemplateBehavior [ RunTime:0.103005s ]
INFO: [ view_parse ] --END-- [ RunTime:0.104005s ]
INFO: [ view_filter ] --START--
INFO: Run Behavior\WriteHtmlCacheBehavior [ RunTime:0.002001s ]
INFO: [ view_filter ] --END-- [ RunTime:0.002001s ]
INFO: [ app_end ] --START--
INFO: Run Behavior\ShowPageTraceBehavior [ RunTime:0.011000s ]
INFO: [ app_end ] --END-- [ RunTime:0.011000s ]

[ 2015-05-02T21:14:56+08:00 ] ::1 /chemical_manage/index.php/Admin/login
INFO: [ app_init ] --START--
INFO: Run Behavior\BuildLiteBehavior [ RunTime:0.000000s ]
INFO: [ app_init ] --END-- [ RunTime:0.001000s ]
INFO: [ app_begin ] --START--
INFO: Run Behavior\ReadHtmlCacheBehavior [ RunTime:0.002000s ]
INFO: [ app_begin ] --END-- [ RunTime:0.002000s ]
SQL: SHOW COLUMNS FROM `user` [ RunTime:0.0030s ]
SQL: SHOW COLUMNS FROM `user` [ RunTime:0.0030s ]
SQL: SELECT * FROM `user` WHERE ( id='admin' and type='admin' )  [ RunTime:0.2370s ]

[ 2015-05-02T21:14:58+08:00 ] ::1 /chemical_manage/index.php/Admin/index
INFO: [ app_init ] --START--
INFO: Run Behavior\BuildLiteBehavior [ RunTime:0.000000s ]
INFO: [ app_init ] --END-- [ RunTime:0.000000s ]
INFO: [ app_begin ] --START--
INFO: Run Behavior\ReadHtmlCacheBehavior [ RunTime:0.000000s ]
INFO: [ app_begin ] --END-- [ RunTime:0.001000s ]
INFO: [ app_end ] --START--
INFO: Run Behavior\ShowPageTraceBehavior [ RunTime:0.000000s ]
INFO: [ app_end ] --END-- [ RunTime:0.000000s ]

[ 2015-05-02T21:15:01+08:00 ] ::1 /chemical_manage/index.php/Admin/index
INFO: [ app_init ] --START--
INFO: Run Behavior\BuildLiteBehavior [ RunTime:0.000000s ]
INFO: [ app_init ] --END-- [ RunTime:0.000000s ]
INFO: [ app_begin ] --START--
INFO: Run Behavior\ReadHtmlCacheBehavior [ RunTime:0.001000s ]
INFO: [ app_begin ] --END-- [ RunTime:0.001000s ]
INFO: [ app_end ] --START--
INFO: Run Behavior\ShowPageTraceBehavior [ RunTime:0.001000s ]
INFO: [ app_end ] --END-- [ RunTime:0.002000s ]

[ 2015-05-02T21:15:08+08:00 ] ::1 /chemical_manage/index.php/Admin/Test
INFO: [ app_init ] --START--
INFO: Run Behavior\BuildLiteBehavior [ RunTime:0.001000s ]
INFO: [ app_init ] --END-- [ RunTime:0.001000s ]
INFO: [ app_begin ] --START--
INFO: Run Behavior\ReadHtmlCacheBehavior [ RunTime:0.001000s ]
INFO: [ app_begin ] --END-- [ RunTime:0.001000s ]
NOTIC: [2048] Declaration of Admin\Controller\TestController::show() should be compatible with Think\Controller::show($content, $charset = '', $contentType = '', $prefix = '') F:\Program Files (x86)\xampp\htdocs\chemical_manage\App\Admin\Controller\TestController.class.php 第 9 行.
SQL: SHOW COLUMNS FROM `chemicals` [ RunTime:0.0090s ]
SQL: SHOW COLUMNS FROM `chemicals` [ RunTime:0.0100s ]
ERR: 模板不存在:./App/Admin/View/User/chemicalDetail.php

[ 2015-05-02T21:15:33+08:00 ] ::1 /chemical_manage/index.php/Admin/Test
INFO: [ app_init ] --START--
INFO: Run Behavior\BuildLiteBehavior [ RunTime:0.000000s ]
INFO: [ app_init ] --END-- [ RunTime:0.000000s ]
INFO: [ app_begin ] --START--
INFO: Run Behavior\ReadHtmlCacheBehavior [ RunTime:0.000000s ]
INFO: [ app_begin ] --END-- [ RunTime:0.000000s ]
NOTIC: [2048] Declaration of Admin\Controller\TestController::show() should be compatible with Think\Controller::show($content, $charset = '', $contentType = '', $prefix = '') F:\Program Files (x86)\xampp\htdocs\chemical_manage\App\Admin\Controller\TestController.class.php 第 9 行.
SQL: SHOW COLUMNS FROM `chemicals` [ RunTime:0.0040s ]
SQL: SHOW COLUMNS FROM `chemicals` [ RunTime:0.0040s ]
SQL: SELECT * FROM `chemicals` WHERE `id` = 1  [ RunTime:0.0010s ]
NOTIC: [8] Undefined index: CAS_registry_number F:\Program Files (x86)\xampp\htdocs\chemical_manage\App\Admin\Dao\ChemicalDao.class.php 第 41 行.
INFO: [ app_end ] --START--
INFO: Run Behavior\ShowPageTraceBehavior [ RunTime:0.001000s ]
INFO: [ app_end ] --END-- [ RunTime:0.001000s ]

[ 2015-05-02T21:15:36+08:00 ] ::1 /chemical_manage/index.php/Admin/Test
INFO: [ app_init ] --START--
INFO: Run Behavior\BuildLiteBehavior [ RunTime:0.000000s ]
INFO: [ app_init ] --END-- [ RunTime:0.000000s ]
INFO: [ app_begin ] --START--
INFO: Run Behavior\ReadHtmlCacheBehavior [ RunTime:0.001000s ]
INFO: [ app_begin ] --END-- [ RunTime:0.001000s ]
NOTIC: [2048] Declaration of Admin\Controller\TestController::show() should be compatible with Think\Controller::show($content, $charset = '', $contentType = '', $prefix = '') F:\Program Files (x86)\xampp\htdocs\chemical_manage\App\Admin\Controller\TestController.class.php 第 9 行.
SQL: SHOW COLUMNS FROM `chemicals` [ RunTime:0.0070s ]
SQL: SHOW COLUMNS FROM `chemicals` [ RunTime:0.0270s ]
SQL: SELECT * FROM `chemicals` WHERE `id` = 1  [ RunTime:0.0110s ]
NOTIC: [8] Undefined index: CAS_registry_number F:\Program Files (x86)\xampp\htdocs\chemical_manage\App\Admin\Dao\ChemicalDao.class.php 第 41 行.
INFO: [ app_end ] --START--
INFO: Run Behavior\ShowPageTraceBehavior [ RunTime:0.000000s ]
INFO: [ app_end ] --END-- [ RunTime:0.001000s ]

[ 2015-05-02T21:15:47+08:00 ] ::1 /chemical_manage/index.php/Admin/Test
INFO: [ app_init ] --START--
INFO: Run Behavior\BuildLiteBehavior [ RunTime:0.000000s ]
INFO: [ app_init ] --END-- [ RunTime:0.000000s ]
INFO: [ app_begin ] --START--
INFO: Run Behavior\ReadHtmlCacheBehavior [ RunTime:0.001000s ]
INFO: [ app_begin ] --END-- [ RunTime:0.001000s ]
NOTIC: [2048] Declaration of Admin\Controller\TestController::show() should be compatible with Think\Controller::show($content, $charset = '', $contentType = '', $prefix = '') F:\Program Files (x86)\xampp\htdocs\chemical_manage\App\Admin\Controller\TestController.class.php 第 9 行.
SQL: SHOW COLUMNS FROM `chemicals` [ RunTime:0.0040s ]
SQL: SHOW COLUMNS FROM `chemicals` [ RunTime:0.0130s ]
SQL: SELECT * FROM `chemicals` WHERE `id` = 1  [ RunTime:0.0010s ]
NOTIC: [8] Undefined index: CAS_registry_number F:\Program Files (x86)\xampp\htdocs\chemical_manage\App\Admin\Dao\ChemicalDao.class.php 第 41 行.
INFO: [ app_end ] --START--
INFO: Run Behavior\ShowPageTraceBehavior [ RunTime:0.000000s ]
INFO: [ app_end ] --END-- [ RunTime:0.000000s ]

[ 2015-05-02T21:15:49+08:00 ] ::1 /chemical_manage/index.php/Admin/img.php?image_id=1
INFO: [ app_init ] --START--
INFO: Run Behavior\BuildLiteBehavior [ RunTime:0.000000s ]
INFO: [ app_init ] --END-- [ RunTime:0.001000s ]
INFO: [ app_begin ] --START--
INFO: Run Behavior\ReadHtmlCacheBehavior [ RunTime:0.001000s ]
INFO: [ app_begin ] --END-- [ RunTime:0.001000s ]
ERR: 无法加载控制器:Img

[ 2015-05-02T21:15:53+08:00 ] ::1 /chemical_manage/index.php/Admin/Test
INFO: [ app_init ] --START--
INFO: Run Behavior\BuildLiteBehavior [ RunTime:0.000000s ]
INFO: [ app_init ] --END-- [ RunTime:0.000000s ]
INFO: [ app_begin ] --START--
INFO: Run Behavior\ReadHtmlCacheBehavior [ RunTime:0.000000s ]
INFO: [ app_begin ] --END-- [ RunTime:0.000000s ]
NOTIC: [2048] Declaration of Admin\Controller\TestController::show() should be compatible with Think\Controller::show($content, $charset = '', $contentType = '', $prefix = '') F:\Program Files (x86)\xampp\htdocs\chemical_manage\App\Admin\Controller\TestController.class.php 第 9 行.
SQL: SHOW COLUMNS FROM `chemicals` [ RunTime:0.0040s ]
SQL: SHOW COLUMNS FROM `chemicals` [ RunTime:0.0040s ]
SQL: SELECT * FROM `chemicals` WHERE `id` = 1  [ RunTime:0.0010s ]
NOTIC: [8] Undefined index: CAS_registry_number F:\Program Files (x86)\xampp\htdocs\chemical_manage\App\Admin\Dao\ChemicalDao.class.php 第 41 行.
INFO: [ app_end ] --START--
INFO: Run Behavior\ShowPageTraceBehavior [ RunTime:0.001000s ]
INFO: [ app_end ] --END-- [ RunTime:0.001000s ]

[ 2015-05-02T21:15:53+08:00 ] ::1 /chemical_manage/index.php/Admin/img.php?image_id=1
INFO: [ app_init ] --START--
INFO: Run Behavior\BuildLiteBehavior [ RunTime:0.000000s ]
INFO: [ app_init ] --END-- [ RunTime:0.000000s ]
INFO: [ app_begin ] --START--
INFO: Run Behavior\ReadHtmlCacheBehavior [ RunTime:0.000000s ]
INFO: [ app_begin ] --END-- [ RunTime:0.000000s ]
ERR: 无法加载控制器:Img

[ 2015-05-02T21:18:07+08:00 ] ::1 /chemical_manage/index.php/Admin/Test
INFO: [ app_init ] --START--
INFO: Run Behavior\BuildLiteBehavior [ RunTime:0.000000s ]
INFO: [ app_init ] --END-- [ RunTime:0.006000s ]
INFO: [ app_begin ] --START--
INFO: Run Behavior\ReadHtmlCacheBehavior [ RunTime:0.002000s ]
INFO: [ app_begin ] --END-- [ RunTime:0.003000s ]
NOTIC: [2048] Declaration of Admin\Controller\TestController::show() should be compatible with Think\Controller::show($content, $charset = '', $contentType = '', $prefix = '') F:\Program Files (x86)\xampp\htdocs\chemical_manage\App\Admin\Controller\TestController.class.php 第 9 行.
SQL: SHOW COLUMNS FROM `chemicals` [ RunTime:0.0040s ]
SQL: SHOW COLUMNS FROM `chemicals` [ RunTime:0.0050s ]
SQL: SELECT * FROM `chemicals` WHERE `id` = 1  [ RunTime:0.0010s ]
NOTIC: [8] Undefined index: CAS_registry_number F:\Program Files (x86)\xampp\htdocs\chemical_manage\App\Admin\Dao\ChemicalDao.class.php 第 41 行.
INFO: [ app_end ] --START--
INFO: Run Behavior\ShowPageTraceBehavior [ RunTime:0.000000s ]
INFO: [ app_end ] --END-- [ RunTime:0.000000s ]

[ 2015-05-02T21:18:07+08:00 ] ::1 /chemical_manage/index.php/Admin/img.php?image_id=1
INFO: [ app_init ] --START--
INFO: Run Behavior\BuildLiteBehavior [ RunTime:0.000000s ]
INFO: [ app_init ] --END-- [ RunTime:0.001000s ]
INFO: [ app_begin ] --START--
INFO: Run Behavior\ReadHtmlCacheBehavior [ RunTime:0.001000s ]
INFO: [ app_begin ] --END-- [ RunTime:0.001000s ]

[ 2015-05-02T21:18:10+08:00 ] ::1 /chemical_manage/index.php/Admin/Test
INFO: [ app_init ] --START--
INFO: Run Behavior\BuildLiteBehavior [ RunTime:0.000000s ]
INFO: [ app_init ] --END-- [ RunTime:0.000000s ]
INFO: [ app_begin ] --START--
INFO: Run Behavior\ReadHtmlCacheBehavior [ RunTime:0.001000s ]
INFO: [ app_begin ] --END-- [ RunTime:0.001000s ]
NOTIC: [2048] Declaration of Admin\Controller\TestController::show() should be compatible with Think\Controller::show($content, $charset = '', $contentType = '', $prefix = '') F:\Program Files (x86)\xampp\htdocs\chemical_manage\App\Admin\Controller\TestController.class.php 第 9 行.
SQL: SHOW COLUMNS FROM `chemicals` [ RunTime:0.0040s ]
SQL: SHOW COLUMNS FROM `chemicals` [ RunTime:0.0030s ]
SQL: SELECT * FROM `chemicals` WHERE `id` = 1  [ RunTime:0.0010s ]
NOTIC: [8] Undefined index: CAS_registry_number F:\Program Files (x86)\xampp\htdocs\chemical_manage\App\Admin\Dao\ChemicalDao.class.php 第 41 行.
INFO: [ app_end ] --START--
INFO: Run Behavior\ShowPageTraceBehavior [ RunTime:0.001000s ]
INFO: [ app_end ] --END-- [ RunTime:0.001000s ]

[ 2015-05-02T21:18:11+08:00 ] ::1 /chemical_manage/index.php/Admin/img.php?image_id=1
INFO: [ app_init ] --START--
INFO: Run Behavior\BuildLiteBehavior [ RunTime:0.000000s ]
INFO: [ app_init ] --END-- [ RunTime:0.000000s ]
INFO: [ app_begin ] --START--
INFO: Run Behavior\ReadHtmlCacheBehavior [ RunTime:0.000000s ]
INFO: [ app_begin ] --END-- [ RunTime:0.000000s ]

[ 2015-05-02T21:18:40+08:00 ] ::1 /chemical_manage/index.php/Admin/img.php?image_id=1
INFO: [ app_init ] --START--
INFO: Run Behavior\BuildLiteBehavior [ RunTime:0.000000s ]
INFO: [ app_init ] --END-- [ RunTime:0.000000s ]
INFO: [ app_begin ] --START--
INFO: Run Behavior\ReadHtmlCacheBehavior [ RunTime:0.001000s ]
INFO: [ app_begin ] --END-- [ RunTime:0.001000s ]
SQL: SHOW COLUMNS FROM `chemicals` [ RunTime:0.0030s ]
NOTIC: [8] Undefined variable: model F:\Program Files (x86)\xampp\htdocs\chemical_manage\App\Admin\Controller\ImgController.class.php 第 19 行.

[ 2015-05-02T21:18:53+08:00 ] ::1 /chemical_manage/index.php/Admin/Test
INFO: [ app_init ] --START--
INFO: Run Behavior\BuildLiteBehavior [ RunTime:0.000000s ]
INFO: [ app_init ] --END-- [ RunTime:0.000000s ]
INFO: [ app_begin ] --START--
INFO: Run Behavior\ReadHtmlCacheBehavior [ RunTime:0.002001s ]
INFO: [ app_begin ] --END-- [ RunTime:0.002001s ]
NOTIC: [2048] Declaration of Admin\Controller\TestController::show() should be compatible with Think\Controller::show($content, $charset = '', $contentType = '', $prefix = '') F:\Program Files (x86)\xampp\htdocs\chemical_manage\App\Admin\Controller\TestController.class.php 第 9 行.
SQL: SHOW COLUMNS FROM `chemicals` [ RunTime:0.0120s ]
SQL: SHOW COLUMNS FROM `chemicals` [ RunTime:0.0050s ]
SQL: SELECT * FROM `chemicals` WHERE `id` = 1  [ RunTime:0.0020s ]
NOTIC: [8] Undefined index: CAS_registry_number F:\Program Files (x86)\xampp\htdocs\chemical_manage\App\Admin\Dao\ChemicalDao.class.php 第 41 行.
INFO: [ app_end ] --START--
INFO: Run Behavior\ShowPageTraceBehavior [ RunTime:0.000000s ]
INFO: [ app_end ] --END-- [ RunTime:0.000000s ]

[ 2015-05-02T21:18:54+08:00 ] ::1 /chemical_manage/index.php/Admin/img.php?image_id=1
INFO: [ app_init ] --START--
INFO: Run Behavior\BuildLiteBehavior [ RunTime:0.000000s ]
INFO: [ app_init ] --END-- [ RunTime:0.000000s ]
INFO: [ app_begin ] --START--
INFO: Run Behavior\ReadHtmlCacheBehavior [ RunTime:0.000000s ]
INFO: [ app_begin ] --END-- [ RunTime:0.000000s ]
SQL: SHOW COLUMNS FROM `chemicals` [ RunTime:0.0050s ]
NOTIC: [8] Undefined variable: model F:\Program Files (x86)\xampp\htdocs\chemical_manage\App\Admin\Controller\ImgController.class.php 第 20 行.

[ 2015-05-02T21:18:55+08:00 ] ::1 /chemical_manage/index.php/Admin/img.php?image_id=1
INFO: [ app_init ] --START--
INFO: Run Behavior\BuildLiteBehavior [ RunTime:0.000000s ]
INFO: [ app_init ] --END-- [ RunTime:0.001000s ]
INFO: [ app_begin ] --START--
INFO: Run Behavior\ReadHtmlCacheBehavior [ RunTime:0.001000s ]
INFO: [ app_begin ] --END-- [ RunTime:0.001000s ]
SQL: SHOW COLUMNS FROM `chemicals` [ RunTime:0.0040s ]
NOTIC: [8] Undefined variable: model F:\Program Files (x86)\xampp\htdocs\chemical_manage\App\Admin\Controller\ImgController.class.php 第 20 行.

[ 2015-05-02T21:18:56+08:00 ] ::1 /chemical_manage/index.php/Admin/img.php?image_id=1
INFO: [ app_init ] --START--
INFO: Run Behavior\BuildLiteBehavior [ RunTime:0.000000s ]
INFO: [ app_init ] --END-- [ RunTime:0.001000s ]
INFO: [ app_begin ] --START--
INFO: Run Behavior\ReadHtmlCacheBehavior [ RunTime:0.001000s ]
INFO: [ app_begin ] --END-- [ RunTime:0.001000s ]
SQL: SHOW COLUMNS FROM `chemicals` [ RunTime:0.0040s ]
NOTIC: [8] Undefined variable: model F:\Program Files (x86)\xampp\htdocs\chemical_manage\App\Admin\Controller\ImgController.class.php 第 20 行.

[ 2015-05-02T21:18:56+08:00 ] ::1 /chemical_manage/index.php/Admin/img.php?image_id=1
INFO: [ app_init ] --START--
INFO: Run Behavior\BuildLiteBehavior [ RunTime:0.000000s ]
INFO: [ app_init ] --END-- [ RunTime:0.000000s ]
INFO: [ app_begin ] --START--
INFO: Run Behavior\ReadHtmlCacheBehavior [ RunTime:0.000000s ]
INFO: [ app_begin ] --END-- [ RunTime:0.000000s ]
SQL: SHOW COLUMNS FROM `chemicals` [ RunTime:0.0030s ]
NOTIC: [8] Undefined variable: model F:\Program Files (x86)\xampp\htdocs\chemical_manage\App\Admin\Controller\ImgController.class.php 第 20 行.

[ 2015-05-02T21:18:56+08:00 ] ::1 /chemical_manage/index.php/Admin/img.php?image_id=1
INFO: [ app_init ] --START--
INFO: Run Behavior\BuildLiteBehavior [ RunTime:0.000000s ]
INFO: [ app_init ] --END-- [ RunTime:0.001000s ]
INFO: [ app_begin ] --START--
INFO: Run Behavior\ReadHtmlCacheBehavior [ RunTime:0.001000s ]
INFO: [ app_begin ] --END-- [ RunTime:0.001000s ]
SQL: SHOW COLUMNS FROM `chemicals` [ RunTime:0.0030s ]
NOTIC: [8] Undefined variable: model F:\Program Files (x86)\xampp\htdocs\chemical_manage\App\Admin\Controller\ImgController.class.php 第 20 行.

[ 2015-05-02T21:18:56+08:00 ] ::1 /chemical_manage/index.php/Admin/img.php?image_id=1
INFO: [ app_init ] --START--
INFO: Run Behavior\BuildLiteBehavior [ RunTime:0.000000s ]
INFO: [ app_init ] --END-- [ RunTime:0.000000s ]
INFO: [ app_begin ] --START--
INFO: Run Behavior\ReadHtmlCacheBehavior [ RunTime:0.001001s ]
INFO: [ app_begin ] --END-- [ RunTime:0.001001s ]
SQL: SHOW COLUMNS FROM `chemicals` [ RunTime:0.0040s ]
NOTIC: [8] Undefined variable: model F:\Program Files (x86)\xampp\htdocs\chemical_manage\App\Admin\Controller\ImgController.class.php 第 20 行.

[ 2015-05-02T21:18:56+08:00 ] ::1 /chemical_manage/index.php/Admin/img.php?image_id=1
INFO: [ app_init ] --START--
INFO: Run Behavior\BuildLiteBehavior [ RunTime:0.000000s ]
INFO: [ app_init ] --END-- [ RunTime:0.001000s ]
INFO: [ app_begin ] --START--
INFO: Run Behavior\ReadHtmlCacheBehavior [ RunTime:0.001000s ]
INFO: [ app_begin ] --END-- [ RunTime:0.001000s ]
SQL: SHOW COLUMNS FROM `chemicals` [ RunTime:0.0040s ]
NOTIC: [8] Undefined variable: model F:\Program Files (x86)\xampp\htdocs\chemical_manage\App\Admin\Controller\ImgController.class.php 第 20 行.

[ 2015-05-02T21:18:57+08:00 ] ::1 /chemical_manage/index.php/Admin/img.php?image_id=1
INFO: [ app_init ] --START--
INFO: Run Behavior\BuildLiteBehavior [ RunTime:0.000000s ]
INFO: [ app_init ] --END-- [ RunTime:0.000000s ]
INFO: [ app_begin ] --START--
INFO: Run Behavior\ReadHtmlCacheBehavior [ RunTime:0.000000s ]
INFO: [ app_begin ] --END-- [ RunTime:0.000000s ]
SQL: SHOW COLUMNS FROM `chemicals` [ RunTime:0.0040s ]
NOTIC: [8] Undefined variable: model F:\Program Files (x86)\xampp\htdocs\chemical_manage\App\Admin\Controller\ImgController.class.php 第 20 行.

[ 2015-05-02T21:18:57+08:00 ] ::1 /chemical_manage/index.php/Admin/img.php?image_id=1
INFO: [ app_init ] --START--
INFO: Run Behavior\BuildLiteBehavior [ RunTime:0.000000s ]
INFO: [ app_init ] --END-- [ RunTime:0.000000s ]
INFO: [ app_begin ] --START--
INFO: Run Behavior\ReadHtmlCacheBehavior [ RunTime:0.000000s ]
INFO: [ app_begin ] --END-- [ RunTime:0.000000s ]
SQL: SHOW COLUMNS FROM `chemicals` [ RunTime:0.0340s ]
NOTIC: [8] Undefined variable: model F:\Program Files (x86)\xampp\htdocs\chemical_manage\App\Admin\Controller\ImgController.class.php 第 20 行.

[ 2015-05-02T21:19:09+08:00 ] ::1 /chemical_manage/index.php/Admin/img.php?image_id=1
INFO: [ app_init ] --START--
INFO: Run Behavior\BuildLiteBehavior [ RunTime:0.000000s ]
INFO: [ app_init ] --END-- [ RunTime:0.001000s ]
INFO: [ app_begin ] --START--
INFO: Run Behavior\ReadHtmlCacheBehavior [ RunTime:0.001000s ]
INFO: [ app_begin ] --END-- [ RunTime:0.001000s ]
SQL: SHOW COLUMNS FROM `chemicals` [ RunTime:0.0030s ]
NOTIC: [8] Undefined variable: model F:\Program Files (x86)\xampp\htdocs\chemical_manage\App\Admin\Controller\ImgController.class.php 第 20 行.

[ 2015-05-02T21:19:10+08:00 ] ::1 /chemical_manage/index.php/Admin/img.php?image_id=1
INFO: [ app_init ] --START--
INFO: Run Behavior\BuildLiteBehavior [ RunTime:0.000000s ]
INFO: [ app_init ] --END-- [ RunTime:0.000000s ]
INFO: [ app_begin ] --START--
INFO: Run Behavior\ReadHtmlCacheBehavior [ RunTime:0.000000s ]
INFO: [ app_begin ] --END-- [ RunTime:0.000000s ]
SQL: SHOW COLUMNS FROM `chemicals` [ RunTime:0.0040s ]
NOTIC: [8] Undefined variable: model F:\Program Files (x86)\xampp\htdocs\chemical_manage\App\Admin\Controller\ImgController.class.php 第 20 行.

[ 2015-05-02T21:19:11+08:00 ] ::1 /chemical_manage/index.php/Admin/img.php?image_id=1
INFO: [ app_init ] --START--
INFO: Run Behavior\BuildLiteBehavior [ RunTime:0.000000s ]
INFO: [ app_init ] --END-- [ RunTime:0.000000s ]
INFO: [ app_begin ] --START--
INFO: Run Behavior\ReadHtmlCacheBehavior [ RunTime:0.001000s ]
INFO: [ app_begin ] --END-- [ RunTime:0.001000s ]
SQL: SHOW COLUMNS FROM `chemicals` [ RunTime:0.0060s ]
NOTIC: [8] Undefined variable: model F:\Program Files (x86)\xampp\htdocs\chemical_manage\App\Admin\Controller\ImgController.class.php 第 20 行.

[ 2015-05-02T21:19:11+08:00 ] ::1 /chemical_manage/index.php/Admin/img.php?image_id=1
INFO: [ app_init ] --START--
INFO: Run Behavior\BuildLiteBehavior [ RunTime:0.000000s ]
INFO: [ app_init ] --END-- [ RunTime:0.001000s ]
INFO: [ app_begin ] --START--
INFO: Run Behavior\ReadHtmlCacheBehavior [ RunTime:0.001000s ]
INFO: [ app_begin ] --END-- [ RunTime:0.001000s ]
SQL: SHOW COLUMNS FROM `chemicals` [ RunTime:0.0030s ]
NOTIC: [8] Undefined variable: model F:\Program Files (x86)\xampp\htdocs\chemical_manage\App\Admin\Controller\ImgController.class.php 第 20 行.

[ 2015-05-02T21:19:11+08:00 ] ::1 /chemical_manage/index.php/Admin/img.php?image_id=1
INFO: [ app_init ] --START--
INFO: Run Behavior\BuildLiteBehavior [ RunTime:0.000000s ]
INFO: [ app_init ] --END-- [ RunTime:0.001000s ]
INFO: [ app_begin ] --START--
INFO: Run Behavior\ReadHtmlCacheBehavior [ RunTime:0.001000s ]
INFO: [ app_begin ] --END-- [ RunTime:0.001000s ]
SQL: SHOW COLUMNS FROM `chemicals` [ RunTime:0.0030s ]
NOTIC: [8] Undefined variable: model F:\Program Files (x86)\xampp\htdocs\chemical_manage\App\Admin\Controller\ImgController.class.php 第 20 行.

[ 2015-05-02T21:19:12+08:00 ] ::1 /chemical_manage/index.php/Admin/Test
INFO: [ app_init ] --START--
INFO: Run Behavior\BuildLiteBehavior [ RunTime:0.000000s ]
INFO: [ app_init ] --END-- [ RunTime:0.000000s ]
INFO: [ app_begin ] --START--
INFO: Run Behavior\ReadHtmlCacheBehavior [ RunTime:0.001000s ]
INFO: [ app_begin ] --END-- [ RunTime:0.001000s ]
NOTIC: [2048] Declaration of Admin\Controller\TestController::show() should be compatible with Think\Controller::show($content, $charset = '', $contentType = '', $prefix = '') F:\Program Files (x86)\xampp\htdocs\chemical_manage\App\Admin\Controller\TestController.class.php 第 9 行.
SQL: SHOW COLUMNS FROM `chemicals` [ RunTime:0.0040s ]
SQL: SHOW COLUMNS FROM `chemicals` [ RunTime:0.0040s ]
SQL: SELECT * FROM `chemicals` WHERE `id` = 1  [ RunTime:0.0010s ]
NOTIC: [8] Undefined index: CAS_registry_number F:\Program Files (x86)\xampp\htdocs\chemical_manage\App\Admin\Dao\ChemicalDao.class.php 第 41 行.
INFO: [ app_end ] --START--
INFO: Run Behavior\ShowPageTraceBehavior [ RunTime:0.001000s ]
INFO: [ app_end ] --END-- [ RunTime:0.001000s ]

[ 2015-05-02T21:19:12+08:00 ] ::1 /chemical_manage/index.php/Admin/Test
INFO: [ app_init ] --START--
INFO: Run Behavior\BuildLiteBehavior [ RunTime:0.000000s ]
INFO: [ app_init ] --END-- [ RunTime:0.000000s ]
INFO: [ app_begin ] --START--
INFO: Run Behavior\ReadHtmlCacheBehavior [ RunTime:0.001000s ]
INFO: [ app_begin ] --END-- [ RunTime:0.001000s ]
NOTIC: [2048] Declaration of Admin\Controller\TestController::show() should be compatible with Think\Controller::show($content, $charset = '', $contentType = '', $prefix = '') F:\Program Files (x86)\xampp\htdocs\chemical_manage\App\Admin\Controller\TestController.class.php 第 9 行.
SQL: SHOW COLUMNS FROM `chemicals` [ RunTime:0.0030s ]
SQL: SHOW COLUMNS FROM `chemicals` [ RunTime:0.0430s ]
SQL: SELECT * FROM `chemicals` WHERE `id` = 1  [ RunTime:0.0010s ]
NOTIC: [8] Undefined index: CAS_registry_number F:\Program Files (x86)\xampp\htdocs\chemical_manage\App\Admin\Dao\ChemicalDao.class.php 第 41 行.
INFO: [ app_end ] --START--
INFO: Run Behavior\ShowPageTraceBehavior [ RunTime:0.001000s ]
INFO: [ app_end ] --END-- [ RunTime:0.001000s ]

[ 2015-05-02T21:19:12+08:00 ] ::1 /chemical_manage/index.php/Admin/Test
INFO: [ app_init ] --START--
INFO: Run Behavior\BuildLiteBehavior [ RunTime:0.000000s ]
INFO: [ app_init ] --END-- [ RunTime:0.000000s ]
INFO: [ app_begin ] --START--
INFO: Run Behavior\ReadHtmlCacheBehavior [ RunTime:0.000000s ]
INFO: [ app_begin ] --END-- [ RunTime:0.000000s ]
NOTIC: [2048] Declaration of Admin\Controller\TestController::show() should be compatible with Think\Controller::show($content, $charset = '', $contentType = '', $prefix = '') F:\Program Files (x86)\xampp\htdocs\chemical_manage\App\Admin\Controller\TestController.class.php 第 9 行.
SQL: SHOW COLUMNS FROM `chemicals` [ RunTime:0.0030s ]
SQL: SHOW COLUMNS FROM `chemicals` [ RunTime:0.0300s ]
SQL: SELECT * FROM `chemicals` WHERE `id` = 1  [ RunTime:0.0000s ]
NOTIC: [8] Undefined index: CAS_registry_number F:\Program Files (x86)\xampp\htdocs\chemical_manage\App\Admin\Dao\ChemicalDao.class.php 第 41 行.
INFO: [ app_end ] --START--
INFO: Run Behavior\ShowPageTraceBehavior [ RunTime:0.000000s ]
INFO: [ app_end ] --END-- [ RunTime:0.000000s ]

[ 2015-05-02T21:19:13+08:00 ] ::1 /chemical_manage/index.php/Admin/img.php?image_id=1
INFO: [ app_init ] --START--
INFO: Run Behavior\BuildLiteBehavior [ RunTime:0.000000s ]
INFO: [ app_init ] --END-- [ RunTime:0.002000s ]
INFO: [ app_begin ] --START--
INFO: Run Behavior\ReadHtmlCacheBehavior [ RunTime:0.001000s ]
INFO: [ app_begin ] --END-- [ RunTime:0.002000s ]
SQL: SHOW COLUMNS FROM `chemicals` [ RunTime:0.0060s ]
NOTIC: [8] Undefined variable: model F:\Program Files (x86)\xampp\htdocs\chemical_manage\App\Admin\Controller\ImgController.class.php 第 20 行.

[ 2015-05-02T21:27:07+08:00 ] ::1 /chemical_manage/index.php/Admin/img.php?image_id=1
INFO: [ app_init ] --START--
INFO: Run Behavior\BuildLiteBehavior [ RunTime:0.000000s ]
INFO: [ app_init ] --END-- [ RunTime:0.000000s ]
INFO: [ app_begin ] --START--
INFO: Run Behavior\ReadHtmlCacheBehavior [ RunTime:0.001000s ]
INFO: [ app_begin ] --END-- [ RunTime:0.001000s ]
SQL: SHOW COLUMNS FROM `chemicals` [ RunTime:0.0040s ]
SQL: SHOW COLUMNS FROM `chemicals` [ RunTime:0.0050s ]
NOTIC: [8] Undefined variable: model F:\Program Files (x86)\xampp\htdocs\chemical_manage\App\Admin\Dao\ImgDao.class.php 第 22 行.

[ 2015-05-02T21:27:08+08:00 ] ::1 /chemical_manage/index.php/Admin/img.php?image_id=1
INFO: [ app_init ] --START--
INFO: Run Behavior\BuildLiteBehavior [ RunTime:0.000000s ]
INFO: [ app_init ] --END-- [ RunTime:0.000000s ]
INFO: [ app_begin ] --START--
INFO: Run Behavior\ReadHtmlCacheBehavior [ RunTime:0.000000s ]
INFO: [ app_begin ] --END-- [ RunTime:0.000000s ]
SQL: SHOW COLUMNS FROM `chemicals` [ RunTime:0.0040s ]
SQL: SHOW COLUMNS FROM `chemicals` [ RunTime:0.0040s ]
NOTIC: [8] Undefined variable: model F:\Program Files (x86)\xampp\htdocs\chemical_manage\App\Admin\Dao\ImgDao.class.php 第 22 行.

[ 2015-05-02T21:27:09+08:00 ] ::1 /chemical_manage/index.php/Admin/img.php?image_id=1
INFO: [ app_init ] --START--
INFO: Run Behavior\BuildLiteBehavior [ RunTime:0.000000s ]
INFO: [ app_init ] --END-- [ RunTime:0.000000s ]
INFO: [ app_begin ] --START--
INFO: Run Behavior\ReadHtmlCacheBehavior [ RunTime:0.001000s ]
INFO: [ app_begin ] --END-- [ RunTime:0.001000s ]
SQL: SHOW COLUMNS FROM `chemicals` [ RunTime:0.0090s ]
SQL: SHOW COLUMNS FROM `chemicals` [ RunTime:0.0030s ]
NOTIC: [8] Undefined variable: model F:\Program Files (x86)\xampp\htdocs\chemical_manage\App\Admin\Dao\ImgDao.class.php 第 22 行.

[ 2015-05-02T21:27:09+08:00 ] ::1 /chemical_manage/index.php/Admin/img.php?image_id=1
INFO: [ app_init ] --START--
INFO: Run Behavior\BuildLiteBehavior [ RunTime:0.000000s ]
INFO: [ app_init ] --END-- [ RunTime:0.000000s ]
INFO: [ app_begin ] --START--
INFO: Run Behavior\ReadHtmlCacheBehavior [ RunTime:0.001000s ]
INFO: [ app_begin ] --END-- [ RunTime:0.001000s ]
SQL: SHOW COLUMNS FROM `chemicals` [ RunTime:0.0040s ]
SQL: SHOW COLUMNS FROM `chemicals` [ RunTime:0.0040s ]
NOTIC: [8] Undefined variable: model F:\Program Files (x86)\xampp\htdocs\chemical_manage\App\Admin\Dao\ImgDao.class.php 第 22 行.

[ 2015-05-02T21:27:09+08:00 ] ::1 /chemical_manage/index.php/Admin/img.php?image_id=1
INFO: [ app_init ] --START--
INFO: Run Behavior\BuildLiteBehavior [ RunTime:0.000000s ]
INFO: [ app_init ] --END-- [ RunTime:0.000000s ]
INFO: [ app_begin ] --START--
INFO: Run Behavior\ReadHtmlCacheBehavior [ RunTime:0.000000s ]
INFO: [ app_begin ] --END-- [ RunTime:0.000000s ]
SQL: SHOW COLUMNS FROM `chemicals` [ RunTime:0.0040s ]
SQL: SHOW COLUMNS FROM `chemicals` [ RunTime:0.0030s ]
NOTIC: [8] Undefined variable: model F:\Program Files (x86)\xampp\htdocs\chemical_manage\App\Admin\Dao\ImgDao.class.php 第 22 行.

[ 2015-05-02T21:28:23+08:00 ] ::1 /chemical_manage/index.php/Admin/img.php?image_id=1
INFO: [ app_init ] --START--
INFO: Run Behavior\BuildLiteBehavior [ RunTime:0.000000s ]
INFO: [ app_init ] --END-- [ RunTime:0.001000s ]
INFO: [ app_begin ] --START--
INFO: Run Behavior\ReadHtmlCacheBehavior [ RunTime:0.000000s ]
INFO: [ app_begin ] --END-- [ RunTime:0.000000s ]
SQL: SHOW COLUMNS FROM `chemicals` [ RunTime:0.0030s ]
SQL: SHOW COLUMNS FROM `chemicals` [ RunTime:0.0060s ]
NOTIC: [8] Undefined variable: model F:\Program Files (x86)\xampp\htdocs\chemical_manage\App\Admin\Dao\ImgDao.class.php 第 22 行.

[ 2015-05-02T21:28:24+08:00 ] ::1 /chemical_manage/index.php/Admin/img.php?image_id=1
INFO: [ app_init ] --START--
INFO: Run Behavior\BuildLiteBehavior [ RunTime:0.000000s ]
INFO: [ app_init ] --END-- [ RunTime:0.000000s ]
INFO: [ app_begin ] --START--
INFO: Run Behavior\ReadHtmlCacheBehavior [ RunTime:0.001000s ]
INFO: [ app_begin ] --END-- [ RunTime:0.001000s ]
SQL: SHOW COLUMNS FROM `chemicals` [ RunTime:0.0040s ]
SQL: SHOW COLUMNS FROM `chemicals` [ RunTime:0.0040s ]
NOTIC: [8] Undefined variable: model F:\Program Files (x86)\xampp\htdocs\chemical_manage\App\Admin\Dao\ImgDao.class.php 第 22 行.

[ 2015-05-02T21:28:24+08:00 ] ::1 /chemical_manage/index.php/Admin/img.php?image_id=1
INFO: [ app_init ] --START--
INFO: Run Behavior\BuildLiteBehavior [ RunTime:0.000000s ]
INFO: [ app_init ] --END-- [ RunTime:0.001000s ]
INFO: [ app_begin ] --START--
INFO: Run Behavior\ReadHtmlCacheBehavior [ RunTime:0.000000s ]
INFO: [ app_begin ] --END-- [ RunTime:0.000000s ]
SQL: SHOW COLUMNS FROM `chemicals` [ RunTime:0.0050s ]
SQL: SHOW COLUMNS FROM `chemicals` [ RunTime:0.0050s ]
NOTIC: [8] Undefined variable: model F:\Program Files (x86)\xampp\htdocs\chemical_manage\App\Admin\Dao\ImgDao.class.php 第 22 行.

[ 2015-05-02T21:28:24+08:00 ] ::1 /chemical_manage/index.php/Admin/img.php?image_id=1
INFO: [ app_init ] --START--
INFO: Run Behavior\BuildLiteBehavior [ RunTime:0.000000s ]
INFO: [ app_init ] --END-- [ RunTime:0.000000s ]
INFO: [ app_begin ] --START--
INFO: Run Behavior\ReadHtmlCacheBehavior [ RunTime:0.001000s ]
INFO: [ app_begin ] --END-- [ RunTime:0.001000s ]
SQL: SHOW COLUMNS FROM `chemicals` [ RunTime:0.0040s ]
SQL: SHOW COLUMNS FROM `chemicals` [ RunTime:0.0030s ]
NOTIC: [8] Undefined variable: model F:\Program Files (x86)\xampp\htdocs\chemical_manage\App\Admin\Dao\ImgDao.class.php 第 22 行.

[ 2015-05-02T21:28:24+08:00 ] ::1 /chemical_manage/index.php/Admin/img.php?image_id=1
INFO: [ app_init ] --START--
INFO: Run Behavior\BuildLiteBehavior [ RunTime:0.001000s ]
INFO: [ app_init ] --END-- [ RunTime:0.001000s ]
INFO: [ app_begin ] --START--
INFO: Run Behavior\ReadHtmlCacheBehavior [ RunTime:0.001000s ]
INFO: [ app_begin ] --END-- [ RunTime:0.001000s ]
SQL: SHOW COLUMNS FROM `chemicals` [ RunTime:0.0040s ]
SQL: SHOW COLUMNS FROM `chemicals` [ RunTime:0.0030s ]
NOTIC: [8] Undefined variable: model F:\Program Files (x86)\xampp\htdocs\chemical_manage\App\Admin\Dao\ImgDao.class.php 第 22 行.

[ 2015-05-02T21:28:24+08:00 ] ::1 /chemical_manage/index.php/Admin/img.php?image_id=1
INFO: [ app_init ] --START--
INFO: Run Behavior\BuildLiteBehavior [ RunTime:0.000000s ]
INFO: [ app_init ] --END-- [ RunTime:0.000000s ]
INFO: [ app_begin ] --START--
INFO: Run Behavior\ReadHtmlCacheBehavior [ RunTime:0.000000s ]
INFO: [ app_begin ] --END-- [ RunTime:0.000000s ]
SQL: SHOW COLUMNS FROM `chemicals` [ RunTime:0.0030s ]
SQL: SHOW COLUMNS FROM `chemicals` [ RunTime:0.0030s ]
NOTIC: [8] Undefined variable: model F:\Program Files (x86)\xampp\htdocs\chemical_manage\App\Admin\Dao\ImgDao.class.php 第 22 行.

[ 2015-05-02T21:28:24+08:00 ] ::1 /chemical_manage/index.php/Admin/img.php?image_id=1
INFO: [ app_init ] --START--
INFO: Run Behavior\BuildLiteBehavior [ RunTime:0.000000s ]
INFO: [ app_init ] --END-- [ RunTime:0.001000s ]
INFO: [ app_begin ] --START--
INFO: Run Behavior\ReadHtmlCacheBehavior [ RunTime:0.001000s ]
INFO: [ app_begin ] --END-- [ RunTime:0.001000s ]
SQL: SHOW COLUMNS FROM `chemicals` [ RunTime:0.0050s ]
SQL: SHOW COLUMNS FROM `chemicals` [ RunTime:0.0040s ]
NOTIC: [8] Undefined variable: model F:\Program Files (x86)\xampp\htdocs\chemical_manage\App\Admin\Dao\ImgDao.class.php 第 22 行.

[ 2015-05-02T21:28:25+08:00 ] ::1 /chemical_manage/index.php/Admin/img.php?image_id=1
INFO: [ app_init ] --START--
INFO: Run Behavior\BuildLiteBehavior [ RunTime:0.000000s ]
INFO: [ app_init ] --END-- [ RunTime:0.001000s ]
INFO: [ app_begin ] --START--
INFO: Run Behavior\ReadHtmlCacheBehavior [ RunTime:0.001000s ]
INFO: [ app_begin ] --END-- [ RunTime:0.001000s ]
SQL: SHOW COLUMNS FROM `chemicals` [ RunTime:0.0030s ]
SQL: SHOW COLUMNS FROM `chemicals` [ RunTime:0.0030s ]
NOTIC: [8] Undefined variable: model F:\Program Files (x86)\xampp\htdocs\chemical_manage\App\Admin\Dao\ImgDao.class.php 第 22 行.

[ 2015-05-02T21:28:25+08:00 ] ::1 /chemical_manage/index.php/Admin/img.php?image_id=1
INFO: [ app_init ] --START--
INFO: Run Behavior\BuildLiteBehavior [ RunTime:0.000000s ]
INFO: [ app_init ] --END-- [ RunTime:0.000000s ]
INFO: [ app_begin ] --START--
INFO: Run Behavior\ReadHtmlCacheBehavior [ RunTime:0.000000s ]
INFO: [ app_begin ] --END-- [ RunTime:0.000000s ]
SQL: SHOW COLUMNS FROM `chemicals` [ RunTime:0.0040s ]
SQL: SHOW COLUMNS FROM `chemicals` [ RunTime:0.0040s ]
NOTIC: [8] Undefined variable: model F:\Program Files (x86)\xampp\htdocs\chemical_manage\App\Admin\Dao\ImgDao.class.php 第 22 行.

[ 2015-05-02T21:28:26+08:00 ] ::1 /chemical_manage/index.php/Admin/Test
INFO: [ app_init ] --START--
INFO: Run Behavior\BuildLiteBehavior [ RunTime:0.000000s ]
INFO: [ app_init ] --END-- [ RunTime:0.001000s ]
INFO: [ app_begin ] --START--
INFO: Run Behavior\ReadHtmlCacheBehavior [ RunTime:0.001000s ]
INFO: [ app_begin ] --END-- [ RunTime:0.001000s ]
NOTIC: [2048] Declaration of Admin\Controller\TestController::show() should be compatible with Think\Controller::show($content, $charset = '', $contentType = '', $prefix = '') F:\Program Files (x86)\xampp\htdocs\chemical_manage\App\Admin\Controller\TestController.class.php 第 9 行.
SQL: SHOW COLUMNS FROM `chemicals` [ RunTime:0.0040s ]
SQL: SHOW COLUMNS FROM `chemicals` [ RunTime:0.0030s ]
SQL: SELECT * FROM `chemicals` WHERE `id` = 1  [ RunTime:0.0010s ]
NOTIC: [8] Undefined index: CAS_registry_number F:\Program Files (x86)\xampp\htdocs\chemical_manage\App\Admin\Dao\ChemicalDao.class.php 第 42 行.
INFO: [ app_end ] --START--
INFO: Run Behavior\ShowPageTraceBehavior [ RunTime:0.001000s ]
INFO: [ app_end ] --END-- [ RunTime:0.001000s ]

[ 2015-05-02T21:28:26+08:00 ] ::1 /chemical_manage/index.php/Admin/Test
INFO: [ app_init ] --START--
INFO: Run Behavior\BuildLiteBehavior [ RunTime:0.000000s ]
INFO: [ app_init ] --END-- [ RunTime:0.000000s ]
INFO: [ app_begin ] --START--
INFO: Run Behavior\ReadHtmlCacheBehavior [ RunTime:0.000000s ]
INFO: [ app_begin ] --END-- [ RunTime:0.000000s ]
NOTIC: [2048] Declaration of Admin\Controller\TestController::show() should be compatible with Think\Controller::show($content, $charset = '', $contentType = '', $prefix = '') F:\Program Files (x86)\xampp\htdocs\chemical_manage\App\Admin\Controller\TestController.class.php 第 9 行.
SQL: SHOW COLUMNS FROM `chemicals` [ RunTime:0.0030s ]
SQL: SHOW COLUMNS FROM `chemicals` [ RunTime:0.0030s ]
SQL: SELECT * FROM `chemicals` WHERE `id` = 1  [ RunTime:0.0010s ]
NOTIC: [8] Undefined index: CAS_registry_number F:\Program Files (x86)\xampp\htdocs\chemical_manage\App\Admin\Dao\ChemicalDao.class.php 第 42 行.
INFO: [ app_end ] --START--
INFO: Run Behavior\ShowPageTraceBehavior [ RunTime:0.000000s ]
INFO: [ app_end ] --END-- [ RunTime:0.000000s ]

[ 2015-05-02T21:28:27+08:00 ] ::1 /chemical_manage/index.php/Admin/Test
INFO: [ app_init ] --START--
INFO: Run Behavior\BuildLiteBehavior [ RunTime:0.000000s ]
INFO: [ app_init ] --END-- [ RunTime:0.000000s ]
INFO: [ app_begin ] --START--
INFO: Run Behavior\ReadHtmlCacheBehavior [ RunTime:0.001000s ]
INFO: [ app_begin ] --END-- [ RunTime:0.001000s ]
NOTIC: [2048] Declaration of Admin\Controller\TestController::show() should be compatible with Think\Controller::show($content, $charset = '', $contentType = '', $prefix = '') F:\Program Files (x86)\xampp\htdocs\chemical_manage\App\Admin\Controller\TestController.class.php 第 9 行.
SQL: SHOW COLUMNS FROM `chemicals` [ RunTime:0.0040s ]
SQL: SHOW COLUMNS FROM `chemicals` [ RunTime:0.0040s ]
SQL: SELECT * FROM `chemicals` WHERE `id` = 1  [ RunTime:0.0010s ]
NOTIC: [8] Undefined index: CAS_registry_number F:\Program Files (x86)\xampp\htdocs\chemical_manage\App\Admin\Dao\ChemicalDao.class.php 第 42 行.
INFO: [ app_end ] --START--
INFO: Run Behavior\ShowPageTraceBehavior [ RunTime:0.000000s ]
INFO: [ app_end ] --END-- [ RunTime:0.000000s ]

[ 2015-05-02T21:28:27+08:00 ] ::1 /chemical_manage/index.php/Admin/img.php?image_id=1
INFO: [ app_init ] --START--
INFO: Run Behavior\BuildLiteBehavior [ RunTime:0.000000s ]
INFO: [ app_init ] --END-- [ RunTime:0.000000s ]
INFO: [ app_begin ] --START--
INFO: Run Behavior\ReadHtmlCacheBehavior [ RunTime:0.001000s ]
INFO: [ app_begin ] --END-- [ RunTime:0.001000s ]
SQL: SHOW COLUMNS FROM `chemicals` [ RunTime:0.0040s ]
SQL: SHOW COLUMNS FROM `chemicals` [ RunTime:0.0050s ]
NOTIC: [8] Undefined variable: model F:\Program Files (x86)\xampp\htdocs\chemical_manage\App\Admin\Dao\ImgDao.class.php 第 22 行.

[ 2015-05-02T21:28:56+08:00 ] ::1 /chemical_manage/index.php/Admin/img.php?image_id=1
INFO: [ app_init ] --START--
INFO: Run Behavior\BuildLiteBehavior [ RunTime:0.000000s ]
INFO: [ app_init ] --END-- [ RunTime:0.000000s ]
INFO: [ app_begin ] --START--
INFO: Run Behavior\ReadHtmlCacheBehavior [ RunTime:0.001000s ]
INFO: [ app_begin ] --END-- [ RunTime:0.001000s ]
SQL: SHOW COLUMNS FROM `chemicals` [ RunTime:0.0030s ]
SQL: SHOW COLUMNS FROM `chemicals` [ RunTime:0.0030s ]

[ 2015-05-02T21:28:56+08:00 ] ::1 /chemical_manage/index.php/Admin/img.php?image_id=1
INFO: [ app_init ] --START--
INFO: Run Behavior\BuildLiteBehavior [ RunTime:0.001000s ]
INFO: [ app_init ] --END-- [ RunTime:0.001000s ]
INFO: [ app_begin ] --START--
INFO: Run Behavior\ReadHtmlCacheBehavior [ RunTime:0.001000s ]
INFO: [ app_begin ] --END-- [ RunTime:0.001000s ]
SQL: SHOW COLUMNS FROM `chemicals` [ RunTime:0.0040s ]
SQL: SHOW COLUMNS FROM `chemicals` [ RunTime:0.0040s ]

[ 2015-05-02T21:28:57+08:00 ] ::1 /chemical_manage/index.php/Admin/img.php?image_id=1
INFO: [ app_init ] --START--
INFO: Run Behavior\BuildLiteBehavior [ RunTime:0.000000s ]
INFO: [ app_init ] --END-- [ RunTime:0.001000s ]
INFO: [ app_begin ] --START--
INFO: Run Behavior\ReadHtmlCacheBehavior [ RunTime:0.001001s ]
INFO: [ app_begin ] --END-- [ RunTime:0.001001s ]
SQL: SHOW COLUMNS FROM `chemicals` [ RunTime:0.0040s ]
SQL: SHOW COLUMNS FROM `chemicals` [ RunTime:0.0040s ]

[ 2015-05-02T21:28:57+08:00 ] ::1 /chemical_manage/index.php/Admin/img.php?image_id=1
INFO: [ app_init ] --START--
INFO: Run Behavior\BuildLiteBehavior [ RunTime:0.000000s ]
INFO: [ app_init ] --END-- [ RunTime:0.001000s ]
INFO: [ app_begin ] --START--
INFO: Run Behavior\ReadHtmlCacheBehavior [ RunTime:0.001000s ]
INFO: [ app_begin ] --END-- [ RunTime:0.001000s ]
SQL: SHOW COLUMNS FROM `chemicals` [ RunTime:0.0040s ]
SQL: SHOW COLUMNS FROM `chemicals` [ RunTime:0.0030s ]

[ 2015-05-02T21:28:57+08:00 ] ::1 /chemical_manage/index.php/Admin/img.php?image_id=1
INFO: [ app_init ] --START--
INFO: Run Behavior\BuildLiteBehavior [ RunTime:0.000000s ]
INFO: [ app_init ] --END-- [ RunTime:0.000000s ]
INFO: [ app_begin ] --START--
INFO: Run Behavior\ReadHtmlCacheBehavior [ RunTime:0.000000s ]
INFO: [ app_begin ] --END-- [ RunTime:0.000000s ]
SQL: SHOW COLUMNS FROM `chemicals` [ RunTime:0.0030s ]
SQL: SHOW COLUMNS FROM `chemicals` [ RunTime:0.0030s ]

[ 2015-05-02T21:29:00+08:00 ] ::1 /chemical_manage/index.php/Admin/Test
INFO: [ app_init ] --START--
INFO: Run Behavior\BuildLiteBehavior [ RunTime:0.000000s ]
INFO: [ app_init ] --END-- [ RunTime:0.000000s ]
INFO: [ app_begin ] --START--
INFO: Run Behavior\ReadHtmlCacheBehavior [ RunTime:0.001000s ]
INFO: [ app_begin ] --END-- [ RunTime:0.001000s ]
NOTIC: [2048] Declaration of Admin\Controller\TestController::show() should be compatible with Think\Controller::show($content, $charset = '', $contentType = '', $prefix = '') F:\Program Files (x86)\xampp\htdocs\chemical_manage\App\Admin\Controller\TestController.class.php 第 9 行.
SQL: SHOW COLUMNS FROM `chemicals` [ RunTime:0.0040s ]
SQL: SHOW COLUMNS FROM `chemicals` [ RunTime:0.0060s ]
SQL: SELECT * FROM `chemicals` WHERE `id` = 1  [ RunTime:0.0010s ]
NOTIC: [8] Undefined index: CAS_registry_number F:\Program Files (x86)\xampp\htdocs\chemical_manage\App\Admin\Dao\ChemicalDao.class.php 第 42 行.
INFO: [ app_end ] --START--
INFO: Run Behavior\ShowPageTraceBehavior [ RunTime:0.001000s ]
INFO: [ app_end ] --END-- [ RunTime:0.001000s ]

[ 2015-05-02T21:29:00+08:00 ] ::1 /chemical_manage/index.php/Admin/Test
INFO: [ app_init ] --START--
INFO: Run Behavior\BuildLiteBehavior [ RunTime:0.000000s ]
INFO: [ app_init ] --END-- [ RunTime:0.000000s ]
INFO: [ app_begin ] --START--
INFO: Run Behavior\ReadHtmlCacheBehavior [ RunTime:0.000000s ]
INFO: [ app_begin ] --END-- [ RunTime:0.000000s ]
NOTIC: [2048] Declaration of Admin\Controller\TestController::show() should be compatible with Think\Controller::show($content, $charset = '', $contentType = '', $prefix = '') F:\Program Files (x86)\xampp\htdocs\chemical_manage\App\Admin\Controller\TestController.class.php 第 9 行.
SQL: SHOW COLUMNS FROM `chemicals` [ RunTime:0.0040s ]
SQL: SHOW COLUMNS FROM `chemicals` [ RunTime:0.0040s ]
SQL: SELECT * FROM `chemicals` WHERE `id` = 1  [ RunTime:0.0010s ]
NOTIC: [8] Undefined index: CAS_registry_number F:\Program Files (x86)\xampp\htdocs\chemical_manage\App\Admin\Dao\ChemicalDao.class.php 第 42 行.
INFO: [ app_end ] --START--
INFO: Run Behavior\ShowPageTraceBehavior [ RunTime:0.000000s ]
INFO: [ app_end ] --END-- [ RunTime:0.000000s ]

[ 2015-05-02T21:29:00+08:00 ] ::1 /chemical_manage/index.php/Admin/Test
INFO: [ app_init ] --START--
INFO: Run Behavior\BuildLiteBehavior [ RunTime:0.000000s ]
INFO: [ app_init ] --END-- [ RunTime:0.001001s ]
INFO: [ app_begin ] --START--
INFO: Run Behavior\ReadHtmlCacheBehavior [ RunTime:0.001000s ]
INFO: [ app_begin ] --END-- [ RunTime:0.001000s ]
NOTIC: [2048] Declaration of Admin\Controller\TestController::show() should be compatible with Think\Controller::show($content, $charset = '', $contentType = '', $prefix = '') F:\Program Files (x86)\xampp\htdocs\chemical_manage\App\Admin\Controller\TestController.class.php 第 9 行.
SQL: SHOW COLUMNS FROM `chemicals` [ RunTime:0.0050s ]
SQL: SHOW COLUMNS FROM `chemicals` [ RunTime:0.0270s ]
SQL: SELECT * FROM `chemicals` WHERE `id` = 1  [ RunTime:0.0010s ]
NOTIC: [8] Undefined index: CAS_registry_number F:\Program Files (x86)\xampp\htdocs\chemical_manage\App\Admin\Dao\ChemicalDao.class.php 第 42 行.
INFO: [ app_end ] --START--
INFO: Run Behavior\ShowPageTraceBehavior [ RunTime:0.001000s ]
INFO: [ app_end ] --END-- [ RunTime:0.001000s ]

[ 2015-05-02T21:29:00+08:00 ] ::1 /chemical_manage/index.php/Admin/Test
INFO: [ app_init ] --START--
INFO: Run Behavior\BuildLiteBehavior [ RunTime:0.000000s ]
INFO: [ app_init ] --END-- [ RunTime:0.000000s ]
INFO: [ app_begin ] --START--
INFO: Run Behavior\ReadHtmlCacheBehavior [ RunTime:0.001000s ]
INFO: [ app_begin ] --END-- [ RunTime:0.001000s ]
NOTIC: [2048] Declaration of Admin\Controller\TestController::show() should be compatible with Think\Controller::show($content, $charset = '', $contentType = '', $prefix = '') F:\Program Files (x86)\xampp\htdocs\chemical_manage\App\Admin\Controller\TestController.class.php 第 9 行.
SQL: SHOW COLUMNS FROM `chemicals` [ RunTime:0.0030s ]
SQL: SHOW COLUMNS FROM `chemicals` [ RunTime:0.0040s ]
SQL: SELECT * FROM `chemicals` WHERE `id` = 1  [ RunTime:0.0010s ]
NOTIC: [8] Undefined index: CAS_registry_number F:\Program Files (x86)\xampp\htdocs\chemical_manage\App\Admin\Dao\ChemicalDao.class.php 第 42 行.
INFO: [ app_end ] --START--
INFO: Run Behavior\ShowPageTraceBehavior [ RunTime:0.001000s ]
INFO: [ app_end ] --END-- [ RunTime:0.001000s ]

[ 2015-05-02T21:29:01+08:00 ] ::1 /chemical_manage/index.php/Admin/img.php?image_id=1
INFO: [ app_init ] --START--
INFO: Run Behavior\BuildLiteBehavior [ RunTime:0.000000s ]
INFO: [ app_init ] --END-- [ RunTime:0.000000s ]
INFO: [ app_begin ] --START--
INFO: Run Behavior\ReadHtmlCacheBehavior [ RunTime:0.001000s ]
INFO: [ app_begin ] --END-- [ RunTime:0.001000s ]
SQL: SHOW COLUMNS FROM `chemicals` [ RunTime:0.0040s ]
SQL: SHOW COLUMNS FROM `chemicals` [ RunTime:0.0060s ]

[ 2015-05-02T21:30:05+08:00 ] ::1 /chemical_manage/index.php/Admin/img.php?image_id=1
INFO: [ app_init ] --START--
INFO: Run Behavior\BuildLiteBehavior [ RunTime:0.000000s ]
INFO: [ app_init ] --END-- [ RunTime:0.001000s ]
INFO: [ app_begin ] --START--
INFO: Run Behavior\ReadHtmlCacheBehavior [ RunTime:0.001000s ]
INFO: [ app_begin ] --END-- [ RunTime:0.001000s ]
SQL: SHOW COLUMNS FROM `chemicals` [ RunTime:0.0040s ]
SQL: SHOW COLUMNS FROM `chemicals` [ RunTime:0.0030s ]
SQL: SELECT * FROM `chemicals` WHERE (  id='1' )  [ RunTime:0.0530s ]
INFO: [ app_end ] --START--
INFO: Run Behavior\ShowPageTraceBehavior [ RunTime:0.001000s ]
INFO: [ app_end ] --END-- [ RunTime:0.001000s ]

[ 2015-05-02T21:30:08+08:00 ] ::1 /chemical_manage/index.php/Admin/Test
INFO: [ app_init ] --START--
INFO: Run Behavior\BuildLiteBehavior [ RunTime:0.000000s ]
INFO: [ app_init ] --END-- [ RunTime:0.001000s ]
INFO: [ app_begin ] --START--
INFO: Run Behavior\ReadHtmlCacheBehavior [ RunTime:0.000000s ]
INFO: [ app_begin ] --END-- [ RunTime:0.001000s ]
NOTIC: [2048] Declaration of Admin\Controller\TestController::show() should be compatible with Think\Controller::show($content, $charset = '', $contentType = '', $prefix = '') F:\Program Files (x86)\xampp\htdocs\chemical_manage\App\Admin\Controller\TestController.class.php 第 9 行.
SQL: SHOW COLUMNS FROM `chemicals` [ RunTime:0.0030s ]
SQL: SHOW COLUMNS FROM `chemicals` [ RunTime:0.0030s ]
SQL: SELECT * FROM `chemicals` WHERE `id` = 1  [ RunTime:0.0000s ]
NOTIC: [8] Undefined index: CAS_registry_number F:\Program Files (x86)\xampp\htdocs\chemical_manage\App\Admin\Dao\ChemicalDao.class.php 第 42 行.
INFO: [ app_end ] --START--
INFO: Run Behavior\ShowPageTraceBehavior [ RunTime:0.001000s ]
INFO: [ app_end ] --END-- [ RunTime:0.001000s ]

[ 2015-05-02T21:30:08+08:00 ] ::1 /chemical_manage/index.php/Admin/img.php?image_id=1
INFO: [ app_init ] --START--
INFO: Run Behavior\BuildLiteBehavior [ RunTime:0.000000s ]
INFO: [ app_init ] --END-- [ RunTime:0.000000s ]
INFO: [ app_begin ] --START--
INFO: Run Behavior\ReadHtmlCacheBehavior [ RunTime:0.000000s ]
INFO: [ app_begin ] --END-- [ RunTime:0.000000s ]
SQL: SHOW COLUMNS FROM `chemicals` [ RunTime:0.0040s ]
SQL: SHOW COLUMNS FROM `chemicals` [ RunTime:0.0030s ]
SQL: SELECT * FROM `chemicals` WHERE (  id='1' )  [ RunTime:0.0000s ]
INFO: [ app_end ] --START--
INFO: Run Behavior\ShowPageTraceBehavior [ RunTime:0.000000s ]
INFO: [ app_end ] --END-- [ RunTime:0.000000s ]

